23:52:07 INFO  : Registering command handlers for SDK TCF services
23:52:07 INFO  : Launching XSCT server: xsct.bat -interactive E:\xfOpenCV\wksp_2018_1\temp_xsdb_launch_script.tcl
23:52:07 INFO  : Validating SDSoC License...
23:52:07 INFO  : License available for SDSoC
23:52:07 INFO  : Validating SDAccel License...
23:52:07 INFO  : License for SDAccel is unavailable
23:52:12 INFO  : XSCT server has started successfully.
23:52:12 INFO  : plnx-install-location is set to ''
23:52:12 INFO  : Successfully done setting XSCT server connection channel  
23:52:15 INFO  : Successfully done setting SDK workspace  
16:15:33 INFO  : Registering command handlers for SDK TCF services
16:15:35 INFO  : Launching XSCT server: xsct.bat -interactive E:\xfOpenCV\wksp_2018_1\temp_xsdb_launch_script.tcl
16:15:43 INFO  : XSCT server has started successfully.
16:15:44 INFO  : plnx-install-location is set to ''
16:15:44 INFO  : Successfully done setting XSCT server connection channel  
16:15:54 INFO  : Successfully done setting SDK workspace  
16:15:56 INFO  : Validating SDSoC License...
16:15:56 INFO  : License available for SDSoC
16:15:56 INFO  : Validating SDAccel License...
16:15:56 INFO  : License for SDAccel is unavailable
18:32:03 INFO  : Registering command handlers for SDK TCF services
18:32:05 INFO  : Launching XSCT server: xsct.bat -interactive E:\xfOpenCV\wksp_2018_1\temp_xsdb_launch_script.tcl
18:32:08 INFO  : Validating SDSoC License...
18:32:08 INFO  : License available for SDSoC
18:32:08 INFO  : Validating SDAccel License...
18:32:08 INFO  : License for SDAccel is unavailable
18:32:09 INFO  : XSCT server has started successfully.
18:32:10 INFO  : Successfully done setting XSCT server connection channel  
18:32:10 INFO  : plnx-install-location is set to ''
18:32:10 INFO  : Successfully done setting SDK workspace  
