==============================================================
File generated by Vivado(TM) HLS - High-Level Synthesis from C, C++ and SystemC
Version: 2018.1
Copyright (C) 1986-2018 Xilinx, Inc. All Rights Reserved.

==============================================================

INFO: [SYN 201-201] Setting up clock 'default' with a period of 10ns.
INFO: [SYN 201-201] Setting up clock 'default' with an uncertainty of 2.7ns.
INFO: [HLS 200-10] Setting target device to 'xc7z007sclg225-1'
INFO: [HLS 200-10] Analyzing design file '../../mz_libcaer_OF_HLS/ABMOF/abmof_hw_accel.cpp' ...
INFO: [HLS 200-10] Validating synthesis directives ...
INFO: [HLS 200-111] Finished Checking Pragmas Time (s): cpu = 00:00:01 ; elapsed = 00:00:06 . Memory (MB): peak = 103.125 ; gain = 45.352
INFO: [HLS 200-111] Finished Linking Time (s): cpu = 00:00:01 ; elapsed = 00:00:08 . Memory (MB): peak = 103.148 ; gain = 45.375
INFO: [HLS 200-10] Starting code transformations ...
INFO: [HLS 200-111] Finished Standard Transforms Time (s): cpu = 00:00:01 ; elapsed = 00:00:08 . Memory (MB): peak = 104.535 ; gain = 46.762
INFO: [HLS 200-10] Checking synthesizability ...
INFO: [XFORM 203-602] Inlining function 'resetCurrentSliceHW' into 'parseEvents' (../../mz_libcaer_OF_HLS/ABMOF/abmof_hw_accel.cpp:40) automatically.
INFO: [XFORM 203-602] Inlining function 'accumulateHW' into 'parseEvents' (../../mz_libcaer_OF_HLS/ABMOF/abmof_hw_accel.cpp:52) automatically.
INFO: [HLS 200-111] Finished Checking Synthesizability Time (s): cpu = 00:00:01 ; elapsed = 00:00:09 . Memory (MB): peak = 104.766 ; gain = 46.992
INFO: [XFORM 203-502] Unrolling all sub-loops inside loop 'resetSliceLoop' (../../mz_libcaer_OF_HLS/ABMOF/abmof_hw_accel.cpp:30) in function 'resetCurrentSliceHW' for pipelining.
WARNING: [XFORM 203-505] Ignored pipeline directive for loop 'resetSliceLoop2' (../../mz_libcaer_OF_HLS/ABMOF/abmof_hw_accel.cpp:32) because its parent loop or function is pipelined.
INFO: [XFORM 203-501] Unrolling loop 'resetSliceLoop2' (../../mz_libcaer_OF_HLS/ABMOF/abmof_hw_accel.cpp:32) in function 'resetCurrentSliceHW' completely.
WARNING: [XFORM 203-105] Cannot partition array 'glPLSlices' : incorrect partition factor 1.
INFO: [XFORM 203-602] Inlining function 'accumulateHW' into 'parseEvents' (../../mz_libcaer_OF_HLS/ABMOF/abmof_hw_accel.cpp:52) automatically.
INFO: [HLS 200-111] Finished Pre-synthesis Time (s): cpu = 00:00:02 ; elapsed = 00:00:09 . Memory (MB): peak = 126.125 ; gain = 68.352
INFO: [XFORM 203-541] Flattening a loop nest 'copyToPSLoop' (../../mz_libcaer_OF_HLS/ABMOF/abmof_hw_accel.cpp:18:3) in function 'copyToPS'.
WARNING: [XFORM 203-803] Argument name  'eventSlice' (../../mz_libcaer_OF_HLS/ABMOF/abmof_hw_accel.cpp:40:1) is equal to bundle name 'eventSlice.
' INFO: [XFORM 203-811] Inferring multiple bus burst write of a total cumulative length 240 on port 'eventSlice' (../../mz_libcaer_OF_HLS/ABMOF/abmof_hw_accel.cpp:21:4). These data requests might be further partitioned to multiple requests during RTL generation, based on max_read_burst_length or max_write_burst_length settings.
INFO: [HLS 200-111] Finished Architecture Synthesis Time (s): cpu = 00:00:03 ; elapsed = 00:00:11 . Memory (MB): peak = 157.773 ; gain = 100.000
INFO: [HLS 200-10] Starting hardware synthesis ...
INFO: [HLS 200-10] Synthesizing 'parseEvents' ...
INFO: [HLS 200-10] ----------------------------------------------------------------
INFO: [HLS 200-42] -- Implementing module 'resetCurrentSliceHW'
INFO: [HLS 200-10] ----------------------------------------------------------------
INFO: [SCHED 204-11] Starting scheduling ...
INFO: [SCHED 204-61] Pipelining loop 'resetSliceLoop'.
WARNING: [SCHED 204-69] Unable to schedule 'store' operation (../../mz_libcaer_OF_HLS/ABMOF/abmof_hw_accel.cpp:33) of constant 0 on array 'glPLSlices' due to limited memory ports. Please consider using a memory core with more ports or partitioning the array 'glPLSlices'.
INFO: [SCHED 204-61] Pipelining result : Target II = 1, Final II = 120, Depth = 120.
INFO: [SCHED 204-11] Finished scheduling.
INFO: [HLS 200-111]  Elapsed time: 27.379 seconds; current allocated memory: 113.475 MB.
INFO: [BIND 205-100] Starting micro-architecture generation ...
INFO: [BIND 205-101] Performing variable lifetime analysis.
INFO: [BIND 205-101] Exploring resource sharing.
INFO: [BIND 205-101] Binding ...
INFO: [BIND 205-100] Finished micro-architecture generation.
INFO: [HLS 200-111]  Elapsed time: 0.686 seconds; current allocated memory: 115.914 MB.
INFO: [HLS 200-10] ----------------------------------------------------------------
INFO: [HLS 200-42] -- Implementing module 'copyToPS'
INFO: [HLS 200-10] ----------------------------------------------------------------
INFO: [SCHED 204-11] Starting scheduling ...
INFO: [SCHED 204-61] Pipelining loop 'copyToPSLoop_copyToPS_label2'.
INFO: [SCHED 204-61] Pipelining result : Target II = 1, Final II = 1, Depth = 27.
INFO: [SCHED 204-11] Finished scheduling.
INFO: [HLS 200-111]  Elapsed time: 0.718 seconds; current allocated memory: 116.531 MB.
INFO: [BIND 205-100] Starting micro-architecture generation ...
INFO: [BIND 205-101] Performing variable lifetime analysis.
INFO: [BIND 205-101] Exploring resource sharing.
INFO: [BIND 205-101] Binding ...
INFO: [BIND 205-100] Finished micro-architecture generation.
INFO: [HLS 200-111]  Elapsed time: 0.197 seconds; current allocated memory: 116.849 MB.
INFO: [HLS 200-10] ----------------------------------------------------------------
INFO: [HLS 200-42] -- Implementing module 'parseEvents'
INFO: [HLS 200-10] ----------------------------------------------------------------
INFO: [SCHED 204-11] Starting scheduling ...
INFO: [SCHED 204-61] Pipelining loop 'loop_1'.
WARNING: [SCHED 204-68] Unable to enforce a carried dependence constraint (II = 1, distance = 1, offset = 1)
   between 'store' operation (../../mz_libcaer_OF_HLS/ABMOF/abmof_hw_accel.cpp:10->../../mz_libcaer_OF_HLS/ABMOF/abmof_hw_accel.cpp:52) of variable 'tmp_3_i', ../../mz_libcaer_OF_HLS/ABMOF/abmof_hw_accel.cpp:10->../../mz_libcaer_OF_HLS/ABMOF/abmof_hw_accel.cpp:52 on array 'glPLSlices' and 'load' operation ('glPLSlices_load', ../../mz_libcaer_OF_HLS/ABMOF/abmof_hw_accel.cpp:10->../../mz_libcaer_OF_HLS/ABMOF/abmof_hw_accel.cpp:52) on array 'glPLSlices'.
INFO: [SCHED 204-61] Pipelining result : Target II = 1, Final II = 2, Depth = 4.
WARNING: [SCHED 204-71] Latency directive discarded for region parseEvents since it contains subloops.
WARNING: [SCHED 204-21] Estimated clock period (8.423ns) exceeds the target (target clock period: 10ns, clock uncertainty: 2.7ns, effective delay budget: 7.3ns).
WARNING: [SCHED 204-21] The critical path consists of the following:
	'load' operation ('glPLSlices_load', ../../mz_libcaer_OF_HLS/ABMOF/abmof_hw_accel.cpp:10->../../mz_libcaer_OF_HLS/ABMOF/abmof_hw_accel.cpp:52) on array 'glPLSlices' (3.25 ns)
	'add' operation ('tmp_3_i', ../../mz_libcaer_OF_HLS/ABMOF/abmof_hw_accel.cpp:10->../../mz_libcaer_OF_HLS/ABMOF/abmof_hw_accel.cpp:52) (1.92 ns)
	'store' operation (../../mz_libcaer_OF_HLS/ABMOF/abmof_hw_accel.cpp:10->../../mz_libcaer_OF_HLS/ABMOF/abmof_hw_accel.cpp:52) of variable 'tmp_3_i', ../../mz_libcaer_OF_HLS/ABMOF/abmof_hw_accel.cpp:10->../../mz_libcaer_OF_HLS/ABMOF/abmof_hw_accel.cpp:52 on array 'glPLSlices' (3.25 ns)
INFO: [SCHED 204-11] Finished scheduling.
INFO: [HLS 200-111]  Elapsed time: 0.195 seconds; current allocated memory: 117.187 MB.
INFO: [BIND 205-100] Starting micro-architecture generation ...
INFO: [BIND 205-101] Performing variable lifetime analysis.
INFO: [BIND 205-101] Exploring resource sharing.
INFO: [BIND 205-101] Binding ...
INFO: [BIND 205-100] Finished micro-architecture generation.
INFO: [HLS 200-111]  Elapsed time: 0.387 seconds; current allocated memory: 117.560 MB.
INFO: [HLS 200-10] ----------------------------------------------------------------
INFO: [HLS 200-10] -- Generating RTL for module 'resetCurrentSliceHW'
INFO: [HLS 200-10] ----------------------------------------------------------------
INFO: [RTGEN 206-100] Finished creating RTL model for 'resetCurrentSliceHW'.
INFO: [HLS 200-111]  Elapsed time: 0.797 seconds; current allocated memory: 122.238 MB.
INFO: [HLS 200-10] ----------------------------------------------------------------
INFO: [HLS 200-10] -- Generating RTL for module 'copyToPS'
INFO: [HLS 200-10] ----------------------------------------------------------------
INFO: [SYN 201-210] Renamed object name 'parseEvents_urem_16ns_9ns_16_20_1' to 'parseEvents_urem_bkb' due to the length limit 20
INFO: [RTGEN 206-100] Generating core module 'parseEvents_urem_bkb': 2 instance(s).
INFO: [RTGEN 206-100] Finished creating RTL model for 'copyToPS'.
INFO: [HLS 200-111]  Elapsed time: 3.191 seconds; current allocated memory: 124.582 MB.
INFO: [HLS 200-10] ----------------------------------------------------------------
INFO: [HLS 200-10] -- Generating RTL for module 'parseEvents'
INFO: [HLS 200-10] ----------------------------------------------------------------
INFO: [RTGEN 206-500] Setting interface mode on port 'parseEvents/eventSlice' to 'm_axi'.
INFO: [RTGEN 206-500] Setting interface mode on port 'parseEvents/data' to 'ap_fifo'.
INFO: [RTGEN 206-500] Setting interface mode on port 'parseEvents/eventsArraySize' to 'ap_none'.
INFO: [RTGEN 206-500] Setting interface mode on port 'parseEvents/eventSlice_offset' to 'ap_none'.
INFO: [RTGEN 206-500] Setting interface mode on function 'parseEvents' to 'ap_ctrl_hs'.
INFO: [SYN 201-210] Renamed object name 'parseEvents_glPLSlices' to 'parseEvents_glPLScud' due to the length limit 20
INFO: [RTGEN 206-100] Finished creating RTL model for 'parseEvents'.
INFO: [HLS 200-111]  Elapsed time: 0.396 seconds; current allocated memory: 125.522 MB.
INFO: [RTMG 210-282] Generating pipelined core: 'a0_parseEvents_urem_bkb_div'
INFO: [RTMG 210-278] Implementing memory 'a0_parseEvents_glPLScud_ram (RAM)' using block RAMs with power-on initialization.
INFO: [HLS 200-111] Finished generating all RTL models Time (s): cpu = 00:00:24 ; elapsed = 00:00:37 . Memory (MB): peak = 473.484 ; gain = 415.711
INFO: [SYSC 207-301] Generating SystemC RTL for parseEvents with prefix a0_.
INFO: [VHDL 208-304] Generating VHDL RTL for parseEvents with prefix a0_.
INFO: [VLOG 209-307] Generating Verilog RTL for parseEvents with prefix a0_.
INFO: [HLS 200-112] Total elapsed time: 36.58 seconds; peak allocated memory: 125.522 MB.
