

================================================================
== Vivado HLS Report for 'copyToPS'
================================================================
* Date:           Thu Aug 23 23:59:09 2018

* Version:        2018.1 (Build 2188600 on Wed Apr 04 19:04:02 MDT 2018)
* Project:        parseEvents
* Solution:       solution2
* Product family: zynq
* Target device:  xc7z007sclg225-1


================================================================
== Performance Estimates
================================================================
+ Timing (ns): 
    * Summary: 
    +--------+-------+----------+------------+
    |  Clock | Target| Estimated| Uncertainty|
    +--------+-------+----------+------------+
    |ap_clk  |  10.00|      7.30|        2.70|
    +--------+-------+----------+------------+

+ Latency (clock cycles): 
    * Summary: 
    +-------+-------+-------+-------+---------+
    |    Latency    |    Interval   | Pipeline|
    |  min  |  max  |  min  |  max  |   Type  |
    +-------+-------+-------+-------+---------+
    |  43227|  43227|  43227|  43227|   none  |
    +-------+-------+-------+-------+---------+

    + Detail: 
        * Instance: 
        N/A

        * Loop: 
        +--------------------------------+-------+-------+----------+-----------+-----------+-------+----------+
        |                                |    Latency    | Iteration|  Initiation Interval  |  Trip |          |
        |            Loop Name           |  min  |  max  |  Latency |  achieved |   target  | Count | Pipelined|
        +--------------------------------+-------+-------+----------+-----------+-----------+-------+----------+
        |- copyToPSLoop_copyToPS_label2  |  43225|  43225|        27|          1|          1|  43200|    yes   |
        +--------------------------------+-------+-------+----------+-----------+-----------+-------+----------+

============================================================
+ Verbose Summary: Synthesis Manager
============================================================
InlineROM: 1
ExposeGlobal: 0
============================================================
+ Verbose Summary: CDFG Model
============================================================
IsTopModel: 0
ResetActiveHigh: 1
IsCombinational: 0
IsDatapathOnly: 0
HasWiredReturn: 1
HasMFsm: 0
HasVarLatency: 1
IsPipeline: 0
IsRtlPipelined: 0
IsInstanceOverlapped: 0
IsDontTouch: 0
HasImplIP: 0
IsGatedGlobalClock: 0

+ Individual pipeline summary: 
  * Pipeline-0: initiation interval (II) = 1, depth = 27


============================================================
+ Verbose Summary: Schedule
============================================================
* Number of FSM states : 29
* Pipeline : 1
  Pipeline-0 : II = 1, D = 27, States = { 2 3 4 5 6 7 8 9 10 11 12 13 14 15 16 17 18 19 20 21 22 23 24 25 26 27 28 }
* Dataflow Pipeline: 0

* FSM state transitions: 
1 --> 
	2  / true
2 --> 
	29  / (exitcond_flatten)
	3  / (!exitcond_flatten)
3 --> 
	4  / true
4 --> 
	5  / true
5 --> 
	6  / true
6 --> 
	7  / true
7 --> 
	8  / true
8 --> 
	9  / true
9 --> 
	10  / true
10 --> 
	11  / true
11 --> 
	12  / true
12 --> 
	13  / true
13 --> 
	14  / true
14 --> 
	15  / true
15 --> 
	16  / true
16 --> 
	17  / true
17 --> 
	18  / true
18 --> 
	19  / true
19 --> 
	20  / true
20 --> 
	21  / true
21 --> 
	22  / true
22 --> 
	23  / true
23 --> 
	24  / true
24 --> 
	25  / true
25 --> 
	26  / true
26 --> 
	27  / true
27 --> 
	28  / true
28 --> 
	2  / true
29 --> 

* FSM state operations: 

 <State 1> : 1.77ns
ST_1 : Operation 30 [1/1] (0.00ns)   --->   "call void (...)* @_ssdm_op_SpecInterface(i8* %eventSlice, [6 x i8]* @p_str7, i32 0, i32 0, [1 x i8]* @p_str2, i32 0, i32 0, [11 x i8]* @p_str8, [7 x i8]* @p_str9, [1 x i8]* @p_str2, i32 16, i32 16, i32 16, i32 16, [1 x i8]* @p_str2, [1 x i8]* @p_str2)"
ST_1 : Operation 31 [1/1] (0.00ns)   --->   "%eventSlice_offset_re = call i32 @_ssdm_op_Read.ap_auto.i32(i32 %eventSlice_offset)"
ST_1 : Operation 32 [1/1] (1.76ns)   --->   "br label %1" [../../mz_libcaer_OF_HLS/ABMOF/abmof_hw_accel.cpp:17]

 <State 2> : 6.54ns
ST_2 : Operation 33 [1/1] (0.00ns)   --->   "%indvar_flatten = phi i16 [ 0, %0 ], [ %indvar_flatten_next, %BurstBB18 ]"
ST_2 : Operation 34 [1/1] (0.00ns)   --->   "%i = phi i8 [ 0, %0 ], [ %tmp_mid2_v, %BurstBB18 ]" [../../mz_libcaer_OF_HLS/ABMOF/abmof_hw_accel.cpp:21]
ST_2 : Operation 35 [1/1] (0.00ns)   --->   "%j = phi i8 [ 0, %0 ], [ %j_1, %BurstBB18 ]"
ST_2 : Operation 36 [1/1] (0.00ns)   --->   "%p_shl = call i16 @_ssdm_op_BitConcatenate.i16.i8.i8(i8 %i, i8 0)" [../../mz_libcaer_OF_HLS/ABMOF/abmof_hw_accel.cpp:21]
ST_2 : Operation 37 [1/1] (0.00ns)   --->   "%p_shl_cast = zext i16 %p_shl to i17" [../../mz_libcaer_OF_HLS/ABMOF/abmof_hw_accel.cpp:21]
ST_2 : Operation 38 [1/1] (0.00ns)   --->   "%p_shl1 = call i12 @_ssdm_op_BitConcatenate.i12.i8.i4(i8 %i, i4 0)" [../../mz_libcaer_OF_HLS/ABMOF/abmof_hw_accel.cpp:21]
ST_2 : Operation 39 [1/1] (0.00ns)   --->   "%p_shl1_cast = zext i12 %p_shl1 to i17" [../../mz_libcaer_OF_HLS/ABMOF/abmof_hw_accel.cpp:21]
ST_2 : Operation 40 [1/1] (2.07ns)   --->   "%tmp_s = sub i17 %p_shl_cast, %p_shl1_cast" [../../mz_libcaer_OF_HLS/ABMOF/abmof_hw_accel.cpp:21]   --->   Core 14 'AddSub' <Latency = 0> <II = 1> <Delay = 2.10> <FuncUnit> <Opcode : 'add' 'sub'> <InPorts = 2> <OutPorts = 1>
ST_2 : Operation 41 [1/1] (2.42ns)   --->   "%exitcond_flatten = icmp eq i16 %indvar_flatten, -22336"   --->   Core 25 'Cmp' <Latency = 0> <II = 1> <Delay = 1.66> <FuncUnit> <Opcode : 'icmp'> <InPorts = 2> <OutPorts = 1>
ST_2 : Operation 42 [1/1] (0.00ns)   --->   "call void (...)* @_ssdm_op_SpecLoopTripCount(i64 43200, i64 43200, i64 43200)"
ST_2 : Operation 43 [1/1] (2.07ns)   --->   "%indvar_flatten_next = add i16 %indvar_flatten, 1"   --->   Core 14 'AddSub' <Latency = 0> <II = 1> <Delay = 2.10> <FuncUnit> <Opcode : 'add' 'sub'> <InPorts = 2> <OutPorts = 1>
ST_2 : Operation 44 [1/1] (0.00ns)   --->   "br i1 %exitcond_flatten, label %2, label %.reset"
ST_2 : Operation 45 [1/1] (1.91ns)   --->   "%i_3 = add i8 %i, 1" [../../mz_libcaer_OF_HLS/ABMOF/abmof_hw_accel.cpp:17]   --->   Core 14 'AddSub' <Latency = 0> <II = 1> <Delay = 2.10> <FuncUnit> <Opcode : 'add' 'sub'> <InPorts = 2> <OutPorts = 1>
ST_2 : Operation 46 [1/1] (1.55ns)   --->   "%exitcond = icmp eq i8 %j, -16" [../../mz_libcaer_OF_HLS/ABMOF/abmof_hw_accel.cpp:19]   --->   Core 25 'Cmp' <Latency = 0> <II = 1> <Delay = 1.66> <FuncUnit> <Opcode : 'icmp'> <InPorts = 2> <OutPorts = 1>
ST_2 : Operation 47 [1/1] (1.24ns)   --->   "%j_mid2 = select i1 %exitcond, i8 0, i8 %j" [../../mz_libcaer_OF_HLS/ABMOF/abmof_hw_accel.cpp:19]   --->   Core 26 'Sel' <Latency = 0> <II = 1> <Delay = 0.78> <FuncUnit> <Opcode : 'select'> <InPorts = 3> <OutPorts = 1>
ST_2 : Operation 48 [1/1] (1.24ns)   --->   "%tmp_mid2_v = select i1 %exitcond, i8 %i_3, i8 %i" [../../mz_libcaer_OF_HLS/ABMOF/abmof_hw_accel.cpp:21]   --->   Core 26 'Sel' <Latency = 0> <II = 1> <Delay = 0.78> <FuncUnit> <Opcode : 'select'> <InPorts = 3> <OutPorts = 1>
ST_2 : Operation 49 [1/1] (0.00ns)   --->   "%p_shl_mid1 = call i16 @_ssdm_op_BitConcatenate.i16.i8.i8(i8 %i_3, i8 0)" [../../mz_libcaer_OF_HLS/ABMOF/abmof_hw_accel.cpp:21]
ST_2 : Operation 50 [1/1] (0.00ns)   --->   "%p_shl_cast_mid1 = zext i16 %p_shl_mid1 to i17" [../../mz_libcaer_OF_HLS/ABMOF/abmof_hw_accel.cpp:21]
ST_2 : Operation 51 [1/1] (0.00ns)   --->   "%p_shl1_mid1 = call i12 @_ssdm_op_BitConcatenate.i12.i8.i4(i8 %i_3, i4 0)" [../../mz_libcaer_OF_HLS/ABMOF/abmof_hw_accel.cpp:21]
ST_2 : Operation 52 [1/1] (0.00ns)   --->   "%p_shl1_cast_mid1 = zext i12 %p_shl1_mid1 to i17" [../../mz_libcaer_OF_HLS/ABMOF/abmof_hw_accel.cpp:21]
ST_2 : Operation 53 [1/1] (2.07ns)   --->   "%tmp_mid1 = sub i17 %p_shl_cast_mid1, %p_shl1_cast_mid1" [../../mz_libcaer_OF_HLS/ABMOF/abmof_hw_accel.cpp:21]   --->   Core 14 'AddSub' <Latency = 0> <II = 1> <Delay = 2.10> <FuncUnit> <Opcode : 'add' 'sub'> <InPorts = 2> <OutPorts = 1>
ST_2 : Operation 54 [1/1] (0.00ns) (grouped into LUT with out node sum2)   --->   "%tmp_mid2 = select i1 %exitcond, i17 %tmp_mid1, i17 %tmp_s" [../../mz_libcaer_OF_HLS/ABMOF/abmof_hw_accel.cpp:21]   --->   Core 26 'Sel' <Latency = 0> <II = 1> <Delay = 0.78> <FuncUnit> <Opcode : 'select'> <InPorts = 3> <OutPorts = 1>
ST_2 : Operation 55 [1/1] (0.00ns) (grouped into LUT with out node sum2)   --->   "%tmp_7_mid2 = sext i17 %tmp_mid2 to i32" [../../mz_libcaer_OF_HLS/ABMOF/abmof_hw_accel.cpp:21]
ST_2 : Operation 56 [1/1] (2.55ns) (out node of the LUT)   --->   "%sum2 = add i32 %eventSlice_offset_re, %tmp_7_mid2" [../../mz_libcaer_OF_HLS/ABMOF/abmof_hw_accel.cpp:21]   --->   Core 14 'AddSub' <Latency = 0> <II = 1> <Delay = 2.10> <FuncUnit> <Opcode : 'add' 'sub'> <InPorts = 2> <OutPorts = 1>
ST_2 : Operation 57 [1/1] (0.00ns)   --->   "%eventSlice_addr = getelementptr i8* %eventSlice, i32 %sum2" [../../mz_libcaer_OF_HLS/ABMOF/abmof_hw_accel.cpp:21]
ST_2 : Operation 58 [20/20] (3.86ns)   --->   "%tmp_13 = urem i16 %indvar_flatten, 240"   --->   Core 23 'DivnS' <Latency = 19> <II = 1> <Delay = 3.86> <FuncUnit> <Opcode : 'sdiv' 'srem' 'udiv' 'urem'> <InPorts = 2> <OutPorts = 1>
ST_2 : Operation 59 [1/1] (1.91ns)   --->   "%j_1 = add i8 %j_mid2, 1" [../../mz_libcaer_OF_HLS/ABMOF/abmof_hw_accel.cpp:19]   --->   Core 14 'AddSub' <Latency = 0> <II = 1> <Delay = 2.10> <FuncUnit> <Opcode : 'add' 'sub'> <InPorts = 2> <OutPorts = 1>

 <State 3> : 4.18ns
ST_3 : Operation 60 [1/1] (0.00ns)   --->   "%tmp = call i16 @_ssdm_op_BitConcatenate.i16.i8.i8(i8 %tmp_mid2_v, i8 0)" [../../mz_libcaer_OF_HLS/ABMOF/abmof_hw_accel.cpp:21]
ST_3 : Operation 61 [1/1] (0.00ns)   --->   "%p_shl4_cast = zext i16 %tmp to i17" [../../mz_libcaer_OF_HLS/ABMOF/abmof_hw_accel.cpp:21]
ST_3 : Operation 62 [1/1] (0.00ns)   --->   "%tmp_243 = call i12 @_ssdm_op_BitConcatenate.i12.i8.i4(i8 %tmp_mid2_v, i4 0)" [../../mz_libcaer_OF_HLS/ABMOF/abmof_hw_accel.cpp:21]
ST_3 : Operation 63 [1/1] (0.00ns)   --->   "%p_shl5_cast = zext i12 %tmp_243 to i17" [../../mz_libcaer_OF_HLS/ABMOF/abmof_hw_accel.cpp:21]
ST_3 : Operation 64 [1/1] (2.07ns)   --->   "%tmp_244 = sub i17 %p_shl4_cast, %p_shl5_cast" [../../mz_libcaer_OF_HLS/ABMOF/abmof_hw_accel.cpp:21]   --->   Core 14 'AddSub' <Latency = 0> <II = 1> <Delay = 2.10> <FuncUnit> <Opcode : 'add' 'sub'> <InPorts = 2> <OutPorts = 1>
ST_3 : Operation 65 [1/1] (0.00ns)   --->   "%tmp_252_cast = sext i17 %tmp_244 to i18" [../../mz_libcaer_OF_HLS/ABMOF/abmof_hw_accel.cpp:21]
ST_3 : Operation 66 [1/1] (0.00ns)   --->   "%tmp_1_cast = zext i8 %j_mid2 to i18" [../../mz_libcaer_OF_HLS/ABMOF/abmof_hw_accel.cpp:21]
ST_3 : Operation 67 [1/1] (2.10ns)   --->   "%tmp_245 = add i18 %tmp_252_cast, %tmp_1_cast" [../../mz_libcaer_OF_HLS/ABMOF/abmof_hw_accel.cpp:21]   --->   Core 14 'AddSub' <Latency = 0> <II = 1> <Delay = 2.10> <FuncUnit> <Opcode : 'add' 'sub'> <InPorts = 2> <OutPorts = 1>
ST_3 : Operation 68 [19/20] (3.86ns)   --->   "%tmp_13 = urem i16 %indvar_flatten, 240"   --->   Core 23 'DivnS' <Latency = 19> <II = 1> <Delay = 3.86> <FuncUnit> <Opcode : 'sdiv' 'srem' 'udiv' 'urem'> <InPorts = 2> <OutPorts = 1>
ST_3 : Operation 69 [20/20] (3.86ns)   --->   "%tmp_15 = urem i16 %indvar_flatten_next, 240"   --->   Core 23 'DivnS' <Latency = 19> <II = 1> <Delay = 3.86> <FuncUnit> <Opcode : 'sdiv' 'srem' 'udiv' 'urem'> <InPorts = 2> <OutPorts = 1>

 <State 4> : 3.87ns
ST_4 : Operation 70 [1/1] (0.00ns)   --->   "%tmp_253_cast = sext i18 %tmp_245 to i32" [../../mz_libcaer_OF_HLS/ABMOF/abmof_hw_accel.cpp:21]
ST_4 : Operation 71 [1/1] (0.00ns)   --->   "%glPLSlices_addr = getelementptr [129600 x i8]* @glPLSlices, i32 0, i32 %tmp_253_cast" [../../mz_libcaer_OF_HLS/ABMOF/abmof_hw_accel.cpp:21]
ST_4 : Operation 72 [2/2] (3.25ns)   --->   "%glPLSlices_load = load i8* %glPLSlices_addr, align 1" [../../mz_libcaer_OF_HLS/ABMOF/abmof_hw_accel.cpp:21]   --->   Core 37 'RAM' <Latency = 1> <II = 1> <Delay = 3.25> <Storage> <Opcode : 'load' 'store'> <Ports = 2> <Width = 8> <Depth = 129600> <RAM>
ST_4 : Operation 73 [18/20] (3.86ns)   --->   "%tmp_13 = urem i16 %indvar_flatten, 240"   --->   Core 23 'DivnS' <Latency = 19> <II = 1> <Delay = 3.86> <FuncUnit> <Opcode : 'sdiv' 'srem' 'udiv' 'urem'> <InPorts = 2> <OutPorts = 1>
ST_4 : Operation 74 [19/20] (3.86ns)   --->   "%tmp_15 = urem i16 %indvar_flatten_next, 240"   --->   Core 23 'DivnS' <Latency = 19> <II = 1> <Delay = 3.86> <FuncUnit> <Opcode : 'sdiv' 'srem' 'udiv' 'urem'> <InPorts = 2> <OutPorts = 1>

 <State 5> : 3.87ns
ST_5 : Operation 75 [1/2] (3.25ns)   --->   "%glPLSlices_load = load i8* %glPLSlices_addr, align 1" [../../mz_libcaer_OF_HLS/ABMOF/abmof_hw_accel.cpp:21]   --->   Core 37 'RAM' <Latency = 1> <II = 1> <Delay = 3.25> <Storage> <Opcode : 'load' 'store'> <Ports = 2> <Width = 8> <Depth = 129600> <RAM>
ST_5 : Operation 76 [17/20] (3.86ns)   --->   "%tmp_13 = urem i16 %indvar_flatten, 240"   --->   Core 23 'DivnS' <Latency = 19> <II = 1> <Delay = 3.86> <FuncUnit> <Opcode : 'sdiv' 'srem' 'udiv' 'urem'> <InPorts = 2> <OutPorts = 1>
ST_5 : Operation 77 [18/20] (3.86ns)   --->   "%tmp_15 = urem i16 %indvar_flatten_next, 240"   --->   Core 23 'DivnS' <Latency = 19> <II = 1> <Delay = 3.86> <FuncUnit> <Opcode : 'sdiv' 'srem' 'udiv' 'urem'> <InPorts = 2> <OutPorts = 1>

 <State 6> : 3.87ns
ST_6 : Operation 78 [16/20] (3.86ns)   --->   "%tmp_13 = urem i16 %indvar_flatten, 240"   --->   Core 23 'DivnS' <Latency = 19> <II = 1> <Delay = 3.86> <FuncUnit> <Opcode : 'sdiv' 'srem' 'udiv' 'urem'> <InPorts = 2> <OutPorts = 1>
ST_6 : Operation 79 [17/20] (3.86ns)   --->   "%tmp_15 = urem i16 %indvar_flatten_next, 240"   --->   Core 23 'DivnS' <Latency = 19> <II = 1> <Delay = 3.86> <FuncUnit> <Opcode : 'sdiv' 'srem' 'udiv' 'urem'> <InPorts = 2> <OutPorts = 1>

 <State 7> : 3.87ns
ST_7 : Operation 80 [15/20] (3.86ns)   --->   "%tmp_13 = urem i16 %indvar_flatten, 240"   --->   Core 23 'DivnS' <Latency = 19> <II = 1> <Delay = 3.86> <FuncUnit> <Opcode : 'sdiv' 'srem' 'udiv' 'urem'> <InPorts = 2> <OutPorts = 1>
ST_7 : Operation 81 [16/20] (3.86ns)   --->   "%tmp_15 = urem i16 %indvar_flatten_next, 240"   --->   Core 23 'DivnS' <Latency = 19> <II = 1> <Delay = 3.86> <FuncUnit> <Opcode : 'sdiv' 'srem' 'udiv' 'urem'> <InPorts = 2> <OutPorts = 1>

 <State 8> : 3.87ns
ST_8 : Operation 82 [14/20] (3.86ns)   --->   "%tmp_13 = urem i16 %indvar_flatten, 240"   --->   Core 23 'DivnS' <Latency = 19> <II = 1> <Delay = 3.86> <FuncUnit> <Opcode : 'sdiv' 'srem' 'udiv' 'urem'> <InPorts = 2> <OutPorts = 1>
ST_8 : Operation 83 [15/20] (3.86ns)   --->   "%tmp_15 = urem i16 %indvar_flatten_next, 240"   --->   Core 23 'DivnS' <Latency = 19> <II = 1> <Delay = 3.86> <FuncUnit> <Opcode : 'sdiv' 'srem' 'udiv' 'urem'> <InPorts = 2> <OutPorts = 1>

 <State 9> : 3.87ns
ST_9 : Operation 84 [13/20] (3.86ns)   --->   "%tmp_13 = urem i16 %indvar_flatten, 240"   --->   Core 23 'DivnS' <Latency = 19> <II = 1> <Delay = 3.86> <FuncUnit> <Opcode : 'sdiv' 'srem' 'udiv' 'urem'> <InPorts = 2> <OutPorts = 1>
ST_9 : Operation 85 [14/20] (3.86ns)   --->   "%tmp_15 = urem i16 %indvar_flatten_next, 240"   --->   Core 23 'DivnS' <Latency = 19> <II = 1> <Delay = 3.86> <FuncUnit> <Opcode : 'sdiv' 'srem' 'udiv' 'urem'> <InPorts = 2> <OutPorts = 1>

 <State 10> : 3.87ns
ST_10 : Operation 86 [12/20] (3.86ns)   --->   "%tmp_13 = urem i16 %indvar_flatten, 240"   --->   Core 23 'DivnS' <Latency = 19> <II = 1> <Delay = 3.86> <FuncUnit> <Opcode : 'sdiv' 'srem' 'udiv' 'urem'> <InPorts = 2> <OutPorts = 1>
ST_10 : Operation 87 [13/20] (3.86ns)   --->   "%tmp_15 = urem i16 %indvar_flatten_next, 240"   --->   Core 23 'DivnS' <Latency = 19> <II = 1> <Delay = 3.86> <FuncUnit> <Opcode : 'sdiv' 'srem' 'udiv' 'urem'> <InPorts = 2> <OutPorts = 1>

 <State 11> : 3.87ns
ST_11 : Operation 88 [11/20] (3.86ns)   --->   "%tmp_13 = urem i16 %indvar_flatten, 240"   --->   Core 23 'DivnS' <Latency = 19> <II = 1> <Delay = 3.86> <FuncUnit> <Opcode : 'sdiv' 'srem' 'udiv' 'urem'> <InPorts = 2> <OutPorts = 1>
ST_11 : Operation 89 [12/20] (3.86ns)   --->   "%tmp_15 = urem i16 %indvar_flatten_next, 240"   --->   Core 23 'DivnS' <Latency = 19> <II = 1> <Delay = 3.86> <FuncUnit> <Opcode : 'sdiv' 'srem' 'udiv' 'urem'> <InPorts = 2> <OutPorts = 1>

 <State 12> : 3.87ns
ST_12 : Operation 90 [10/20] (3.86ns)   --->   "%tmp_13 = urem i16 %indvar_flatten, 240"   --->   Core 23 'DivnS' <Latency = 19> <II = 1> <Delay = 3.86> <FuncUnit> <Opcode : 'sdiv' 'srem' 'udiv' 'urem'> <InPorts = 2> <OutPorts = 1>
ST_12 : Operation 91 [11/20] (3.86ns)   --->   "%tmp_15 = urem i16 %indvar_flatten_next, 240"   --->   Core 23 'DivnS' <Latency = 19> <II = 1> <Delay = 3.86> <FuncUnit> <Opcode : 'sdiv' 'srem' 'udiv' 'urem'> <InPorts = 2> <OutPorts = 1>

 <State 13> : 3.87ns
ST_13 : Operation 92 [9/20] (3.86ns)   --->   "%tmp_13 = urem i16 %indvar_flatten, 240"   --->   Core 23 'DivnS' <Latency = 19> <II = 1> <Delay = 3.86> <FuncUnit> <Opcode : 'sdiv' 'srem' 'udiv' 'urem'> <InPorts = 2> <OutPorts = 1>
ST_13 : Operation 93 [10/20] (3.86ns)   --->   "%tmp_15 = urem i16 %indvar_flatten_next, 240"   --->   Core 23 'DivnS' <Latency = 19> <II = 1> <Delay = 3.86> <FuncUnit> <Opcode : 'sdiv' 'srem' 'udiv' 'urem'> <InPorts = 2> <OutPorts = 1>

 <State 14> : 3.87ns
ST_14 : Operation 94 [8/20] (3.86ns)   --->   "%tmp_13 = urem i16 %indvar_flatten, 240"   --->   Core 23 'DivnS' <Latency = 19> <II = 1> <Delay = 3.86> <FuncUnit> <Opcode : 'sdiv' 'srem' 'udiv' 'urem'> <InPorts = 2> <OutPorts = 1>
ST_14 : Operation 95 [9/20] (3.86ns)   --->   "%tmp_15 = urem i16 %indvar_flatten_next, 240"   --->   Core 23 'DivnS' <Latency = 19> <II = 1> <Delay = 3.86> <FuncUnit> <Opcode : 'sdiv' 'srem' 'udiv' 'urem'> <InPorts = 2> <OutPorts = 1>

 <State 15> : 3.87ns
ST_15 : Operation 96 [7/20] (3.86ns)   --->   "%tmp_13 = urem i16 %indvar_flatten, 240"   --->   Core 23 'DivnS' <Latency = 19> <II = 1> <Delay = 3.86> <FuncUnit> <Opcode : 'sdiv' 'srem' 'udiv' 'urem'> <InPorts = 2> <OutPorts = 1>
ST_15 : Operation 97 [8/20] (3.86ns)   --->   "%tmp_15 = urem i16 %indvar_flatten_next, 240"   --->   Core 23 'DivnS' <Latency = 19> <II = 1> <Delay = 3.86> <FuncUnit> <Opcode : 'sdiv' 'srem' 'udiv' 'urem'> <InPorts = 2> <OutPorts = 1>

 <State 16> : 3.87ns
ST_16 : Operation 98 [6/20] (3.86ns)   --->   "%tmp_13 = urem i16 %indvar_flatten, 240"   --->   Core 23 'DivnS' <Latency = 19> <II = 1> <Delay = 3.86> <FuncUnit> <Opcode : 'sdiv' 'srem' 'udiv' 'urem'> <InPorts = 2> <OutPorts = 1>
ST_16 : Operation 99 [7/20] (3.86ns)   --->   "%tmp_15 = urem i16 %indvar_flatten_next, 240"   --->   Core 23 'DivnS' <Latency = 19> <II = 1> <Delay = 3.86> <FuncUnit> <Opcode : 'sdiv' 'srem' 'udiv' 'urem'> <InPorts = 2> <OutPorts = 1>

 <State 17> : 3.87ns
ST_17 : Operation 100 [5/20] (3.86ns)   --->   "%tmp_13 = urem i16 %indvar_flatten, 240"   --->   Core 23 'DivnS' <Latency = 19> <II = 1> <Delay = 3.86> <FuncUnit> <Opcode : 'sdiv' 'srem' 'udiv' 'urem'> <InPorts = 2> <OutPorts = 1>
ST_17 : Operation 101 [6/20] (3.86ns)   --->   "%tmp_15 = urem i16 %indvar_flatten_next, 240"   --->   Core 23 'DivnS' <Latency = 19> <II = 1> <Delay = 3.86> <FuncUnit> <Opcode : 'sdiv' 'srem' 'udiv' 'urem'> <InPorts = 2> <OutPorts = 1>

 <State 18> : 3.87ns
ST_18 : Operation 102 [4/20] (3.86ns)   --->   "%tmp_13 = urem i16 %indvar_flatten, 240"   --->   Core 23 'DivnS' <Latency = 19> <II = 1> <Delay = 3.86> <FuncUnit> <Opcode : 'sdiv' 'srem' 'udiv' 'urem'> <InPorts = 2> <OutPorts = 1>
ST_18 : Operation 103 [5/20] (3.86ns)   --->   "%tmp_15 = urem i16 %indvar_flatten_next, 240"   --->   Core 23 'DivnS' <Latency = 19> <II = 1> <Delay = 3.86> <FuncUnit> <Opcode : 'sdiv' 'srem' 'udiv' 'urem'> <InPorts = 2> <OutPorts = 1>

 <State 19> : 3.87ns
ST_19 : Operation 104 [3/20] (3.86ns)   --->   "%tmp_13 = urem i16 %indvar_flatten, 240"   --->   Core 23 'DivnS' <Latency = 19> <II = 1> <Delay = 3.86> <FuncUnit> <Opcode : 'sdiv' 'srem' 'udiv' 'urem'> <InPorts = 2> <OutPorts = 1>
ST_19 : Operation 105 [4/20] (3.86ns)   --->   "%tmp_15 = urem i16 %indvar_flatten_next, 240"   --->   Core 23 'DivnS' <Latency = 19> <II = 1> <Delay = 3.86> <FuncUnit> <Opcode : 'sdiv' 'srem' 'udiv' 'urem'> <InPorts = 2> <OutPorts = 1>

 <State 20> : 3.87ns
ST_20 : Operation 106 [2/20] (3.86ns)   --->   "%tmp_13 = urem i16 %indvar_flatten, 240"   --->   Core 23 'DivnS' <Latency = 19> <II = 1> <Delay = 3.86> <FuncUnit> <Opcode : 'sdiv' 'srem' 'udiv' 'urem'> <InPorts = 2> <OutPorts = 1>
ST_20 : Operation 107 [3/20] (3.86ns)   --->   "%tmp_15 = urem i16 %indvar_flatten_next, 240"   --->   Core 23 'DivnS' <Latency = 19> <II = 1> <Delay = 3.86> <FuncUnit> <Opcode : 'sdiv' 'srem' 'udiv' 'urem'> <InPorts = 2> <OutPorts = 1>

 <State 21> : 5.53ns
ST_21 : Operation 108 [1/20] (3.86ns)   --->   "%tmp_13 = urem i16 %indvar_flatten, 240"   --->   Core 23 'DivnS' <Latency = 19> <II = 1> <Delay = 3.86> <FuncUnit> <Opcode : 'sdiv' 'srem' 'udiv' 'urem'> <InPorts = 2> <OutPorts = 1>
ST_21 : Operation 109 [1/1] (1.66ns)   --->   "%tmp_14 = icmp eq i16 %tmp_13, 0"   --->   Core 25 'Cmp' <Latency = 0> <II = 1> <Delay = 1.66> <FuncUnit> <Opcode : 'icmp'> <InPorts = 2> <OutPorts = 1>
ST_21 : Operation 110 [1/1] (0.00ns)   --->   "br i1 %tmp_14, label %ReqBB, label %BurstBB"
ST_21 : Operation 111 [2/20] (3.86ns)   --->   "%tmp_15 = urem i16 %indvar_flatten_next, 240"   --->   Core 23 'DivnS' <Latency = 19> <II = 1> <Delay = 3.86> <FuncUnit> <Opcode : 'sdiv' 'srem' 'udiv' 'urem'> <InPorts = 2> <OutPorts = 1>

 <State 22> : 7.30ns
ST_22 : Operation 112 [1/1] (7.30ns)   --->   "%eventSlice_addr_1_wr = call i1 @_ssdm_op_WriteReq.m_axi.i8P(i8* %eventSlice_addr, i32 240)" [../../mz_libcaer_OF_HLS/ABMOF/abmof_hw_accel.cpp:21]   --->   Core 9 'm_axi' <Latency = 6> <II = 1> <Delay = 1.00> <Adapter> <Opcode : 'read' 'write' 'readreq' 'writereq' 'writeresp'>
ST_22 : Operation 113 [1/20] (3.86ns)   --->   "%tmp_15 = urem i16 %indvar_flatten_next, 240"   --->   Core 23 'DivnS' <Latency = 19> <II = 1> <Delay = 3.86> <FuncUnit> <Opcode : 'sdiv' 'srem' 'udiv' 'urem'> <InPorts = 2> <OutPorts = 1>
ST_22 : Operation 114 [1/1] (1.66ns)   --->   "%tmp_16 = icmp eq i16 %tmp_15, 0"   --->   Core 25 'Cmp' <Latency = 0> <II = 1> <Delay = 1.66> <FuncUnit> <Opcode : 'icmp'> <InPorts = 2> <OutPorts = 1>
ST_22 : Operation 115 [1/1] (0.00ns)   --->   "br i1 %tmp_16, label %RespBB, label %BurstBB18"

 <State 23> : 7.30ns
ST_23 : Operation 116 [1/1] (7.30ns)   --->   "call void @_ssdm_op_Write.m_axi.i8P(i8* %eventSlice_addr, i8 %glPLSlices_load, i1 true)" [../../mz_libcaer_OF_HLS/ABMOF/abmof_hw_accel.cpp:21]   --->   Core 9 'm_axi' <Latency = 6> <II = 1> <Delay = 1.00> <Adapter> <Opcode : 'read' 'write' 'readreq' 'writereq' 'writeresp'>

 <State 24> : 7.30ns
ST_24 : Operation 117 [5/5] (7.30ns)   --->   "%eventSlice_addr_1_wr_1 = call i1 @_ssdm_op_WriteResp.m_axi.i8P(i8* %eventSlice_addr)" [../../mz_libcaer_OF_HLS/ABMOF/abmof_hw_accel.cpp:21]   --->   Core 9 'm_axi' <Latency = 6> <II = 1> <Delay = 1.00> <Adapter> <Opcode : 'read' 'write' 'readreq' 'writereq' 'writeresp'>

 <State 25> : 7.30ns
ST_25 : Operation 118 [4/5] (7.30ns)   --->   "%eventSlice_addr_1_wr_1 = call i1 @_ssdm_op_WriteResp.m_axi.i8P(i8* %eventSlice_addr)" [../../mz_libcaer_OF_HLS/ABMOF/abmof_hw_accel.cpp:21]   --->   Core 9 'm_axi' <Latency = 6> <II = 1> <Delay = 1.00> <Adapter> <Opcode : 'read' 'write' 'readreq' 'writereq' 'writeresp'>

 <State 26> : 7.30ns
ST_26 : Operation 119 [3/5] (7.30ns)   --->   "%eventSlice_addr_1_wr_1 = call i1 @_ssdm_op_WriteResp.m_axi.i8P(i8* %eventSlice_addr)" [../../mz_libcaer_OF_HLS/ABMOF/abmof_hw_accel.cpp:21]   --->   Core 9 'm_axi' <Latency = 6> <II = 1> <Delay = 1.00> <Adapter> <Opcode : 'read' 'write' 'readreq' 'writereq' 'writeresp'>

 <State 27> : 7.30ns
ST_27 : Operation 120 [2/5] (7.30ns)   --->   "%eventSlice_addr_1_wr_1 = call i1 @_ssdm_op_WriteResp.m_axi.i8P(i8* %eventSlice_addr)" [../../mz_libcaer_OF_HLS/ABMOF/abmof_hw_accel.cpp:21]   --->   Core 9 'm_axi' <Latency = 6> <II = 1> <Delay = 1.00> <Adapter> <Opcode : 'read' 'write' 'readreq' 'writereq' 'writeresp'>

 <State 28> : 7.30ns
ST_28 : Operation 121 [1/1] (0.00ns)   --->   "call void (...)* @_ssdm_op_SpecLoopName([29 x i8]* @copyToPSLoop_copyToP)"
ST_28 : Operation 122 [1/1] (0.00ns)   --->   "call void (...)* @_ssdm_op_SpecLoopName([16 x i8]* @p_str1) nounwind" [../../mz_libcaer_OF_HLS/ABMOF/abmof_hw_accel.cpp:20]
ST_28 : Operation 123 [1/1] (0.00ns)   --->   "%tmp_4 = call i32 (...)* @_ssdm_op_SpecRegionBegin([16 x i8]* @p_str1) nounwind" [../../mz_libcaer_OF_HLS/ABMOF/abmof_hw_accel.cpp:20]
ST_28 : Operation 124 [1/1] (0.00ns)   --->   "call void (...)* @_ssdm_op_SpecPipeline(i32 -1, i32 1, i32 1, i32 0, [1 x i8]* @p_str2) nounwind" [../../mz_libcaer_OF_HLS/ABMOF/abmof_hw_accel.cpp:21]
ST_28 : Operation 125 [1/1] (0.00ns)   --->   "br label %BurstBB"
ST_28 : Operation 126 [1/1] (0.00ns)   --->   "%empty = call i32 (...)* @_ssdm_op_SpecRegionEnd([16 x i8]* @p_str1, i32 %tmp_4) nounwind" [../../mz_libcaer_OF_HLS/ABMOF/abmof_hw_accel.cpp:22]
ST_28 : Operation 127 [1/5] (7.30ns)   --->   "%eventSlice_addr_1_wr_1 = call i1 @_ssdm_op_WriteResp.m_axi.i8P(i8* %eventSlice_addr)" [../../mz_libcaer_OF_HLS/ABMOF/abmof_hw_accel.cpp:21]   --->   Core 9 'm_axi' <Latency = 6> <II = 1> <Delay = 1.00> <Adapter> <Opcode : 'read' 'write' 'readreq' 'writereq' 'writeresp'>
ST_28 : Operation 128 [1/1] (0.00ns)   --->   "br label %BurstBB18"
ST_28 : Operation 129 [1/1] (0.00ns)   --->   "br label %1"

 <State 29> : 0.00ns
ST_29 : Operation 130 [1/1] (0.00ns)   --->   "ret void" [../../mz_libcaer_OF_HLS/ABMOF/abmof_hw_accel.cpp:24]


============================================================
+ Verbose Summary: Binding
============================================================
STG Binding: 
---------------- STG Properties BEGIN ----------------
- Is combinational: 0
- Is one-state seq: 0
- Is datapath-only: 0
- Is pipelined: 0
- Is top level: 0
Port [ Return ] is wired: 1; IO mode=ap_ctrl_hs:ce=0
Port [ eventSlice]:  wired=1; compound=1; hidden=0; nouse=0; global=0; static=0; extern=0; dir=1; type=4; pingpong=0; private_global=0; IO mode=m_axi:ce=0
Port [ eventSlice_offset]:  wired=1; compound=0; hidden=0; nouse=0; global=0; static=0; extern=0; dir=0; type=0; pingpong=0; private_global=0; IO mode=ap_none:ce=0
Port [ glPLSlices]:  wired=1; compound=1; hidden=0; nouse=0; global=1; static=1; extern=0; dir=0; type=1; pingpong=0; private_global=0; linkage=7; visibility=0; MemPort=[13]; IO mode=ap_memory:ce=0
---------------- STG Properties END ------------------

---------------- Datapath Model BEGIN ----------------

<LifeTime>
<method=bitvector/>
StgValue_30            (specinterface    ) [ 000000000000000000000000000000]
eventSlice_offset_re   (read             ) [ 001111111111111111111111111110]
StgValue_32            (br               ) [ 011111111111111111111111111110]
indvar_flatten         (phi              ) [ 001111111111111111111100000000]
i                      (phi              ) [ 001000000000000000000000000000]
j                      (phi              ) [ 001000000000000000000000000000]
p_shl                  (bitconcatenate   ) [ 000000000000000000000000000000]
p_shl_cast             (zext             ) [ 000000000000000000000000000000]
p_shl1                 (bitconcatenate   ) [ 000000000000000000000000000000]
p_shl1_cast            (zext             ) [ 000000000000000000000000000000]
tmp_s                  (sub              ) [ 000000000000000000000000000000]
exitcond_flatten       (icmp             ) [ 001111111111111111111111111110]
StgValue_42            (speclooptripcount) [ 000000000000000000000000000000]
indvar_flatten_next    (add              ) [ 011111111111111111111111111110]
StgValue_44            (br               ) [ 000000000000000000000000000000]
i_3                    (add              ) [ 000000000000000000000000000000]
exitcond               (icmp             ) [ 000000000000000000000000000000]
j_mid2                 (select           ) [ 001100000000000000000000000000]
tmp_mid2_v             (select           ) [ 011111111111111111111111111110]
p_shl_mid1             (bitconcatenate   ) [ 000000000000000000000000000000]
p_shl_cast_mid1        (zext             ) [ 000000000000000000000000000000]
p_shl1_mid1            (bitconcatenate   ) [ 000000000000000000000000000000]
p_shl1_cast_mid1       (zext             ) [ 000000000000000000000000000000]
tmp_mid1               (sub              ) [ 000000000000000000000000000000]
tmp_mid2               (select           ) [ 000000000000000000000000000000]
tmp_7_mid2             (sext             ) [ 000000000000000000000000000000]
sum2                   (add              ) [ 000000000000000000000000000000]
eventSlice_addr        (getelementptr    ) [ 001111111111111111111111111110]
j_1                    (add              ) [ 011111111111111111111111111110]
tmp                    (bitconcatenate   ) [ 000000000000000000000000000000]
p_shl4_cast            (zext             ) [ 000000000000000000000000000000]
tmp_243                (bitconcatenate   ) [ 000000000000000000000000000000]
p_shl5_cast            (zext             ) [ 000000000000000000000000000000]
tmp_244                (sub              ) [ 000000000000000000000000000000]
tmp_252_cast           (sext             ) [ 000000000000000000000000000000]
tmp_1_cast             (zext             ) [ 000000000000000000000000000000]
tmp_245                (add              ) [ 001010000000000000000000000000]
tmp_253_cast           (sext             ) [ 000000000000000000000000000000]
glPLSlices_addr        (getelementptr    ) [ 001001000000000000000000000000]
glPLSlices_load        (load             ) [ 001000111111111111111111000000]
tmp_13                 (urem             ) [ 000000000000000000000000000000]
tmp_14                 (icmp             ) [ 001000000000000000000011111110]
StgValue_110           (br               ) [ 000000000000000000000000000000]
eventSlice_addr_1_wr   (writereq         ) [ 000000000000000000000000000000]
tmp_15                 (urem             ) [ 000000000000000000000000000000]
tmp_16                 (icmp             ) [ 001000000000000000000001111110]
StgValue_115           (br               ) [ 000000000000000000000000000000]
StgValue_116           (write            ) [ 000000000000000000000000000000]
StgValue_121           (specloopname     ) [ 000000000000000000000000000000]
StgValue_122           (specloopname     ) [ 000000000000000000000000000000]
tmp_4                  (specregionbegin  ) [ 000000000000000000000000000000]
StgValue_124           (specpipeline     ) [ 000000000000000000000000000000]
StgValue_125           (br               ) [ 000000000000000000000000000000]
empty                  (specregionend    ) [ 000000000000000000000000000000]
eventSlice_addr_1_wr_1 (writeresp        ) [ 000000000000000000000000000000]
StgValue_128           (br               ) [ 000000000000000000000000000000]
StgValue_129           (br               ) [ 011111111111111111111111111110]
StgValue_130           (ret              ) [ 000000000000000000000000000000]
</LifeTime>

<model>

<comp_list>
<comp id="0" class="1000" name="eventSlice">
<pin_list>
<pin id="1" dir="1" index="0" bw="1" slack="0"/>
</pin_list>
<bind>
<StgValue><ssdm name="eventSlice"/></StgValue>
</bind>
</comp>

<comp id="2" class="1000" name="eventSlice_offset">
<pin_list>
<pin id="3" dir="1" index="0" bw="1" slack="0"/>
</pin_list>
<bind>
<StgValue><ssdm name="eventSlice_offset"/></StgValue>
</bind>
</comp>

<comp id="4" class="1000" name="glPLSlices">
<pin_list>
<pin id="5" dir="1" index="0" bw="1" slack="0"/>
</pin_list>
<bind>
<StgValue><ssdm name="glPLSlices"/><MemPortTyVec>1 3 </MemPortTyVec>
</StgValue>
</bind>
</comp>

<comp id="6" class="1001" name="const_6">
<pin_list>
<pin id="7" dir="1" index="0" bw="1" slack="2147483647"/>
</pin_list>
<bind>
<StgValue><ssdm name="_ssdm_op_SpecInterface"/></StgValue>
</bind>
</comp>

<comp id="8" class="1001" name="const_8">
<pin_list>
<pin id="9" dir="1" index="0" bw="1" slack="2147483647"/>
</pin_list>
<bind>
<StgValue><ssdm name="p_str7"/></StgValue>
</bind>
</comp>

<comp id="10" class="1001" name="const_10">
<pin_list>
<pin id="11" dir="1" index="0" bw="1" slack="0"/>
</pin_list>
<bind>
<StgValue><ssdm name=""/></StgValue>
</bind>
</comp>

<comp id="12" class="1001" name="const_12">
<pin_list>
<pin id="13" dir="1" index="0" bw="1" slack="2147483647"/>
</pin_list>
<bind>
<StgValue><ssdm name="p_str2"/></StgValue>
</bind>
</comp>

<comp id="14" class="1001" name="const_14">
<pin_list>
<pin id="15" dir="1" index="0" bw="1" slack="2147483647"/>
</pin_list>
<bind>
<StgValue><ssdm name="p_str8"/></StgValue>
</bind>
</comp>

<comp id="16" class="1001" name="const_16">
<pin_list>
<pin id="17" dir="1" index="0" bw="1" slack="2147483647"/>
</pin_list>
<bind>
<StgValue><ssdm name="p_str9"/></StgValue>
</bind>
</comp>

<comp id="18" class="1001" name="const_18">
<pin_list>
<pin id="19" dir="1" index="0" bw="1" slack="2147483647"/>
</pin_list>
<bind>
<StgValue><ssdm name=""/></StgValue>
</bind>
</comp>

<comp id="20" class="1001" name="const_20">
<pin_list>
<pin id="21" dir="1" index="0" bw="1" slack="0"/>
</pin_list>
<bind>
<StgValue><ssdm name="_ssdm_op_Read.ap_auto.i32"/></StgValue>
</bind>
</comp>

<comp id="22" class="1001" name="const_22">
<pin_list>
<pin id="23" dir="1" index="0" bw="1" slack="0"/>
</pin_list>
<bind>
<StgValue><ssdm name=""/></StgValue>
</bind>
</comp>

<comp id="24" class="1001" name="const_24">
<pin_list>
<pin id="25" dir="1" index="0" bw="1" slack="0"/>
</pin_list>
<bind>
<StgValue><ssdm name=""/></StgValue>
</bind>
</comp>

<comp id="26" class="1001" name="const_26">
<pin_list>
<pin id="27" dir="1" index="0" bw="1" slack="0"/>
</pin_list>
<bind>
<StgValue><ssdm name="_ssdm_op_BitConcatenate.i16.i8.i8"/></StgValue>
</bind>
</comp>

<comp id="28" class="1001" name="const_28">
<pin_list>
<pin id="29" dir="1" index="0" bw="1" slack="0"/>
</pin_list>
<bind>
<StgValue><ssdm name="_ssdm_op_BitConcatenate.i12.i8.i4"/></StgValue>
</bind>
</comp>

<comp id="30" class="1001" name="const_30">
<pin_list>
<pin id="31" dir="1" index="0" bw="1" slack="0"/>
</pin_list>
<bind>
<StgValue><ssdm name=""/></StgValue>
</bind>
</comp>

<comp id="32" class="1001" name="const_32">
<pin_list>
<pin id="33" dir="1" index="0" bw="1" slack="0"/>
</pin_list>
<bind>
<StgValue><ssdm name=""/></StgValue>
</bind>
</comp>

<comp id="34" class="1001" name="const_34">
<pin_list>
<pin id="35" dir="1" index="0" bw="1" slack="2147483647"/>
</pin_list>
<bind>
<StgValue><ssdm name="_ssdm_op_SpecLoopTripCount"/></StgValue>
</bind>
</comp>

<comp id="36" class="1001" name="const_36">
<pin_list>
<pin id="37" dir="1" index="0" bw="1" slack="2147483647"/>
</pin_list>
<bind>
<StgValue><ssdm name=""/></StgValue>
</bind>
</comp>

<comp id="38" class="1001" name="const_38">
<pin_list>
<pin id="39" dir="1" index="0" bw="1" slack="0"/>
</pin_list>
<bind>
<StgValue><ssdm name=""/></StgValue>
</bind>
</comp>

<comp id="40" class="1001" name="const_40">
<pin_list>
<pin id="41" dir="1" index="0" bw="1" slack="0"/>
</pin_list>
<bind>
<StgValue><ssdm name=""/></StgValue>
</bind>
</comp>

<comp id="42" class="1001" name="const_42">
<pin_list>
<pin id="43" dir="1" index="0" bw="1" slack="0"/>
</pin_list>
<bind>
<StgValue><ssdm name=""/></StgValue>
</bind>
</comp>

<comp id="44" class="1001" name="const_44">
<pin_list>
<pin id="45" dir="1" index="0" bw="1" slack="0"/>
</pin_list>
<bind>
<StgValue><ssdm name=""/></StgValue>
</bind>
</comp>

<comp id="46" class="1001" name="const_46">
<pin_list>
<pin id="47" dir="1" index="0" bw="1" slack="0"/>
</pin_list>
<bind>
<StgValue><ssdm name="_ssdm_op_WriteReq.m_axi.i8P"/></StgValue>
</bind>
</comp>

<comp id="48" class="1001" name="const_48">
<pin_list>
<pin id="49" dir="1" index="0" bw="1" slack="0"/>
</pin_list>
<bind>
<StgValue><ssdm name=""/></StgValue>
</bind>
</comp>

<comp id="50" class="1001" name="const_50">
<pin_list>
<pin id="51" dir="1" index="0" bw="1" slack="0"/>
</pin_list>
<bind>
<StgValue><ssdm name="_ssdm_op_Write.m_axi.i8P"/></StgValue>
</bind>
</comp>

<comp id="52" class="1001" name="const_52">
<pin_list>
<pin id="53" dir="1" index="0" bw="1" slack="0"/>
</pin_list>
<bind>
<StgValue><ssdm name=""/></StgValue>
</bind>
</comp>

<comp id="54" class="1001" name="const_54">
<pin_list>
<pin id="55" dir="1" index="0" bw="1" slack="0"/>
</pin_list>
<bind>
<StgValue><ssdm name="_ssdm_op_WriteResp.m_axi.i8P"/></StgValue>
</bind>
</comp>

<comp id="56" class="1001" name="const_56">
<pin_list>
<pin id="57" dir="1" index="0" bw="1" slack="2147483647"/>
</pin_list>
<bind>
<StgValue><ssdm name="_ssdm_op_SpecLoopName"/></StgValue>
</bind>
</comp>

<comp id="58" class="1001" name="const_58">
<pin_list>
<pin id="59" dir="1" index="0" bw="1" slack="2147483647"/>
</pin_list>
<bind>
<StgValue><ssdm name="copyToPSLoop_copyToP"/></StgValue>
</bind>
</comp>

<comp id="60" class="1001" name="const_60">
<pin_list>
<pin id="61" dir="1" index="0" bw="1" slack="2147483647"/>
</pin_list>
<bind>
<StgValue><ssdm name="p_str1"/></StgValue>
</bind>
</comp>

<comp id="62" class="1001" name="const_62">
<pin_list>
<pin id="63" dir="1" index="0" bw="1" slack="2147483647"/>
</pin_list>
<bind>
<StgValue><ssdm name="_ssdm_op_SpecRegionBegin"/></StgValue>
</bind>
</comp>

<comp id="64" class="1001" name="const_64">
<pin_list>
<pin id="65" dir="1" index="0" bw="1" slack="2147483647"/>
</pin_list>
<bind>
<StgValue><ssdm name="_ssdm_op_SpecPipeline"/></StgValue>
</bind>
</comp>

<comp id="66" class="1001" name="const_66">
<pin_list>
<pin id="67" dir="1" index="0" bw="1" slack="2147483647"/>
</pin_list>
<bind>
<StgValue><ssdm name=""/></StgValue>
</bind>
</comp>

<comp id="68" class="1001" name="const_68">
<pin_list>
<pin id="69" dir="1" index="0" bw="1" slack="2147483647"/>
</pin_list>
<bind>
<StgValue><ssdm name=""/></StgValue>
</bind>
</comp>

<comp id="70" class="1001" name="const_70">
<pin_list>
<pin id="71" dir="1" index="0" bw="1" slack="2147483647"/>
</pin_list>
<bind>
<StgValue><ssdm name="_ssdm_op_SpecRegionEnd"/></StgValue>
</bind>
</comp>

<comp id="72" class="1004" name="eventSlice_offset_re_read_fu_72">
<pin_list>
<pin id="73" dir="0" index="0" bw="32" slack="0"/>
<pin id="74" dir="0" index="1" bw="32" slack="0"/>
<pin id="75" dir="1" index="2" bw="32" slack="1"/>
</pin_list>
<bind>
<opcode="read(1150) " fcode="read"/>
<opset="eventSlice_offset_re/1 "/>
</bind>
</comp>

<comp id="78" class="1004" name="grp_writeresp_fu_78">
<pin_list>
<pin id="79" dir="0" index="0" bw="1" slack="0"/>
<pin id="80" dir="0" index="1" bw="8" slack="20"/>
<pin id="81" dir="0" index="2" bw="9" slack="0"/>
<pin id="82" dir="1" index="3" bw="1" slack="2147483647"/>
</pin_list>
<bind>
<opcode="writereq(1155) writeresp(1158) " fcode="writeresp"/>
<opset="eventSlice_addr_1_wr/22 eventSlice_addr_1_wr_1/24 "/>
</bind>
</comp>

<comp id="85" class="1004" name="StgValue_116_write_fu_85">
<pin_list>
<pin id="86" dir="0" index="0" bw="0" slack="0"/>
<pin id="87" dir="0" index="1" bw="8" slack="21"/>
<pin id="88" dir="0" index="2" bw="8" slack="18"/>
<pin id="89" dir="0" index="3" bw="1" slack="0"/>
<pin id="90" dir="1" index="4" bw="0" slack="2147483647"/>
</pin_list>
<bind>
<opcode="write(1151) " fcode="write"/>
<opset="StgValue_116/23 "/>
</bind>
</comp>

<comp id="94" class="1004" name="glPLSlices_addr_gep_fu_94">
<pin_list>
<pin id="95" dir="0" index="0" bw="8" slack="0"/>
<pin id="96" dir="0" index="1" bw="1" slack="0"/>
<pin id="97" dir="0" index="2" bw="18" slack="0"/>
<pin id="98" dir="1" index="3" bw="17" slack="0"/>
</pin_list>
<bind>
<opcode="getelementptr(29) " fcode="getelementptr"/>
<opset="glPLSlices_addr/4 "/>
</bind>
</comp>

<comp id="101" class="1004" name="grp_access_fu_101">
<pin_list>
<pin id="102" dir="0" index="0" bw="17" slack="0"/>
<pin id="103" dir="0" index="1" bw="8" slack="2147483647"/>
<pin id="104" dir="1" index="2" bw="8" slack="18"/>
</pin_list>
<bind>
<opcode="load(27) " fcode="load"/>
<opset="glPLSlices_load/4 "/>
</bind>
</comp>

<comp id="106" class="1005" name="indvar_flatten_reg_106">
<pin_list>
<pin id="107" dir="0" index="0" bw="16" slack="1"/>
<pin id="108" dir="1" index="1" bw="16" slack="1"/>
</pin_list>
<bind>
<opset="indvar_flatten (phireg) "/>
</bind>
</comp>

<comp id="110" class="1004" name="indvar_flatten_phi_fu_110">
<pin_list>
<pin id="111" dir="0" index="0" bw="1" slack="1"/>
<pin id="112" dir="0" index="1" bw="0" slack="2147483647"/>
<pin id="113" dir="0" index="2" bw="16" slack="0"/>
<pin id="114" dir="0" index="3" bw="0" slack="2147483647"/>
<pin id="115" dir="1" index="4" bw="16" slack="0"/>
</pin_list>
<bind>
<opcode="phi(47) " fcode="phi"/>
<opset="indvar_flatten/2 "/>
</bind>
</comp>

<comp id="118" class="1005" name="i_reg_118">
<pin_list>
<pin id="119" dir="0" index="0" bw="8" slack="1"/>
<pin id="120" dir="1" index="1" bw="8" slack="1"/>
</pin_list>
<bind>
<opset="i (phireg) "/>
</bind>
</comp>

<comp id="122" class="1004" name="i_phi_fu_122">
<pin_list>
<pin id="123" dir="0" index="0" bw="1" slack="1"/>
<pin id="124" dir="0" index="1" bw="0" slack="2147483647"/>
<pin id="125" dir="0" index="2" bw="8" slack="0"/>
<pin id="126" dir="0" index="3" bw="0" slack="2147483647"/>
<pin id="127" dir="1" index="4" bw="8" slack="0"/>
</pin_list>
<bind>
<opcode="phi(47) " fcode="phi"/>
<opset="i/2 "/>
</bind>
</comp>

<comp id="129" class="1005" name="j_reg_129">
<pin_list>
<pin id="130" dir="0" index="0" bw="8" slack="1"/>
<pin id="131" dir="1" index="1" bw="8" slack="1"/>
</pin_list>
<bind>
<opset="j (phireg) "/>
</bind>
</comp>

<comp id="133" class="1004" name="j_phi_fu_133">
<pin_list>
<pin id="134" dir="0" index="0" bw="1" slack="1"/>
<pin id="135" dir="0" index="1" bw="0" slack="2147483647"/>
<pin id="136" dir="0" index="2" bw="8" slack="0"/>
<pin id="137" dir="0" index="3" bw="0" slack="2147483647"/>
<pin id="138" dir="1" index="4" bw="8" slack="0"/>
</pin_list>
<bind>
<opcode="phi(47) " fcode="phi"/>
<opset="j/2 "/>
</bind>
</comp>

<comp id="140" class="1004" name="p_shl_fu_140">
<pin_list>
<pin id="141" dir="0" index="0" bw="16" slack="0"/>
<pin id="142" dir="0" index="1" bw="8" slack="0"/>
<pin id="143" dir="0" index="2" bw="1" slack="0"/>
<pin id="144" dir="1" index="3" bw="16" slack="0"/>
</pin_list>
<bind>
<opcode="bitconcatenate(1004) " fcode="bitconcatenate"/>
<opset="p_shl/2 "/>
</bind>
</comp>

<comp id="148" class="1004" name="p_shl_cast_fu_148">
<pin_list>
<pin id="149" dir="0" index="0" bw="16" slack="0"/>
<pin id="150" dir="1" index="1" bw="17" slack="0"/>
</pin_list>
<bind>
<opcode="zext(34) " fcode="zext"/>
<opset="p_shl_cast/2 "/>
</bind>
</comp>

<comp id="152" class="1004" name="p_shl1_fu_152">
<pin_list>
<pin id="153" dir="0" index="0" bw="12" slack="0"/>
<pin id="154" dir="0" index="1" bw="8" slack="0"/>
<pin id="155" dir="0" index="2" bw="1" slack="0"/>
<pin id="156" dir="1" index="3" bw="12" slack="0"/>
</pin_list>
<bind>
<opcode="bitconcatenate(1004) " fcode="bitconcatenate"/>
<opset="p_shl1/2 "/>
</bind>
</comp>

<comp id="160" class="1004" name="p_shl1_cast_fu_160">
<pin_list>
<pin id="161" dir="0" index="0" bw="12" slack="0"/>
<pin id="162" dir="1" index="1" bw="17" slack="0"/>
</pin_list>
<bind>
<opcode="zext(34) " fcode="zext"/>
<opset="p_shl1_cast/2 "/>
</bind>
</comp>

<comp id="164" class="1004" name="tmp_s_fu_164">
<pin_list>
<pin id="165" dir="0" index="0" bw="16" slack="0"/>
<pin id="166" dir="0" index="1" bw="12" slack="0"/>
<pin id="167" dir="1" index="2" bw="17" slack="0"/>
</pin_list>
<bind>
<opcode="sub(10) " fcode="sub"/>
<opset="tmp_s/2 "/>
</bind>
</comp>

<comp id="170" class="1004" name="exitcond_flatten_fu_170">
<pin_list>
<pin id="171" dir="0" index="0" bw="16" slack="0"/>
<pin id="172" dir="0" index="1" bw="16" slack="0"/>
<pin id="173" dir="1" index="2" bw="1" slack="1"/>
</pin_list>
<bind>
<opcode="icmp(45) " fcode="icmp"/>
<opset="exitcond_flatten/2 "/>
</bind>
</comp>

<comp id="176" class="1004" name="indvar_flatten_next_fu_176">
<pin_list>
<pin id="177" dir="0" index="0" bw="16" slack="0"/>
<pin id="178" dir="0" index="1" bw="1" slack="0"/>
<pin id="179" dir="1" index="2" bw="16" slack="0"/>
</pin_list>
<bind>
<opcode="add(8) " fcode="add"/>
<opset="indvar_flatten_next/2 "/>
</bind>
</comp>

<comp id="182" class="1004" name="i_3_fu_182">
<pin_list>
<pin id="183" dir="0" index="0" bw="8" slack="0"/>
<pin id="184" dir="0" index="1" bw="1" slack="0"/>
<pin id="185" dir="1" index="2" bw="8" slack="0"/>
</pin_list>
<bind>
<opcode="add(8) " fcode="add"/>
<opset="i_3/2 "/>
</bind>
</comp>

<comp id="188" class="1004" name="exitcond_fu_188">
<pin_list>
<pin id="189" dir="0" index="0" bw="8" slack="0"/>
<pin id="190" dir="0" index="1" bw="5" slack="0"/>
<pin id="191" dir="1" index="2" bw="1" slack="0"/>
</pin_list>
<bind>
<opcode="icmp(45) " fcode="icmp"/>
<opset="exitcond/2 "/>
</bind>
</comp>

<comp id="194" class="1004" name="j_mid2_fu_194">
<pin_list>
<pin id="195" dir="0" index="0" bw="1" slack="0"/>
<pin id="196" dir="0" index="1" bw="1" slack="0"/>
<pin id="197" dir="0" index="2" bw="8" slack="0"/>
<pin id="198" dir="1" index="3" bw="8" slack="0"/>
</pin_list>
<bind>
<opcode="select(49) " fcode="select"/>
<opset="j_mid2/2 "/>
</bind>
</comp>

<comp id="202" class="1004" name="tmp_mid2_v_fu_202">
<pin_list>
<pin id="203" dir="0" index="0" bw="1" slack="0"/>
<pin id="204" dir="0" index="1" bw="8" slack="0"/>
<pin id="205" dir="0" index="2" bw="8" slack="0"/>
<pin id="206" dir="1" index="3" bw="8" slack="0"/>
</pin_list>
<bind>
<opcode="select(49) " fcode="select"/>
<opset="tmp_mid2_v/2 "/>
</bind>
</comp>

<comp id="210" class="1004" name="p_shl_mid1_fu_210">
<pin_list>
<pin id="211" dir="0" index="0" bw="16" slack="0"/>
<pin id="212" dir="0" index="1" bw="8" slack="0"/>
<pin id="213" dir="0" index="2" bw="1" slack="0"/>
<pin id="214" dir="1" index="3" bw="16" slack="0"/>
</pin_list>
<bind>
<opcode="bitconcatenate(1004) " fcode="bitconcatenate"/>
<opset="p_shl_mid1/2 "/>
</bind>
</comp>

<comp id="218" class="1004" name="p_shl_cast_mid1_fu_218">
<pin_list>
<pin id="219" dir="0" index="0" bw="16" slack="0"/>
<pin id="220" dir="1" index="1" bw="17" slack="0"/>
</pin_list>
<bind>
<opcode="zext(34) " fcode="zext"/>
<opset="p_shl_cast_mid1/2 "/>
</bind>
</comp>

<comp id="222" class="1004" name="p_shl1_mid1_fu_222">
<pin_list>
<pin id="223" dir="0" index="0" bw="12" slack="0"/>
<pin id="224" dir="0" index="1" bw="8" slack="0"/>
<pin id="225" dir="0" index="2" bw="1" slack="0"/>
<pin id="226" dir="1" index="3" bw="12" slack="0"/>
</pin_list>
<bind>
<opcode="bitconcatenate(1004) " fcode="bitconcatenate"/>
<opset="p_shl1_mid1/2 "/>
</bind>
</comp>

<comp id="230" class="1004" name="p_shl1_cast_mid1_fu_230">
<pin_list>
<pin id="231" dir="0" index="0" bw="12" slack="0"/>
<pin id="232" dir="1" index="1" bw="17" slack="0"/>
</pin_list>
<bind>
<opcode="zext(34) " fcode="zext"/>
<opset="p_shl1_cast_mid1/2 "/>
</bind>
</comp>

<comp id="234" class="1004" name="tmp_mid1_fu_234">
<pin_list>
<pin id="235" dir="0" index="0" bw="16" slack="0"/>
<pin id="236" dir="0" index="1" bw="12" slack="0"/>
<pin id="237" dir="1" index="2" bw="17" slack="0"/>
</pin_list>
<bind>
<opcode="sub(10) " fcode="sub"/>
<opset="tmp_mid1/2 "/>
</bind>
</comp>

<comp id="240" class="1004" name="tmp_mid2_fu_240">
<pin_list>
<pin id="241" dir="0" index="0" bw="1" slack="0"/>
<pin id="242" dir="0" index="1" bw="17" slack="0"/>
<pin id="243" dir="0" index="2" bw="17" slack="0"/>
<pin id="244" dir="1" index="3" bw="17" slack="0"/>
</pin_list>
<bind>
<opcode="select(49) " fcode="select"/>
<opset="tmp_mid2/2 "/>
</bind>
</comp>

<comp id="248" class="1004" name="tmp_7_mid2_fu_248">
<pin_list>
<pin id="249" dir="0" index="0" bw="17" slack="0"/>
<pin id="250" dir="1" index="1" bw="32" slack="0"/>
</pin_list>
<bind>
<opcode="sext(35) " fcode="sext"/>
<opset="tmp_7_mid2/2 "/>
</bind>
</comp>

<comp id="252" class="1004" name="sum2_fu_252">
<pin_list>
<pin id="253" dir="0" index="0" bw="32" slack="1"/>
<pin id="254" dir="0" index="1" bw="17" slack="0"/>
<pin id="255" dir="1" index="2" bw="32" slack="0"/>
</pin_list>
<bind>
<opcode="add(8) " fcode="add"/>
<opset="sum2/2 "/>
</bind>
</comp>

<comp id="257" class="1004" name="eventSlice_addr_fu_257">
<pin_list>
<pin id="258" dir="0" index="0" bw="8" slack="0"/>
<pin id="259" dir="0" index="1" bw="32" slack="0"/>
<pin id="260" dir="1" index="2" bw="8" slack="20"/>
</pin_list>
<bind>
<opcode="getelementptr(29) " fcode="getelementptr"/>
<opset="eventSlice_addr/2 "/>
</bind>
</comp>

<comp id="263" class="1004" name="grp_fu_263">
<pin_list>
<pin id="264" dir="0" index="0" bw="16" slack="0"/>
<pin id="265" dir="0" index="1" bw="9" slack="0"/>
<pin id="266" dir="1" index="2" bw="16" slack="0"/>
</pin_list>
<bind>
<opcode="urem(17) " fcode="urem"/>
<opset="tmp_13/2 "/>
</bind>
</comp>

<comp id="269" class="1004" name="j_1_fu_269">
<pin_list>
<pin id="270" dir="0" index="0" bw="8" slack="0"/>
<pin id="271" dir="0" index="1" bw="1" slack="0"/>
<pin id="272" dir="1" index="2" bw="8" slack="0"/>
</pin_list>
<bind>
<opcode="add(8) " fcode="add"/>
<opset="j_1/2 "/>
</bind>
</comp>

<comp id="275" class="1004" name="tmp_fu_275">
<pin_list>
<pin id="276" dir="0" index="0" bw="16" slack="0"/>
<pin id="277" dir="0" index="1" bw="8" slack="1"/>
<pin id="278" dir="0" index="2" bw="1" slack="0"/>
<pin id="279" dir="1" index="3" bw="16" slack="0"/>
</pin_list>
<bind>
<opcode="bitconcatenate(1004) " fcode="bitconcatenate"/>
<opset="tmp/3 "/>
</bind>
</comp>

<comp id="282" class="1004" name="p_shl4_cast_fu_282">
<pin_list>
<pin id="283" dir="0" index="0" bw="16" slack="0"/>
<pin id="284" dir="1" index="1" bw="17" slack="0"/>
</pin_list>
<bind>
<opcode="zext(34) " fcode="zext"/>
<opset="p_shl4_cast/3 "/>
</bind>
</comp>

<comp id="286" class="1004" name="tmp_243_fu_286">
<pin_list>
<pin id="287" dir="0" index="0" bw="12" slack="0"/>
<pin id="288" dir="0" index="1" bw="8" slack="1"/>
<pin id="289" dir="0" index="2" bw="1" slack="0"/>
<pin id="290" dir="1" index="3" bw="12" slack="0"/>
</pin_list>
<bind>
<opcode="bitconcatenate(1004) " fcode="bitconcatenate"/>
<opset="tmp_243/3 "/>
</bind>
</comp>

<comp id="293" class="1004" name="p_shl5_cast_fu_293">
<pin_list>
<pin id="294" dir="0" index="0" bw="12" slack="0"/>
<pin id="295" dir="1" index="1" bw="17" slack="0"/>
</pin_list>
<bind>
<opcode="zext(34) " fcode="zext"/>
<opset="p_shl5_cast/3 "/>
</bind>
</comp>

<comp id="297" class="1004" name="tmp_244_fu_297">
<pin_list>
<pin id="298" dir="0" index="0" bw="16" slack="0"/>
<pin id="299" dir="0" index="1" bw="12" slack="0"/>
<pin id="300" dir="1" index="2" bw="17" slack="0"/>
</pin_list>
<bind>
<opcode="sub(10) " fcode="sub"/>
<opset="tmp_244/3 "/>
</bind>
</comp>

<comp id="303" class="1004" name="tmp_252_cast_fu_303">
<pin_list>
<pin id="304" dir="0" index="0" bw="17" slack="0"/>
<pin id="305" dir="1" index="1" bw="18" slack="0"/>
</pin_list>
<bind>
<opcode="sext(35) " fcode="sext"/>
<opset="tmp_252_cast/3 "/>
</bind>
</comp>

<comp id="307" class="1004" name="tmp_1_cast_fu_307">
<pin_list>
<pin id="308" dir="0" index="0" bw="8" slack="1"/>
<pin id="309" dir="1" index="1" bw="18" slack="0"/>
</pin_list>
<bind>
<opcode="zext(34) " fcode="zext"/>
<opset="tmp_1_cast/3 "/>
</bind>
</comp>

<comp id="310" class="1004" name="tmp_245_fu_310">
<pin_list>
<pin id="311" dir="0" index="0" bw="17" slack="0"/>
<pin id="312" dir="0" index="1" bw="8" slack="0"/>
<pin id="313" dir="1" index="2" bw="18" slack="1"/>
</pin_list>
<bind>
<opcode="add(8) " fcode="add"/>
<opset="tmp_245/3 "/>
</bind>
</comp>

<comp id="316" class="1004" name="grp_fu_316">
<pin_list>
<pin id="317" dir="0" index="0" bw="16" slack="1"/>
<pin id="318" dir="0" index="1" bw="9" slack="0"/>
<pin id="319" dir="1" index="2" bw="16" slack="0"/>
</pin_list>
<bind>
<opcode="urem(17) " fcode="urem"/>
<opset="tmp_15/3 "/>
</bind>
</comp>

<comp id="321" class="1004" name="tmp_253_cast_fu_321">
<pin_list>
<pin id="322" dir="0" index="0" bw="18" slack="1"/>
<pin id="323" dir="1" index="1" bw="32" slack="0"/>
</pin_list>
<bind>
<opcode="sext(35) " fcode="sext"/>
<opset="tmp_253_cast/4 "/>
</bind>
</comp>

<comp id="325" class="1004" name="tmp_14_fu_325">
<pin_list>
<pin id="326" dir="0" index="0" bw="9" slack="0"/>
<pin id="327" dir="0" index="1" bw="1" slack="0"/>
<pin id="328" dir="1" index="2" bw="1" slack="1"/>
</pin_list>
<bind>
<opcode="icmp(45) " fcode="icmp"/>
<opset="tmp_14/21 "/>
</bind>
</comp>

<comp id="331" class="1004" name="tmp_16_fu_331">
<pin_list>
<pin id="332" dir="0" index="0" bw="9" slack="0"/>
<pin id="333" dir="0" index="1" bw="1" slack="0"/>
<pin id="334" dir="1" index="2" bw="1" slack="2"/>
</pin_list>
<bind>
<opcode="icmp(45) " fcode="icmp"/>
<opset="tmp_16/22 "/>
</bind>
</comp>

<comp id="337" class="1005" name="eventSlice_offset_re_reg_337">
<pin_list>
<pin id="338" dir="0" index="0" bw="32" slack="1"/>
<pin id="339" dir="1" index="1" bw="32" slack="1"/>
</pin_list>
<bind>
<opset="eventSlice_offset_re "/>
</bind>
</comp>

<comp id="342" class="1005" name="exitcond_flatten_reg_342">
<pin_list>
<pin id="343" dir="0" index="0" bw="1" slack="1"/>
<pin id="344" dir="1" index="1" bw="1" slack="2147483647"/>
</pin_list>
<bind>
<opset="exitcond_flatten "/>
</bind>
</comp>

<comp id="346" class="1005" name="indvar_flatten_next_reg_346">
<pin_list>
<pin id="347" dir="0" index="0" bw="16" slack="0"/>
<pin id="348" dir="1" index="1" bw="16" slack="0"/>
</pin_list>
<bind>
<opset="indvar_flatten_next "/>
</bind>
</comp>

<comp id="352" class="1005" name="j_mid2_reg_352">
<pin_list>
<pin id="353" dir="0" index="0" bw="8" slack="1"/>
<pin id="354" dir="1" index="1" bw="8" slack="1"/>
</pin_list>
<bind>
<opset="j_mid2 "/>
</bind>
</comp>

<comp id="357" class="1005" name="tmp_mid2_v_reg_357">
<pin_list>
<pin id="358" dir="0" index="0" bw="8" slack="0"/>
<pin id="359" dir="1" index="1" bw="8" slack="0"/>
</pin_list>
<bind>
<opset="tmp_mid2_v "/>
</bind>
</comp>

<comp id="364" class="1005" name="eventSlice_addr_reg_364">
<pin_list>
<pin id="365" dir="0" index="0" bw="8" slack="20"/>
<pin id="366" dir="1" index="1" bw="8" slack="20"/>
</pin_list>
<bind>
<opset="eventSlice_addr "/>
</bind>
</comp>

<comp id="370" class="1005" name="j_1_reg_370">
<pin_list>
<pin id="371" dir="0" index="0" bw="8" slack="0"/>
<pin id="372" dir="1" index="1" bw="8" slack="0"/>
</pin_list>
<bind>
<opset="j_1 "/>
</bind>
</comp>

<comp id="375" class="1005" name="tmp_245_reg_375">
<pin_list>
<pin id="376" dir="0" index="0" bw="18" slack="1"/>
<pin id="377" dir="1" index="1" bw="18" slack="1"/>
</pin_list>
<bind>
<opset="tmp_245 "/>
</bind>
</comp>

<comp id="380" class="1005" name="glPLSlices_addr_reg_380">
<pin_list>
<pin id="381" dir="0" index="0" bw="17" slack="1"/>
<pin id="382" dir="1" index="1" bw="17" slack="1"/>
</pin_list>
<bind>
<opset="glPLSlices_addr "/>
</bind>
</comp>

<comp id="385" class="1005" name="glPLSlices_load_reg_385">
<pin_list>
<pin id="386" dir="0" index="0" bw="8" slack="18"/>
<pin id="387" dir="1" index="1" bw="8" slack="18"/>
</pin_list>
<bind>
<opset="glPLSlices_load "/>
</bind>
</comp>

<comp id="390" class="1005" name="tmp_14_reg_390">
<pin_list>
<pin id="391" dir="0" index="0" bw="1" slack="1"/>
<pin id="392" dir="1" index="1" bw="1" slack="2147483647"/>
</pin_list>
<bind>
<opset="tmp_14 "/>
</bind>
</comp>

<comp id="394" class="1005" name="tmp_16_reg_394">
<pin_list>
<pin id="395" dir="0" index="0" bw="1" slack="2"/>
<pin id="396" dir="1" index="1" bw="1" slack="2147483647"/>
</pin_list>
<bind>
<opset="tmp_16 "/>
</bind>
</comp>

</comp_list>

<net_list>
<net id="76"><net_src comp="20" pin="0"/><net_sink comp="72" pin=0"/></net>

<net id="77"><net_src comp="2" pin="0"/><net_sink comp="72" pin=1"/></net>

<net id="83"><net_src comp="46" pin="0"/><net_sink comp="78" pin=0"/></net>

<net id="84"><net_src comp="48" pin="0"/><net_sink comp="78" pin=2"/></net>

<net id="91"><net_src comp="50" pin="0"/><net_sink comp="85" pin=0"/></net>

<net id="92"><net_src comp="52" pin="0"/><net_sink comp="85" pin=3"/></net>

<net id="93"><net_src comp="54" pin="0"/><net_sink comp="78" pin=0"/></net>

<net id="99"><net_src comp="4" pin="0"/><net_sink comp="94" pin=0"/></net>

<net id="100"><net_src comp="10" pin="0"/><net_sink comp="94" pin=1"/></net>

<net id="105"><net_src comp="94" pin="3"/><net_sink comp="101" pin=0"/></net>

<net id="109"><net_src comp="22" pin="0"/><net_sink comp="106" pin=0"/></net>

<net id="116"><net_src comp="106" pin="1"/><net_sink comp="110" pin=0"/></net>

<net id="117"><net_src comp="110" pin="4"/><net_sink comp="106" pin=0"/></net>

<net id="121"><net_src comp="24" pin="0"/><net_sink comp="118" pin=0"/></net>

<net id="128"><net_src comp="118" pin="1"/><net_sink comp="122" pin=0"/></net>

<net id="132"><net_src comp="24" pin="0"/><net_sink comp="129" pin=0"/></net>

<net id="139"><net_src comp="129" pin="1"/><net_sink comp="133" pin=0"/></net>

<net id="145"><net_src comp="26" pin="0"/><net_sink comp="140" pin=0"/></net>

<net id="146"><net_src comp="122" pin="4"/><net_sink comp="140" pin=1"/></net>

<net id="147"><net_src comp="24" pin="0"/><net_sink comp="140" pin=2"/></net>

<net id="151"><net_src comp="140" pin="3"/><net_sink comp="148" pin=0"/></net>

<net id="157"><net_src comp="28" pin="0"/><net_sink comp="152" pin=0"/></net>

<net id="158"><net_src comp="122" pin="4"/><net_sink comp="152" pin=1"/></net>

<net id="159"><net_src comp="30" pin="0"/><net_sink comp="152" pin=2"/></net>

<net id="163"><net_src comp="152" pin="3"/><net_sink comp="160" pin=0"/></net>

<net id="168"><net_src comp="148" pin="1"/><net_sink comp="164" pin=0"/></net>

<net id="169"><net_src comp="160" pin="1"/><net_sink comp="164" pin=1"/></net>

<net id="174"><net_src comp="110" pin="4"/><net_sink comp="170" pin=0"/></net>

<net id="175"><net_src comp="32" pin="0"/><net_sink comp="170" pin=1"/></net>

<net id="180"><net_src comp="110" pin="4"/><net_sink comp="176" pin=0"/></net>

<net id="181"><net_src comp="38" pin="0"/><net_sink comp="176" pin=1"/></net>

<net id="186"><net_src comp="122" pin="4"/><net_sink comp="182" pin=0"/></net>

<net id="187"><net_src comp="40" pin="0"/><net_sink comp="182" pin=1"/></net>

<net id="192"><net_src comp="133" pin="4"/><net_sink comp="188" pin=0"/></net>

<net id="193"><net_src comp="42" pin="0"/><net_sink comp="188" pin=1"/></net>

<net id="199"><net_src comp="188" pin="2"/><net_sink comp="194" pin=0"/></net>

<net id="200"><net_src comp="24" pin="0"/><net_sink comp="194" pin=1"/></net>

<net id="201"><net_src comp="133" pin="4"/><net_sink comp="194" pin=2"/></net>

<net id="207"><net_src comp="188" pin="2"/><net_sink comp="202" pin=0"/></net>

<net id="208"><net_src comp="182" pin="2"/><net_sink comp="202" pin=1"/></net>

<net id="209"><net_src comp="122" pin="4"/><net_sink comp="202" pin=2"/></net>

<net id="215"><net_src comp="26" pin="0"/><net_sink comp="210" pin=0"/></net>

<net id="216"><net_src comp="182" pin="2"/><net_sink comp="210" pin=1"/></net>

<net id="217"><net_src comp="24" pin="0"/><net_sink comp="210" pin=2"/></net>

<net id="221"><net_src comp="210" pin="3"/><net_sink comp="218" pin=0"/></net>

<net id="227"><net_src comp="28" pin="0"/><net_sink comp="222" pin=0"/></net>

<net id="228"><net_src comp="182" pin="2"/><net_sink comp="222" pin=1"/></net>

<net id="229"><net_src comp="30" pin="0"/><net_sink comp="222" pin=2"/></net>

<net id="233"><net_src comp="222" pin="3"/><net_sink comp="230" pin=0"/></net>

<net id="238"><net_src comp="218" pin="1"/><net_sink comp="234" pin=0"/></net>

<net id="239"><net_src comp="230" pin="1"/><net_sink comp="234" pin=1"/></net>

<net id="245"><net_src comp="188" pin="2"/><net_sink comp="240" pin=0"/></net>

<net id="246"><net_src comp="234" pin="2"/><net_sink comp="240" pin=1"/></net>

<net id="247"><net_src comp="164" pin="2"/><net_sink comp="240" pin=2"/></net>

<net id="251"><net_src comp="240" pin="3"/><net_sink comp="248" pin=0"/></net>

<net id="256"><net_src comp="248" pin="1"/><net_sink comp="252" pin=1"/></net>

<net id="261"><net_src comp="0" pin="0"/><net_sink comp="257" pin=0"/></net>

<net id="262"><net_src comp="252" pin="2"/><net_sink comp="257" pin=1"/></net>

<net id="267"><net_src comp="110" pin="4"/><net_sink comp="263" pin=0"/></net>

<net id="268"><net_src comp="44" pin="0"/><net_sink comp="263" pin=1"/></net>

<net id="273"><net_src comp="194" pin="3"/><net_sink comp="269" pin=0"/></net>

<net id="274"><net_src comp="40" pin="0"/><net_sink comp="269" pin=1"/></net>

<net id="280"><net_src comp="26" pin="0"/><net_sink comp="275" pin=0"/></net>

<net id="281"><net_src comp="24" pin="0"/><net_sink comp="275" pin=2"/></net>

<net id="285"><net_src comp="275" pin="3"/><net_sink comp="282" pin=0"/></net>

<net id="291"><net_src comp="28" pin="0"/><net_sink comp="286" pin=0"/></net>

<net id="292"><net_src comp="30" pin="0"/><net_sink comp="286" pin=2"/></net>

<net id="296"><net_src comp="286" pin="3"/><net_sink comp="293" pin=0"/></net>

<net id="301"><net_src comp="282" pin="1"/><net_sink comp="297" pin=0"/></net>

<net id="302"><net_src comp="293" pin="1"/><net_sink comp="297" pin=1"/></net>

<net id="306"><net_src comp="297" pin="2"/><net_sink comp="303" pin=0"/></net>

<net id="314"><net_src comp="303" pin="1"/><net_sink comp="310" pin=0"/></net>

<net id="315"><net_src comp="307" pin="1"/><net_sink comp="310" pin=1"/></net>

<net id="320"><net_src comp="44" pin="0"/><net_sink comp="316" pin=1"/></net>

<net id="324"><net_src comp="321" pin="1"/><net_sink comp="94" pin=2"/></net>

<net id="329"><net_src comp="263" pin="2"/><net_sink comp="325" pin=0"/></net>

<net id="330"><net_src comp="22" pin="0"/><net_sink comp="325" pin=1"/></net>

<net id="335"><net_src comp="316" pin="2"/><net_sink comp="331" pin=0"/></net>

<net id="336"><net_src comp="22" pin="0"/><net_sink comp="331" pin=1"/></net>

<net id="340"><net_src comp="72" pin="2"/><net_sink comp="337" pin=0"/></net>

<net id="341"><net_src comp="337" pin="1"/><net_sink comp="252" pin=0"/></net>

<net id="345"><net_src comp="170" pin="2"/><net_sink comp="342" pin=0"/></net>

<net id="349"><net_src comp="176" pin="2"/><net_sink comp="346" pin=0"/></net>

<net id="350"><net_src comp="346" pin="1"/><net_sink comp="110" pin=2"/></net>

<net id="351"><net_src comp="346" pin="1"/><net_sink comp="316" pin=0"/></net>

<net id="355"><net_src comp="194" pin="3"/><net_sink comp="352" pin=0"/></net>

<net id="356"><net_src comp="352" pin="1"/><net_sink comp="307" pin=0"/></net>

<net id="360"><net_src comp="202" pin="3"/><net_sink comp="357" pin=0"/></net>

<net id="361"><net_src comp="357" pin="1"/><net_sink comp="122" pin=2"/></net>

<net id="362"><net_src comp="357" pin="1"/><net_sink comp="275" pin=1"/></net>

<net id="363"><net_src comp="357" pin="1"/><net_sink comp="286" pin=1"/></net>

<net id="367"><net_src comp="257" pin="2"/><net_sink comp="364" pin=0"/></net>

<net id="368"><net_src comp="364" pin="1"/><net_sink comp="78" pin=1"/></net>

<net id="369"><net_src comp="364" pin="1"/><net_sink comp="85" pin=1"/></net>

<net id="373"><net_src comp="269" pin="2"/><net_sink comp="370" pin=0"/></net>

<net id="374"><net_src comp="370" pin="1"/><net_sink comp="133" pin=2"/></net>

<net id="378"><net_src comp="310" pin="2"/><net_sink comp="375" pin=0"/></net>

<net id="379"><net_src comp="375" pin="1"/><net_sink comp="321" pin=0"/></net>

<net id="383"><net_src comp="94" pin="3"/><net_sink comp="380" pin=0"/></net>

<net id="384"><net_src comp="380" pin="1"/><net_sink comp="101" pin=0"/></net>

<net id="388"><net_src comp="101" pin="2"/><net_sink comp="385" pin=0"/></net>

<net id="389"><net_src comp="385" pin="1"/><net_sink comp="85" pin=2"/></net>

<net id="393"><net_src comp="325" pin="2"/><net_sink comp="390" pin=0"/></net>

<net id="397"><net_src comp="331" pin="2"/><net_sink comp="394" pin=0"/></net>

</net_list>

</model> 
---------------- Datapath Model END ------------------

* FSMD analyzer results:
  - Output states:
	Port: eventSlice | {22 23 24 25 26 27 28 }
 - Input state : 
	Port: copyToPS : eventSlice_offset | {1 }
	Port: copyToPS : glPLSlices | {4 5 }
  - Chain level:
	State 1
	State 2
		p_shl : 1
		p_shl_cast : 2
		p_shl1 : 1
		p_shl1_cast : 2
		tmp_s : 3
		exitcond_flatten : 1
		indvar_flatten_next : 1
		StgValue_44 : 2
		i_3 : 1
		exitcond : 1
		j_mid2 : 2
		tmp_mid2_v : 2
		p_shl_mid1 : 2
		p_shl_cast_mid1 : 3
		p_shl1_mid1 : 2
		p_shl1_cast_mid1 : 3
		tmp_mid1 : 4
		tmp_mid2 : 5
		tmp_7_mid2 : 6
		sum2 : 7
		eventSlice_addr : 8
		tmp_13 : 1
		j_1 : 3
	State 3
		p_shl4_cast : 1
		p_shl5_cast : 1
		tmp_244 : 2
		tmp_252_cast : 3
		tmp_245 : 4
	State 4
		glPLSlices_addr : 1
		glPLSlices_load : 2
	State 5
	State 6
	State 7
	State 8
	State 9
	State 10
	State 11
	State 12
	State 13
	State 14
	State 15
	State 16
	State 17
	State 18
	State 19
	State 20
	State 21
		tmp_14 : 1
		StgValue_110 : 2
	State 22
		tmp_16 : 1
		StgValue_115 : 2
	State 23
	State 24
	State 25
	State 26
	State 27
	State 28
		empty : 1
	State 29


============================================================
+ Verbose Summary: Datapath Resource usage 
============================================================

* Functional unit list:
|----------|---------------------------------|---------|---------|
| Operation|         Functional Unit         |    FF   |   LUT   |
|----------|---------------------------------|---------|---------|
|   urem   |            grp_fu_263           |   635   |   487   |
|          |            grp_fu_316           |   635   |   487   |
|----------|---------------------------------|---------|---------|
|          |    indvar_flatten_next_fu_176   |    0    |    23   |
|          |            i_3_fu_182           |    0    |    15   |
|    add   |           sum2_fu_252           |    0    |    39   |
|          |            j_1_fu_269           |    0    |    15   |
|          |          tmp_245_fu_310         |    0    |    24   |
|----------|---------------------------------|---------|---------|
|          |           tmp_s_fu_164          |    0    |    23   |
|    sub   |         tmp_mid1_fu_234         |    0    |    23   |
|          |          tmp_244_fu_297         |    0    |    23   |
|----------|---------------------------------|---------|---------|
|          |     exitcond_flatten_fu_170     |    0    |    13   |
|   icmp   |         exitcond_fu_188         |    0    |    11   |
|          |          tmp_14_fu_325          |    0    |    13   |
|          |          tmp_16_fu_331          |    0    |    13   |
|----------|---------------------------------|---------|---------|
|          |          j_mid2_fu_194          |    0    |    8    |
|  select  |        tmp_mid2_v_fu_202        |    0    |    8    |
|          |         tmp_mid2_fu_240         |    0    |    17   |
|----------|---------------------------------|---------|---------|
|   read   | eventSlice_offset_re_read_fu_72 |    0    |    0    |
|----------|---------------------------------|---------|---------|
| writeresp|       grp_writeresp_fu_78       |    0    |    0    |
|----------|---------------------------------|---------|---------|
|   write  |     StgValue_116_write_fu_85    |    0    |    0    |
|----------|---------------------------------|---------|---------|
|          |           p_shl_fu_140          |    0    |    0    |
|          |          p_shl1_fu_152          |    0    |    0    |
|bitconcatenate|        p_shl_mid1_fu_210        |    0    |    0    |
|          |        p_shl1_mid1_fu_222       |    0    |    0    |
|          |            tmp_fu_275           |    0    |    0    |
|          |          tmp_243_fu_286         |    0    |    0    |
|----------|---------------------------------|---------|---------|
|          |        p_shl_cast_fu_148        |    0    |    0    |
|          |        p_shl1_cast_fu_160       |    0    |    0    |
|          |      p_shl_cast_mid1_fu_218     |    0    |    0    |
|   zext   |     p_shl1_cast_mid1_fu_230     |    0    |    0    |
|          |        p_shl4_cast_fu_282       |    0    |    0    |
|          |        p_shl5_cast_fu_293       |    0    |    0    |
|          |        tmp_1_cast_fu_307        |    0    |    0    |
|----------|---------------------------------|---------|---------|
|          |        tmp_7_mid2_fu_248        |    0    |    0    |
|   sext   |       tmp_252_cast_fu_303       |    0    |    0    |
|          |       tmp_253_cast_fu_321       |    0    |    0    |
|----------|---------------------------------|---------|---------|
|   Total  |                                 |   1270  |   1242  |
|----------|---------------------------------|---------|---------|

Memories:
N/A

* Register list:
+----------------------------+--------+
|                            |   FF   |
+----------------------------+--------+
|   eventSlice_addr_reg_364  |    8   |
|eventSlice_offset_re_reg_337|   32   |
|  exitcond_flatten_reg_342  |    1   |
|   glPLSlices_addr_reg_380  |   17   |
|   glPLSlices_load_reg_385  |    8   |
|          i_reg_118         |    8   |
| indvar_flatten_next_reg_346|   16   |
|   indvar_flatten_reg_106   |   16   |
|         j_1_reg_370        |    8   |
|       j_mid2_reg_352       |    8   |
|          j_reg_129         |    8   |
|       tmp_14_reg_390       |    1   |
|       tmp_16_reg_394       |    1   |
|       tmp_245_reg_375      |   18   |
|     tmp_mid2_v_reg_357     |    8   |
+----------------------------+--------+
|            Total           |   158  |
+----------------------------+--------+

* Multiplexer (MUX) list: 
|------------------------|------|------|------|--------||---------||---------|
|          Comp          |  Pin | Size |  BW  | S x BW ||  Delay  ||   LUT   |
|------------------------|------|------|------|--------||---------||---------|
|   grp_writeresp_fu_78  |  p0  |   2  |   1  |    2   |
|    grp_access_fu_101   |  p0  |   2  |  17  |   34   ||    9    |
| indvar_flatten_reg_106 |  p0  |   2  |  16  |   32   ||    9    |
|------------------------|------|------|------|--------||---------||---------|
|          Total         |      |      |      |   68   ||  5.307  ||    18   |
|------------------------|------|------|------|--------||---------||---------|



* Summary:
+-----------+--------+--------+--------+
|           |  Delay |   FF   |   LUT  |
+-----------+--------+--------+--------+
|  Function |    -   |  1270  |  1242  |
|   Memory  |    -   |    -   |    -   |
|Multiplexer|    5   |    -   |   18   |
|  Register |    -   |   158  |    -   |
+-----------+--------+--------+--------+
|   Total   |    5   |  1428  |  1260  |
+-----------+--------+--------+--------+
