

================================================================
== Vivado HLS Report for 'resetCurrentSliceHW'
================================================================
* Date:           Thu Aug 23 23:48:17 2018

* Version:        2018.1 (Build 2188600 on Wed Apr 04 19:04:02 MDT 2018)
* Project:        parseEvents
* Solution:       solution1
* Product family: zynq
* Target device:  xc7z007sclg225-1


================================================================
== Performance Estimates
================================================================
+ Timing (ns): 
    * Summary: 
    +--------+-------+----------+------------+
    |  Clock | Target| Estimated| Uncertainty|
    +--------+-------+----------+------------+
    |ap_clk  |  10.00|      6.48|        2.70|
    +--------+-------+----------+------------+

+ Latency (clock cycles): 
    * Summary: 
    +------+------+------+------+---------+
    |   Latency   |   Interval  | Pipeline|
    |  min |  max |  min |  max |   Type  |
    +------+------+------+------+---------+
    |  1442|  1442|  1442|  1442|   none  |
    +------+------+------+------+---------+

    + Detail: 
        * Instance: 
        N/A

        * Loop: 
        +------------------+------+------+----------+-----------+-----------+------+----------+
        |                  |   Latency   | Iteration|  Initiation Interval  | Trip |          |
        |     Loop Name    |  min |  max |  Latency |  achieved |   target  | Count| Pipelined|
        +------------------+------+------+----------+-----------+-----------+------+----------+
        |- resetSliceLoop  |  1440|  1440|         8|          8|          1|   180|    yes   |
        +------------------+------+------+----------+-----------+-----------+------+----------+



================================================================
== Utilization Estimates
================================================================
* Summary: 
+-----------------+---------+-------+-------+-------+
|       Name      | BRAM_18K| DSP48E|   FF  |  LUT  |
+-----------------+---------+-------+-------+-------+
|DSP              |        -|      -|      -|      -|
|Expression       |        -|      -|      0|    309|
|FIFO             |        -|      -|      -|      -|
|Instance         |        -|      -|      -|      -|
|Memory           |        -|      -|      -|      -|
|Multiplexer      |        -|      -|      -|   1419|
|Register         |        -|      -|     40|      -|
+-----------------+---------+-------+-------+-------+
|Total            |        0|      0|     40|   1728|
+-----------------+---------+-------+-------+-------+
|Available        |      100|     66|  28800|  14400|
+-----------------+---------+-------+-------+-------+
|Utilization (%)  |        0|      0|   ~0  |     12|
+-----------------+---------+-------+-------+-------+

+ Detail: 
    * Instance: 
    N/A

    * DSP48: 
    N/A

    * Memory: 
    N/A

    * FIFO: 
    N/A

    * Expression: 
    +----------------------+----------+-------+---+----+------------+------------+
    |     Variable Name    | Operation| DSP48E| FF| LUT| Bitwidth P0| Bitwidth P1|
    +----------------------+----------+-------+---+----+------------+------------+
    |i_1_fu_2173_p2        |     +    |      0|  0|  15|           8|           1|
    |tmp_10_fu_2401_p2     |     +    |      0|  0|  19|          14|           4|
    |tmp_11_fu_2426_p2     |     +    |      0|  0|  19|          14|           4|
    |tmp_12_fu_2451_p2     |     +    |      0|  0|  19|          14|           4|
    |tmp_13_fu_2476_p2     |     +    |      0|  0|  19|          14|           4|
    |tmp_14_fu_2501_p2     |     +    |      0|  0|  19|          14|           4|
    |tmp_15_fu_2526_p2     |     +    |      0|  0|  19|          14|           4|
    |tmp_16_fu_2551_p2     |     +    |      0|  0|  19|          14|           4|
    |tmp_4_fu_2225_p2      |     +    |      0|  0|  19|          14|           1|
    |tmp_5_fu_2251_p2      |     +    |      0|  0|  19|          14|           2|
    |tmp_6_fu_2276_p2      |     +    |      0|  0|  19|          14|           2|
    |tmp_7_fu_2301_p2      |     +    |      0|  0|  19|          14|           3|
    |tmp_8_fu_2326_p2      |     +    |      0|  0|  19|          14|           3|
    |tmp_9_fu_2351_p2      |     +    |      0|  0|  19|          14|           3|
    |tmp_s_fu_2376_p2      |     +    |      0|  0|  19|          14|           3|
    |tmp_3_fu_2195_p2      |     -    |      0|  0|  17|          13|          13|
    |exitcond1_fu_2167_p2  |   icmp   |      0|  0|  11|           8|           8|
    +----------------------+----------+-------+---+----+------------+------------+
    |Total                 |          |      0|  0| 309|         225|          67|
    +----------------------+----------+-------+---+----+------------+------------+

    * Multiplexer: 
    +------------------------+----+-----------+-----+-----------+
    |          Name          | LUT| Input Size| Bits| Total Bits|
    +------------------------+----+-----------+-----+-----------+
    |ap_NS_fsm               |  50|         11|    1|         11|
    |glPLSlices_0_address0   |  44|          9|   13|        117|
    |glPLSlices_0_address1   |  41|          8|   13|        104|
    |glPLSlices_10_address0  |  44|          9|   13|        117|
    |glPLSlices_10_address1  |  41|          8|   13|        104|
    |glPLSlices_11_address0  |  44|          9|   13|        117|
    |glPLSlices_11_address1  |  41|          8|   13|        104|
    |glPLSlices_12_address0  |  44|          9|   13|        117|
    |glPLSlices_12_address1  |  41|          8|   13|        104|
    |glPLSlices_13_address0  |  44|          9|   13|        117|
    |glPLSlices_13_address1  |  41|          8|   13|        104|
    |glPLSlices_14_address0  |  44|          9|   13|        117|
    |glPLSlices_14_address1  |  41|          8|   13|        104|
    |glPLSlices_15_address0  |  44|          9|   13|        117|
    |glPLSlices_15_address1  |  41|          8|   13|        104|
    |glPLSlices_1_address0   |  44|          9|   13|        117|
    |glPLSlices_1_address1   |  41|          8|   13|        104|
    |glPLSlices_2_address0   |  44|          9|   13|        117|
    |glPLSlices_2_address1   |  41|          8|   13|        104|
    |glPLSlices_3_address0   |  44|          9|   13|        117|
    |glPLSlices_3_address1   |  41|          8|   13|        104|
    |glPLSlices_4_address0   |  44|          9|   13|        117|
    |glPLSlices_4_address1   |  41|          8|   13|        104|
    |glPLSlices_5_address0   |  44|          9|   13|        117|
    |glPLSlices_5_address1   |  41|          8|   13|        104|
    |glPLSlices_6_address0   |  44|          9|   13|        117|
    |glPLSlices_6_address1   |  41|          8|   13|        104|
    |glPLSlices_7_address0   |  44|          9|   13|        117|
    |glPLSlices_7_address1   |  41|          8|   13|        104|
    |glPLSlices_8_address0   |  44|          9|   13|        117|
    |glPLSlices_8_address1   |  41|          8|   13|        104|
    |glPLSlices_9_address0   |  44|          9|   13|        117|
    |glPLSlices_9_address1   |  41|          8|   13|        104|
    |i_reg_2156              |   9|          2|    8|         16|
    +------------------------+----+-----------+-----+-----------+
    |Total                   |1419|        285|  425|       3563|
    +------------------------+----+-----------+-----+-----------+

    * Register: 
    +----------------------+----+----+-----+-----------+
    |         Name         | FF | LUT| Bits| Const Bits|
    +----------------------+----+----+-----+-----------+
    |ap_CS_fsm             |  10|   0|   10|          0|
    |i_1_reg_2579          |   8|   0|    8|          0|
    |i_reg_2156            |   8|   0|    8|          0|
    |tmp_3_cast1_reg_2584  |  14|   0|   14|          0|
    +----------------------+----+----+-----+-----------+
    |Total                 |  40|   0|   40|          0|
    +----------------------+----+----+-----+-----------+



================================================================
== Interface
================================================================
* Summary: 
+------------------------+-----+-----+------------+---------------------+--------------+
|        RTL Ports       | Dir | Bits|  Protocol  |    Source Object    |    C Type    |
+------------------------+-----+-----+------------+---------------------+--------------+
|ap_clk                  |  in |    1| ap_ctrl_hs | resetCurrentSliceHW | return value |
|ap_rst                  |  in |    1| ap_ctrl_hs | resetCurrentSliceHW | return value |
|ap_start                |  in |    1| ap_ctrl_hs | resetCurrentSliceHW | return value |
|ap_done                 | out |    1| ap_ctrl_hs | resetCurrentSliceHW | return value |
|ap_idle                 | out |    1| ap_ctrl_hs | resetCurrentSliceHW | return value |
|ap_ready                | out |    1| ap_ctrl_hs | resetCurrentSliceHW | return value |
|glPLSlices_0_address0   | out |   13|  ap_memory |     glPLSlices_0    |     array    |
|glPLSlices_0_ce0        | out |    1|  ap_memory |     glPLSlices_0    |     array    |
|glPLSlices_0_we0        | out |    1|  ap_memory |     glPLSlices_0    |     array    |
|glPLSlices_0_d0         | out |    8|  ap_memory |     glPLSlices_0    |     array    |
|glPLSlices_0_address1   | out |   13|  ap_memory |     glPLSlices_0    |     array    |
|glPLSlices_0_ce1        | out |    1|  ap_memory |     glPLSlices_0    |     array    |
|glPLSlices_0_we1        | out |    1|  ap_memory |     glPLSlices_0    |     array    |
|glPLSlices_0_d1         | out |    8|  ap_memory |     glPLSlices_0    |     array    |
|glPLSlices_1_address0   | out |   13|  ap_memory |     glPLSlices_1    |     array    |
|glPLSlices_1_ce0        | out |    1|  ap_memory |     glPLSlices_1    |     array    |
|glPLSlices_1_we0        | out |    1|  ap_memory |     glPLSlices_1    |     array    |
|glPLSlices_1_d0         | out |    8|  ap_memory |     glPLSlices_1    |     array    |
|glPLSlices_1_address1   | out |   13|  ap_memory |     glPLSlices_1    |     array    |
|glPLSlices_1_ce1        | out |    1|  ap_memory |     glPLSlices_1    |     array    |
|glPLSlices_1_we1        | out |    1|  ap_memory |     glPLSlices_1    |     array    |
|glPLSlices_1_d1         | out |    8|  ap_memory |     glPLSlices_1    |     array    |
|glPLSlices_2_address0   | out |   13|  ap_memory |     glPLSlices_2    |     array    |
|glPLSlices_2_ce0        | out |    1|  ap_memory |     glPLSlices_2    |     array    |
|glPLSlices_2_we0        | out |    1|  ap_memory |     glPLSlices_2    |     array    |
|glPLSlices_2_d0         | out |    8|  ap_memory |     glPLSlices_2    |     array    |
|glPLSlices_2_address1   | out |   13|  ap_memory |     glPLSlices_2    |     array    |
|glPLSlices_2_ce1        | out |    1|  ap_memory |     glPLSlices_2    |     array    |
|glPLSlices_2_we1        | out |    1|  ap_memory |     glPLSlices_2    |     array    |
|glPLSlices_2_d1         | out |    8|  ap_memory |     glPLSlices_2    |     array    |
|glPLSlices_3_address0   | out |   13|  ap_memory |     glPLSlices_3    |     array    |
|glPLSlices_3_ce0        | out |    1|  ap_memory |     glPLSlices_3    |     array    |
|glPLSlices_3_we0        | out |    1|  ap_memory |     glPLSlices_3    |     array    |
|glPLSlices_3_d0         | out |    8|  ap_memory |     glPLSlices_3    |     array    |
|glPLSlices_3_address1   | out |   13|  ap_memory |     glPLSlices_3    |     array    |
|glPLSlices_3_ce1        | out |    1|  ap_memory |     glPLSlices_3    |     array    |
|glPLSlices_3_we1        | out |    1|  ap_memory |     glPLSlices_3    |     array    |
|glPLSlices_3_d1         | out |    8|  ap_memory |     glPLSlices_3    |     array    |
|glPLSlices_4_address0   | out |   13|  ap_memory |     glPLSlices_4    |     array    |
|glPLSlices_4_ce0        | out |    1|  ap_memory |     glPLSlices_4    |     array    |
|glPLSlices_4_we0        | out |    1|  ap_memory |     glPLSlices_4    |     array    |
|glPLSlices_4_d0         | out |    8|  ap_memory |     glPLSlices_4    |     array    |
|glPLSlices_4_address1   | out |   13|  ap_memory |     glPLSlices_4    |     array    |
|glPLSlices_4_ce1        | out |    1|  ap_memory |     glPLSlices_4    |     array    |
|glPLSlices_4_we1        | out |    1|  ap_memory |     glPLSlices_4    |     array    |
|glPLSlices_4_d1         | out |    8|  ap_memory |     glPLSlices_4    |     array    |
|glPLSlices_5_address0   | out |   13|  ap_memory |     glPLSlices_5    |     array    |
|glPLSlices_5_ce0        | out |    1|  ap_memory |     glPLSlices_5    |     array    |
|glPLSlices_5_we0        | out |    1|  ap_memory |     glPLSlices_5    |     array    |
|glPLSlices_5_d0         | out |    8|  ap_memory |     glPLSlices_5    |     array    |
|glPLSlices_5_address1   | out |   13|  ap_memory |     glPLSlices_5    |     array    |
|glPLSlices_5_ce1        | out |    1|  ap_memory |     glPLSlices_5    |     array    |
|glPLSlices_5_we1        | out |    1|  ap_memory |     glPLSlices_5    |     array    |
|glPLSlices_5_d1         | out |    8|  ap_memory |     glPLSlices_5    |     array    |
|glPLSlices_6_address0   | out |   13|  ap_memory |     glPLSlices_6    |     array    |
|glPLSlices_6_ce0        | out |    1|  ap_memory |     glPLSlices_6    |     array    |
|glPLSlices_6_we0        | out |    1|  ap_memory |     glPLSlices_6    |     array    |
|glPLSlices_6_d0         | out |    8|  ap_memory |     glPLSlices_6    |     array    |
|glPLSlices_6_address1   | out |   13|  ap_memory |     glPLSlices_6    |     array    |
|glPLSlices_6_ce1        | out |    1|  ap_memory |     glPLSlices_6    |     array    |
|glPLSlices_6_we1        | out |    1|  ap_memory |     glPLSlices_6    |     array    |
|glPLSlices_6_d1         | out |    8|  ap_memory |     glPLSlices_6    |     array    |
|glPLSlices_7_address0   | out |   13|  ap_memory |     glPLSlices_7    |     array    |
|glPLSlices_7_ce0        | out |    1|  ap_memory |     glPLSlices_7    |     array    |
|glPLSlices_7_we0        | out |    1|  ap_memory |     glPLSlices_7    |     array    |
|glPLSlices_7_d0         | out |    8|  ap_memory |     glPLSlices_7    |     array    |
|glPLSlices_7_address1   | out |   13|  ap_memory |     glPLSlices_7    |     array    |
|glPLSlices_7_ce1        | out |    1|  ap_memory |     glPLSlices_7    |     array    |
|glPLSlices_7_we1        | out |    1|  ap_memory |     glPLSlices_7    |     array    |
|glPLSlices_7_d1         | out |    8|  ap_memory |     glPLSlices_7    |     array    |
|glPLSlices_8_address0   | out |   13|  ap_memory |     glPLSlices_8    |     array    |
|glPLSlices_8_ce0        | out |    1|  ap_memory |     glPLSlices_8    |     array    |
|glPLSlices_8_we0        | out |    1|  ap_memory |     glPLSlices_8    |     array    |
|glPLSlices_8_d0         | out |    8|  ap_memory |     glPLSlices_8    |     array    |
|glPLSlices_8_address1   | out |   13|  ap_memory |     glPLSlices_8    |     array    |
|glPLSlices_8_ce1        | out |    1|  ap_memory |     glPLSlices_8    |     array    |
|glPLSlices_8_we1        | out |    1|  ap_memory |     glPLSlices_8    |     array    |
|glPLSlices_8_d1         | out |    8|  ap_memory |     glPLSlices_8    |     array    |
|glPLSlices_9_address0   | out |   13|  ap_memory |     glPLSlices_9    |     array    |
|glPLSlices_9_ce0        | out |    1|  ap_memory |     glPLSlices_9    |     array    |
|glPLSlices_9_we0        | out |    1|  ap_memory |     glPLSlices_9    |     array    |
|glPLSlices_9_d0         | out |    8|  ap_memory |     glPLSlices_9    |     array    |
|glPLSlices_9_address1   | out |   13|  ap_memory |     glPLSlices_9    |     array    |
|glPLSlices_9_ce1        | out |    1|  ap_memory |     glPLSlices_9    |     array    |
|glPLSlices_9_we1        | out |    1|  ap_memory |     glPLSlices_9    |     array    |
|glPLSlices_9_d1         | out |    8|  ap_memory |     glPLSlices_9    |     array    |
|glPLSlices_10_address0  | out |   13|  ap_memory |    glPLSlices_10    |     array    |
|glPLSlices_10_ce0       | out |    1|  ap_memory |    glPLSlices_10    |     array    |
|glPLSlices_10_we0       | out |    1|  ap_memory |    glPLSlices_10    |     array    |
|glPLSlices_10_d0        | out |    8|  ap_memory |    glPLSlices_10    |     array    |
|glPLSlices_10_address1  | out |   13|  ap_memory |    glPLSlices_10    |     array    |
|glPLSlices_10_ce1       | out |    1|  ap_memory |    glPLSlices_10    |     array    |
|glPLSlices_10_we1       | out |    1|  ap_memory |    glPLSlices_10    |     array    |
|glPLSlices_10_d1        | out |    8|  ap_memory |    glPLSlices_10    |     array    |
|glPLSlices_11_address0  | out |   13|  ap_memory |    glPLSlices_11    |     array    |
|glPLSlices_11_ce0       | out |    1|  ap_memory |    glPLSlices_11    |     array    |
|glPLSlices_11_we0       | out |    1|  ap_memory |    glPLSlices_11    |     array    |
|glPLSlices_11_d0        | out |    8|  ap_memory |    glPLSlices_11    |     array    |
|glPLSlices_11_address1  | out |   13|  ap_memory |    glPLSlices_11    |     array    |
|glPLSlices_11_ce1       | out |    1|  ap_memory |    glPLSlices_11    |     array    |
|glPLSlices_11_we1       | out |    1|  ap_memory |    glPLSlices_11    |     array    |
|glPLSlices_11_d1        | out |    8|  ap_memory |    glPLSlices_11    |     array    |
|glPLSlices_12_address0  | out |   13|  ap_memory |    glPLSlices_12    |     array    |
|glPLSlices_12_ce0       | out |    1|  ap_memory |    glPLSlices_12    |     array    |
|glPLSlices_12_we0       | out |    1|  ap_memory |    glPLSlices_12    |     array    |
|glPLSlices_12_d0        | out |    8|  ap_memory |    glPLSlices_12    |     array    |
|glPLSlices_12_address1  | out |   13|  ap_memory |    glPLSlices_12    |     array    |
|glPLSlices_12_ce1       | out |    1|  ap_memory |    glPLSlices_12    |     array    |
|glPLSlices_12_we1       | out |    1|  ap_memory |    glPLSlices_12    |     array    |
|glPLSlices_12_d1        | out |    8|  ap_memory |    glPLSlices_12    |     array    |
|glPLSlices_13_address0  | out |   13|  ap_memory |    glPLSlices_13    |     array    |
|glPLSlices_13_ce0       | out |    1|  ap_memory |    glPLSlices_13    |     array    |
|glPLSlices_13_we0       | out |    1|  ap_memory |    glPLSlices_13    |     array    |
|glPLSlices_13_d0        | out |    8|  ap_memory |    glPLSlices_13    |     array    |
|glPLSlices_13_address1  | out |   13|  ap_memory |    glPLSlices_13    |     array    |
|glPLSlices_13_ce1       | out |    1|  ap_memory |    glPLSlices_13    |     array    |
|glPLSlices_13_we1       | out |    1|  ap_memory |    glPLSlices_13    |     array    |
|glPLSlices_13_d1        | out |    8|  ap_memory |    glPLSlices_13    |     array    |
|glPLSlices_14_address0  | out |   13|  ap_memory |    glPLSlices_14    |     array    |
|glPLSlices_14_ce0       | out |    1|  ap_memory |    glPLSlices_14    |     array    |
|glPLSlices_14_we0       | out |    1|  ap_memory |    glPLSlices_14    |     array    |
|glPLSlices_14_d0        | out |    8|  ap_memory |    glPLSlices_14    |     array    |
|glPLSlices_14_address1  | out |   13|  ap_memory |    glPLSlices_14    |     array    |
|glPLSlices_14_ce1       | out |    1|  ap_memory |    glPLSlices_14    |     array    |
|glPLSlices_14_we1       | out |    1|  ap_memory |    glPLSlices_14    |     array    |
|glPLSlices_14_d1        | out |    8|  ap_memory |    glPLSlices_14    |     array    |
|glPLSlices_15_address0  | out |   13|  ap_memory |    glPLSlices_15    |     array    |
|glPLSlices_15_ce0       | out |    1|  ap_memory |    glPLSlices_15    |     array    |
|glPLSlices_15_we0       | out |    1|  ap_memory |    glPLSlices_15    |     array    |
|glPLSlices_15_d0        | out |    8|  ap_memory |    glPLSlices_15    |     array    |
|glPLSlices_15_address1  | out |   13|  ap_memory |    glPLSlices_15    |     array    |
|glPLSlices_15_ce1       | out |    1|  ap_memory |    glPLSlices_15    |     array    |
|glPLSlices_15_we1       | out |    1|  ap_memory |    glPLSlices_15    |     array    |
|glPLSlices_15_d1        | out |    8|  ap_memory |    glPLSlices_15    |     array    |
+------------------------+-----+-----+------------+---------------------+--------------+

