
*** Running vivado
    with args -log nnp_stream_bd_s00_data_fifo_0.vds -m64 -product Vivado -mode batch -messageDb vivado.pb -notrace -source nnp_stream_bd_s00_data_fifo_0.tcl


****** Vivado v2018.1 (64-bit)
  **** SW Build 2188600 on Wed Apr  4 18:40:38 MDT 2018
  **** IP Build 2185939 on Wed Apr  4 20:55:05 MDT 2018
    ** Copyright 1986-2018 Xilinx, Inc. All Rights Reserved.

source nnp_stream_bd_s00_data_fifo_0.tcl -notrace
Command: synth_design -top nnp_stream_bd_s00_data_fifo_0 -part xc7z100ffg900-2 -mode out_of_context
Starting synth_design
Attempting to get a license for feature 'Synthesis' and/or device 'xc7z100'
INFO: [Common 17-349] Got license for feature 'Synthesis' and/or device 'xc7z100'
INFO: Launching helper process for spawning children vivado processes
INFO: Helper process launched with PID 19072 
---------------------------------------------------------------------------------
Starting RTL Elaboration : Time (s): cpu = 00:00:11 ; elapsed = 00:00:13 . Memory (MB): peak = 485.621 ; gain = 40.000
---------------------------------------------------------------------------------
INFO: [Synth 8-6157] synthesizing module 'nnp_stream_bd_s00_data_fifo_0' [e:/xfOpenCV/wksp_2018_1/nnp_mmult_04/Debug/_sds/p0/_vpl/ipi/syn/syn.srcs/sources_1/bd/nnp_stream_bd/ip/nnp_stream_bd_s00_data_fifo_0/synth/nnp_stream_bd_s00_data_fifo_0.v:58]
INFO: [Synth 8-6157] synthesizing module 'axi_data_fifo_v2_1_15_axi_data_fifo' [e:/xfOpenCV/wksp_2018_1/nnp_mmult_04/Debug/_sds/p0/_vpl/ipi/syn/syn.srcs/sources_1/bd/nnp_stream_bd/ipshared/d114/hdl/axi_data_fifo_v2_1_vl_rfs.v:1283]
	Parameter C_FAMILY bound to: zynq - type: string 
	Parameter C_AXI_PROTOCOL bound to: 2 - type: integer 
	Parameter C_AXI_ID_WIDTH bound to: 1 - type: integer 
	Parameter C_AXI_ADDR_WIDTH bound to: 32 - type: integer 
	Parameter C_AXI_DATA_WIDTH bound to: 32 - type: integer 
	Parameter C_AXI_SUPPORTS_USER_SIGNALS bound to: 0 - type: integer 
	Parameter C_AXI_AWUSER_WIDTH bound to: 1 - type: integer 
	Parameter C_AXI_ARUSER_WIDTH bound to: 1 - type: integer 
	Parameter C_AXI_WUSER_WIDTH bound to: 1 - type: integer 
	Parameter C_AXI_RUSER_WIDTH bound to: 1 - type: integer 
	Parameter C_AXI_BUSER_WIDTH bound to: 1 - type: integer 
	Parameter C_AXI_WRITE_FIFO_DEPTH bound to: 512 - type: integer 
	Parameter C_AXI_WRITE_FIFO_TYPE bound to: bram - type: string 
	Parameter C_AXI_WRITE_FIFO_DELAY bound to: 1 - type: integer 
	Parameter C_AXI_READ_FIFO_DEPTH bound to: 512 - type: integer 
	Parameter C_AXI_READ_FIFO_TYPE bound to: bram - type: string 
	Parameter C_AXI_READ_FIFO_DELAY bound to: 1 - type: integer 
	Parameter P_WIDTH_RACH bound to: 63 - type: integer 
	Parameter P_WIDTH_WACH bound to: 63 - type: integer 
	Parameter P_WIDTH_RDCH bound to: 37 - type: integer 
	Parameter P_WIDTH_WDCH bound to: 38 - type: integer 
	Parameter P_WIDTH_WRCH bound to: 4 - type: integer 
	Parameter P_PRIM_FIFO_TYPE bound to: 512x72 - type: string 
	Parameter P_AXI4 bound to: 0 - type: integer 
	Parameter P_AXI3 bound to: 1 - type: integer 
	Parameter P_AXILITE bound to: 2 - type: integer 
	Parameter P_WRITE_FIFO_DEPTH_LOG bound to: 9 - type: integer 
	Parameter P_READ_FIFO_DEPTH_LOG bound to: 9 - type: integer 
INFO: [Synth 8-6155] done synthesizing module 'axi_data_fifo_v2_1_15_axi_data_fifo' (1#1) [e:/xfOpenCV/wksp_2018_1/nnp_mmult_04/Debug/_sds/p0/_vpl/ipi/syn/syn.srcs/sources_1/bd/nnp_stream_bd/ipshared/d114/hdl/axi_data_fifo_v2_1_vl_rfs.v:1283]
INFO: [Synth 8-6155] done synthesizing module 'nnp_stream_bd_s00_data_fifo_0' (2#1) [e:/xfOpenCV/wksp_2018_1/nnp_mmult_04/Debug/_sds/p0/_vpl/ipi/syn/syn.srcs/sources_1/bd/nnp_stream_bd/ip/nnp_stream_bd_s00_data_fifo_0/synth/nnp_stream_bd_s00_data_fifo_0.v:58]
WARNING: [Synth 8-3331] design axi_data_fifo_v2_1_15_axi_data_fifo has unconnected port aclk
WARNING: [Synth 8-3331] design axi_data_fifo_v2_1_15_axi_data_fifo has unconnected port aresetn
---------------------------------------------------------------------------------
Finished RTL Elaboration : Time (s): cpu = 00:00:20 ; elapsed = 00:00:24 . Memory (MB): peak = 640.273 ; gain = 194.652
---------------------------------------------------------------------------------

Report Check Netlist: 
+------+------------------+-------+---------+-------+------------------+
|      |Item              |Errors |Warnings |Status |Description       |
+------+------------------+-------+---------+-------+------------------+
|1     |multi_driven_nets |      0|        0|Passed |Multi driven nets |
+------+------------------+-------+---------+-------+------------------+
---------------------------------------------------------------------------------
Start Handling Custom Attributes
---------------------------------------------------------------------------------
---------------------------------------------------------------------------------
Finished Handling Custom Attributes : Time (s): cpu = 00:00:20 ; elapsed = 00:00:24 . Memory (MB): peak = 640.273 ; gain = 194.652
---------------------------------------------------------------------------------
---------------------------------------------------------------------------------
Finished RTL Optimization Phase 1 : Time (s): cpu = 00:00:20 ; elapsed = 00:00:24 . Memory (MB): peak = 640.273 ; gain = 194.652
---------------------------------------------------------------------------------
INFO: [Device 21-403] Loading part xc7z100ffg900-2
INFO: [Project 1-570] Preparing netlist for logic optimization

Processing XDC Constraints
Initializing timing engine
Parsing XDC File [e:/xfOpenCV/wksp_2018_1/nnp_mmult_04/Debug/_sds/p0/_vpl/ipi/syn/syn.srcs/sources_1/bd/nnp_stream_bd/ip/nnp_stream_bd_s00_data_fifo_0/nnp_stream_bd_s00_data_fifo_0_ooc.xdc] for cell 'inst'
Finished Parsing XDC File [e:/xfOpenCV/wksp_2018_1/nnp_mmult_04/Debug/_sds/p0/_vpl/ipi/syn/syn.srcs/sources_1/bd/nnp_stream_bd/ip/nnp_stream_bd_s00_data_fifo_0/nnp_stream_bd_s00_data_fifo_0_ooc.xdc] for cell 'inst'
Parsing XDC File [E:/xfOpenCV/wksp_2018_1/nnp_mmult_04/Debug/_sds/p0/_vpl/ipi/syn/syn.runs/nnp_stream_bd_s00_data_fifo_0_synth_1/dont_touch.xdc]
Finished Parsing XDC File [E:/xfOpenCV/wksp_2018_1/nnp_mmult_04/Debug/_sds/p0/_vpl/ipi/syn/syn.runs/nnp_stream_bd_s00_data_fifo_0_synth_1/dont_touch.xdc]
Completed Processing XDC Constraints

INFO: [Project 1-111] Unisim Transformation Summary:
No Unisim elements were transformed.

Constraint Validation Runtime : Time (s): cpu = 00:00:00 ; elapsed = 00:00:00.032 . Memory (MB): peak = 906.188 ; gain = 1.125
---------------------------------------------------------------------------------
Finished Constraint Validation : Time (s): cpu = 00:00:37 ; elapsed = 00:00:43 . Memory (MB): peak = 906.188 ; gain = 460.566
---------------------------------------------------------------------------------
---------------------------------------------------------------------------------
Start Loading Part and Timing Information
---------------------------------------------------------------------------------
Loading part: xc7z100ffg900-2
---------------------------------------------------------------------------------
Finished Loading Part and Timing Information : Time (s): cpu = 00:00:37 ; elapsed = 00:00:43 . Memory (MB): peak = 906.188 ; gain = 460.566
---------------------------------------------------------------------------------
---------------------------------------------------------------------------------
Start Applying 'set_property' XDC Constraints
---------------------------------------------------------------------------------
Applied set_property DONT_TOUCH = true for inst. (constraint file  E:/xfOpenCV/wksp_2018_1/nnp_mmult_04/Debug/_sds/p0/_vpl/ipi/syn/syn.runs/nnp_stream_bd_s00_data_fifo_0_synth_1/dont_touch.xdc, line 9).
---------------------------------------------------------------------------------
Finished applying 'set_property' XDC Constraints : Time (s): cpu = 00:00:37 ; elapsed = 00:00:43 . Memory (MB): peak = 906.188 ; gain = 460.566
---------------------------------------------------------------------------------
---------------------------------------------------------------------------------
Finished RTL Optimization Phase 2 : Time (s): cpu = 00:00:37 ; elapsed = 00:00:43 . Memory (MB): peak = 906.188 ; gain = 460.566
---------------------------------------------------------------------------------

Report RTL Partitions: 
+-+--------------+------------+----------+
| |RTL Partition |Replication |Instances |
+-+--------------+------------+----------+
+-+--------------+------------+----------+
---------------------------------------------------------------------------------
Start RTL Component Statistics 
---------------------------------------------------------------------------------
Detailed RTL Component Info : 
---------------------------------------------------------------------------------
Finished RTL Component Statistics 
---------------------------------------------------------------------------------
---------------------------------------------------------------------------------
Start RTL Hierarchical Component Statistics 
---------------------------------------------------------------------------------
Hierarchical RTL Component report 
---------------------------------------------------------------------------------
Finished RTL Hierarchical Component Statistics
---------------------------------------------------------------------------------
---------------------------------------------------------------------------------
Start Part Resource Summary
---------------------------------------------------------------------------------
Part Resources:
DSPs: 2020 (col length:140)
BRAMs: 1510 (col length: RAMB18 140 RAMB36 70)
---------------------------------------------------------------------------------
Finished Part Resource Summary
---------------------------------------------------------------------------------
---------------------------------------------------------------------------------
Start Cross Boundary and Area Optimization
---------------------------------------------------------------------------------
Warning: Parallel synthesis criteria is not met 
WARNING: [Synth 8-3331] design axi_data_fifo_v2_1_15_axi_data_fifo has unconnected port aclk
WARNING: [Synth 8-3331] design axi_data_fifo_v2_1_15_axi_data_fifo has unconnected port aresetn
---------------------------------------------------------------------------------
Finished Cross Boundary and Area Optimization : Time (s): cpu = 00:00:38 ; elapsed = 00:00:44 . Memory (MB): peak = 906.188 ; gain = 460.566
---------------------------------------------------------------------------------

Report RTL Partitions: 
+-+--------------+------------+----------+
| |RTL Partition |Replication |Instances |
+-+--------------+------------+----------+
+-+--------------+------------+----------+
---------------------------------------------------------------------------------
Start Applying XDC Timing Constraints
---------------------------------------------------------------------------------
---------------------------------------------------------------------------------
Finished Applying XDC Timing Constraints : Time (s): cpu = 00:00:50 ; elapsed = 00:00:57 . Memory (MB): peak = 951.621 ; gain = 506.000
---------------------------------------------------------------------------------
---------------------------------------------------------------------------------
Start Timing Optimization
---------------------------------------------------------------------------------
---------------------------------------------------------------------------------
Finished Timing Optimization : Time (s): cpu = 00:00:50 ; elapsed = 00:00:57 . Memory (MB): peak = 951.621 ; gain = 506.000
---------------------------------------------------------------------------------

Report RTL Partitions: 
+-+--------------+------------+----------+
| |RTL Partition |Replication |Instances |
+-+--------------+------------+----------+
+-+--------------+------------+----------+
---------------------------------------------------------------------------------
Start Technology Mapping
---------------------------------------------------------------------------------
---------------------------------------------------------------------------------
Finished Technology Mapping : Time (s): cpu = 00:00:50 ; elapsed = 00:00:57 . Memory (MB): peak = 951.707 ; gain = 506.086
---------------------------------------------------------------------------------

Report RTL Partitions: 
+-+--------------+------------+----------+
| |RTL Partition |Replication |Instances |
+-+--------------+------------+----------+
+-+--------------+------------+----------+
---------------------------------------------------------------------------------
Start IO Insertion
---------------------------------------------------------------------------------
---------------------------------------------------------------------------------
Start Flattening Before IO Insertion
---------------------------------------------------------------------------------
---------------------------------------------------------------------------------
Finished Flattening Before IO Insertion
---------------------------------------------------------------------------------
---------------------------------------------------------------------------------
Start Final Netlist Cleanup
---------------------------------------------------------------------------------
---------------------------------------------------------------------------------
Finished Final Netlist Cleanup
---------------------------------------------------------------------------------
---------------------------------------------------------------------------------
Finished IO Insertion : Time (s): cpu = 00:00:51 ; elapsed = 00:00:58 . Memory (MB): peak = 952.832 ; gain = 507.211
---------------------------------------------------------------------------------

Report Check Netlist: 
+------+------------------+-------+---------+-------+------------------+
|      |Item              |Errors |Warnings |Status |Description       |
+------+------------------+-------+---------+-------+------------------+
|1     |multi_driven_nets |      0|        0|Passed |Multi driven nets |
+------+------------------+-------+---------+-------+------------------+
---------------------------------------------------------------------------------
Start Renaming Generated Instances
---------------------------------------------------------------------------------
---------------------------------------------------------------------------------
Finished Renaming Generated Instances : Time (s): cpu = 00:00:51 ; elapsed = 00:00:58 . Memory (MB): peak = 952.832 ; gain = 507.211
---------------------------------------------------------------------------------

Report RTL Partitions: 
+-+--------------+------------+----------+
| |RTL Partition |Replication |Instances |
+-+--------------+------------+----------+
+-+--------------+------------+----------+
---------------------------------------------------------------------------------
Start Rebuilding User Hierarchy
---------------------------------------------------------------------------------
---------------------------------------------------------------------------------
Finished Rebuilding User Hierarchy : Time (s): cpu = 00:00:51 ; elapsed = 00:00:58 . Memory (MB): peak = 952.832 ; gain = 507.211
---------------------------------------------------------------------------------
---------------------------------------------------------------------------------
Start Renaming Generated Ports
---------------------------------------------------------------------------------
---------------------------------------------------------------------------------
Finished Renaming Generated Ports : Time (s): cpu = 00:00:51 ; elapsed = 00:00:58 . Memory (MB): peak = 952.832 ; gain = 507.211
---------------------------------------------------------------------------------
---------------------------------------------------------------------------------
Start Handling Custom Attributes
---------------------------------------------------------------------------------
---------------------------------------------------------------------------------
Finished Handling Custom Attributes : Time (s): cpu = 00:00:51 ; elapsed = 00:00:58 . Memory (MB): peak = 952.832 ; gain = 507.211
---------------------------------------------------------------------------------
---------------------------------------------------------------------------------
Start Renaming Generated Nets
---------------------------------------------------------------------------------
---------------------------------------------------------------------------------
Finished Renaming Generated Nets : Time (s): cpu = 00:00:51 ; elapsed = 00:00:58 . Memory (MB): peak = 952.832 ; gain = 507.211
---------------------------------------------------------------------------------
---------------------------------------------------------------------------------
Start Writing Synthesis Report
---------------------------------------------------------------------------------

Report BlackBoxes: 
+-+--------------+----------+
| |BlackBox name |Instances |
+-+--------------+----------+
+-+--------------+----------+

Report Cell Usage: 
+-+-----+------+
| |Cell |Count |
+-+-----+------+
+-+-----+------+

Report Instance Areas: 
+------+---------+------------------------------------+------+
|      |Instance |Module                              |Cells |
+------+---------+------------------------------------+------+
|1     |top      |                                    |     0|
|2     |  inst   |axi_data_fifo_v2_1_15_axi_data_fifo |     0|
+------+---------+------------------------------------+------+
---------------------------------------------------------------------------------
Finished Writing Synthesis Report : Time (s): cpu = 00:00:51 ; elapsed = 00:00:58 . Memory (MB): peak = 952.832 ; gain = 507.211
---------------------------------------------------------------------------------
Synthesis finished with 0 errors, 0 critical warnings and 2 warnings.
Synthesis Optimization Runtime : Time (s): cpu = 00:00:20 ; elapsed = 00:00:46 . Memory (MB): peak = 952.832 ; gain = 241.297
Synthesis Optimization Complete : Time (s): cpu = 00:00:51 ; elapsed = 00:00:58 . Memory (MB): peak = 952.832 ; gain = 507.211
INFO: [Project 1-571] Translating synthesized netlist
INFO: [Project 1-570] Preparing netlist for logic optimization
INFO: [Opt 31-138] Pushed 0 inverter(s) to 0 load pin(s).
INFO: [Project 1-111] Unisim Transformation Summary:
No Unisim elements were transformed.

INFO: [Common 17-83] Releasing license: Synthesis
13 Infos, 4 Warnings, 0 Critical Warnings and 0 Errors encountered.
synth_design completed successfully
synth_design: Time (s): cpu = 00:00:55 ; elapsed = 00:01:02 . Memory (MB): peak = 986.707 ; gain = 541.086
INFO: [Common 17-600] The following parameters have non-default value.
general.maxThreads
INFO: [Common 17-1381] The checkpoint 'E:/xfOpenCV/wksp_2018_1/nnp_mmult_04/Debug/_sds/p0/_vpl/ipi/syn/syn.runs/nnp_stream_bd_s00_data_fifo_0_synth_1/nnp_stream_bd_s00_data_fifo_0.dcp' has been generated.
