

================================================================
== Vivado HLS Report for 'parseEvents'
================================================================
* Date:           Fri Aug 24 00:03:14 2018

* Version:        2018.1 (Build 2188600 on Wed Apr 04 19:04:02 MDT 2018)
* Project:        parseEvents
* Solution:       solution3
* Product family: zynq
* Target device:  xc7z007sclg225-1


================================================================
== Performance Estimates
================================================================
+ Timing (ns): 
    * Summary: 
    +--------+-------+----------+------------+
    |  Clock | Target| Estimated| Uncertainty|
    +--------+-------+----------+------------+
    |ap_clk  |  10.00|     10.38|        2.70|
    +--------+-------+----------+------------+

+ Latency (clock cycles): 
    * Summary: 
    +-------+-------+-------+-------+---------+
    |    Latency    |    Interval   | Pipeline|
    |  min  |  max  |  min  |  max  |   Type  |
    +-------+-------+-------+-------+---------+
    |  48633|  68653|  48633|  68653|   none  |
    +-------+-------+-------+-------+---------+

    + Detail: 
        * Instance: 
        +--------------------------------+---------------------+-------+-------+-------+-------+---------+
        |                                |                     |    Latency    |    Interval   | Pipeline|
        |            Instance            |        Module       |  min  |  max  |  min  |  max  |   Type  |
        +--------------------------------+---------------------+-------+-------+-------+-------+---------+
        |grp_copyToPS_fu_202             |copyToPS             |  43227|  43227|  43227|  43227|   none  |
        |grp_resetCurrentSliceHW_fu_217  |resetCurrentSliceHW  |   5402|   5402|   5402|   5402|   none  |
        +--------------------------------+---------------------+-------+-------+-------+-------+---------+

        * Loop: 
        +----------+-----+-------+----------+-----------+-----------+-----------+----------+
        |          |   Latency   | Iteration|  Initiation Interval  |    Trip   |          |
        | Loop Name| min |  max  |  Latency |  achieved |   target  |   Count   | Pipelined|
        +----------+-----+-------+----------+-----------+-----------+-----------+----------+
        |- loop_1  |    0|  20020|        23|          2|          1| 0 ~ 10000 |    yes   |
        +----------+-----+-------+----------+-----------+-----------+-----------+----------+

============================================================
+ Verbose Summary: Synthesis Manager
============================================================
InlineROM: 1
ExposeGlobal: 0
============================================================
+ Verbose Summary: CDFG Model
============================================================
IsTopModel: 1
ResetActiveHigh: 1
IsCombinational: 0
IsDatapathOnly: 0
HasWiredReturn: 1
HasMFsm: 0
HasVarLatency: 1
IsPipeline: 0
IsRtlPipelined: 0
IsInstanceOverlapped: 0
IsDontTouch: 0
HasImplIP: 0
IsGatedGlobalClock: 0

+ Individual pipeline summary: 
  * Pipeline-0: initiation interval (II) = 2, depth = 23


============================================================
+ Verbose Summary: Schedule
============================================================
* Number of FSM states : 27
* Pipeline : 1
  Pipeline-0 : II = 2, D = 23, States = { 3 4 5 6 7 8 9 10 11 12 13 14 15 16 17 18 19 20 21 22 23 24 25 }
* Dataflow Pipeline: 0

* FSM state transitions: 
1 --> 
	2  / true
2 --> 
	3  / true
3 --> 
	26  / (tmp_9)
	4  / (!tmp_9)
4 --> 
	5  / true
5 --> 
	6  / true
6 --> 
	7  / true
7 --> 
	8  / true
8 --> 
	9  / true
9 --> 
	10  / true
10 --> 
	11  / true
11 --> 
	12  / true
12 --> 
	13  / true
13 --> 
	14  / true
14 --> 
	15  / true
15 --> 
	16  / true
16 --> 
	17  / true
17 --> 
	18  / true
18 --> 
	19  / true
19 --> 
	20  / true
20 --> 
	21  / true
21 --> 
	22  / true
22 --> 
	23  / true
23 --> 
	24  / true
24 --> 
	25  / true
25 --> 
	3  / true
26 --> 
	27  / true
27 --> 

* FSM state operations: 

 <State 1> : 0.00ns
ST_1 : Operation 28 [2/2] (0.00ns)   --->   "call fastcc void @resetCurrentSliceHW()" [../../mz_libcaer_OF_HLS/ABMOF/abmof_hw_accel.cpp:40]   --->   Core 0 '' <Latency = 0> <II = 1> <Delay = 1.00> <Generic> <Opcode : >

 <State 2> : 3.26ns
ST_2 : Operation 29 [1/1] (0.00ns)   --->   "call void (...)* @_ssdm_op_SpecBitsMap(i8* %eventSlice), !map !26"
ST_2 : Operation 30 [1/1] (0.00ns)   --->   "call void (...)* @_ssdm_op_SpecBitsMap(i32* %data) nounwind, !map !32"
ST_2 : Operation 31 [1/1] (0.00ns)   --->   "call void (...)* @_ssdm_op_SpecBitsMap(i32 %eventsArraySize) nounwind, !map !36"
ST_2 : Operation 32 [1/1] (0.00ns)   --->   "call void (...)* @_ssdm_op_SpecTopModule([12 x i8]* @parseEvents_str) nounwind"
ST_2 : Operation 33 [1/1] (0.00ns)   --->   "%eventSlice_offset_re = call i32 @_ssdm_op_Read.ap_auto.i32(i32 %eventSlice_offset)"
ST_2 : Operation 34 [1/1] (0.00ns)   --->   "%eventsArraySize_read = call i32 @_ssdm_op_Read.ap_auto.i32(i32 %eventsArraySize)"
ST_2 : Operation 35 [1/1] (0.00ns)   --->   "call void (...)* @_ssdm_op_SpecInterface(i32* %data, [8 x i8]* @p_str6, i32 0, i32 0, [1 x i8]* @p_str2, i32 0, i32 0, [1 x i8]* @p_str2, [1 x i8]* @p_str2, [1 x i8]* @p_str2, i32 0, i32 0, i32 0, i32 0, [1 x i8]* @p_str2, [1 x i8]* @p_str2) nounwind" [../../mz_libcaer_OF_HLS/ABMOF/abmof_hw_accel.cpp:40]
ST_2 : Operation 36 [1/1] (0.00ns)   --->   "call void (...)* @_ssdm_op_SpecLatency(i32 1, i32 65535, [1 x i8]* @p_str2) nounwind" [../../mz_libcaer_OF_HLS/ABMOF/abmof_hw_accel.cpp:40]
ST_2 : Operation 37 [1/1] (0.00ns)   --->   "call void (...)* @_ssdm_op_SpecInterface(i8* %eventSlice, [6 x i8]* @p_str7, i32 0, i32 0, [1 x i8]* @p_str2, i32 0, i32 0, [11 x i8]* @p_str8, [7 x i8]* @p_str9, [1 x i8]* @p_str2, i32 16, i32 16, i32 16, i32 16, [1 x i8]* @p_str2, [1 x i8]* @p_str2) nounwind" [../../mz_libcaer_OF_HLS/ABMOF/abmof_hw_accel.cpp:40]
ST_2 : Operation 38 [1/2] (0.00ns)   --->   "call fastcc void @resetCurrentSliceHW()" [../../mz_libcaer_OF_HLS/ABMOF/abmof_hw_accel.cpp:40]   --->   Core 0 '' <Latency = 0> <II = 1> <Delay = 1.00> <Generic> <Opcode : >
ST_2 : Operation 39 [1/1] (0.00ns)   --->   "%tmp = shl i32 %eventsArraySize_read, 1" [../../mz_libcaer_OF_HLS/ABMOF/abmof_hw_accel.cpp:43]
ST_2 : Operation 40 [1/1] (0.00ns) (grouped into LUT with out node tmp_7)   --->   "%tmp_3 = call i1 @_ssdm_op_BitSelect.i1.i32.i32(i32 %eventsArraySize_read, i32 30)"
ST_2 : Operation 41 [1/1] (0.00ns)   --->   "%tmp_op_op9 = or i32 %tmp, 1" [../../mz_libcaer_OF_HLS/ABMOF/abmof_hw_accel.cpp:43]
ST_2 : Operation 42 [1/1] (0.00ns) (grouped into LUT with out node tmp_7)   --->   "%tmp_4 = call i1 @_ssdm_op_BitSelect.i1.i32.i32(i32 %tmp_op_op9, i32 31)" [../../mz_libcaer_OF_HLS/ABMOF/abmof_hw_accel.cpp:43]
ST_2 : Operation 43 [1/1] (0.00ns) (grouped into LUT with out node p_neg_t)   --->   "%p_neg = xor i32 %tmp, -1" [../../mz_libcaer_OF_HLS/ABMOF/abmof_hw_accel.cpp:43]   --->   Core 27 'LogicGate' <Latency = 0> <II = 1> <Delay = 0.99> <FuncUnit> <Opcode : 'and' 'or' 'xor'> <InPorts = 2> <OutPorts = 1>
ST_2 : Operation 44 [1/1] (0.00ns) (grouped into LUT with out node p_neg_t)   --->   "%p_lshr = call i31 @_ssdm_op_PartSelect.i31.i32.i32.i32(i32 %p_neg, i32 1, i32 31)" [../../mz_libcaer_OF_HLS/ABMOF/abmof_hw_accel.cpp:43]
ST_2 : Operation 45 [1/1] (2.52ns) (out node of the LUT)   --->   "%p_neg_t = sub i31 0, %p_lshr" [../../mz_libcaer_OF_HLS/ABMOF/abmof_hw_accel.cpp:43]   --->   Core 14 'AddSub' <Latency = 0> <II = 1> <Delay = 1.91> <FuncUnit> <Opcode : 'add' 'sub'> <InPorts = 2> <OutPorts = 1>
ST_2 : Operation 46 [1/1] (0.00ns) (grouped into LUT with out node tmp_7)   --->   "%tmp_5 = call i31 @_ssdm_op_PartSelect.i31.i32.i32.i32(i32 %tmp_op_op9, i32 1, i32 31)" [../../mz_libcaer_OF_HLS/ABMOF/abmof_hw_accel.cpp:43]
ST_2 : Operation 47 [1/1] (0.00ns) (grouped into LUT with out node tmp_7)   --->   "%tmp_6 = select i1 %tmp_4, i31 %p_neg_t, i31 %tmp_5" [../../mz_libcaer_OF_HLS/ABMOF/abmof_hw_accel.cpp:43]   --->   Core 26 'Sel' <Latency = 0> <II = 1> <Delay = 0.73> <FuncUnit> <Opcode : 'select'> <InPorts = 3> <OutPorts = 1>
ST_2 : Operation 48 [1/1] (0.73ns) (out node of the LUT)   --->   "%tmp_7 = select i1 %tmp_3, i31 0, i31 %tmp_6" [../../mz_libcaer_OF_HLS/ABMOF/abmof_hw_accel.cpp:43]   --->   Core 26 'Sel' <Latency = 0> <II = 1> <Delay = 0.73> <FuncUnit> <Opcode : 'select'> <InPorts = 3> <OutPorts = 1>
ST_2 : Operation 49 [1/1] (0.00ns)   --->   "%tmp_8 = call i32 @_ssdm_op_BitConcatenate.i32.i31.i1(i31 %tmp_7, i1 false)" [../../mz_libcaer_OF_HLS/ABMOF/abmof_hw_accel.cpp:43]
ST_2 : Operation 50 [1/1] (1.76ns)   --->   "br label %1" [../../mz_libcaer_OF_HLS/ABMOF/abmof_hw_accel.cpp:43]

 <State 3> : 2.47ns
ST_3 : Operation 51 [1/1] (0.00ns)   --->   "%i = phi i32 [ 0, %0 ], [ %i_2, %accumulateHW.exit ]"
ST_3 : Operation 52 [1/1] (2.47ns)   --->   "%tmp_9 = icmp eq i32 %i, %tmp_8" [../../mz_libcaer_OF_HLS/ABMOF/abmof_hw_accel.cpp:43]   --->   Core 25 'Cmp' <Latency = 0> <II = 1> <Delay = 2.47> <FuncUnit> <Opcode : 'icmp'> <InPorts = 2> <OutPorts = 1>
ST_3 : Operation 53 [1/1] (0.00ns)   --->   "br i1 %tmp_9, label %5, label %2" [../../mz_libcaer_OF_HLS/ABMOF/abmof_hw_accel.cpp:43]

 <State 4> : 4.63ns
ST_4 : Operation 54 [1/1] (3.63ns)   --->   "%data_read = call i32 @_ssdm_op_Read.ap_fifo.volatile.i32P(i32* %data)" [../../mz_libcaer_OF_HLS/ABMOF/abmof_hw_accel.cpp:46]   --->   Core 32 'FIFO' <Latency = 0> <II = 1> <Delay = 3.63> <Storage> <Opcode : 'read' 'write' 'nbread' 'nbwrite'> <Ports = 0> <Width = 32> <Depth = 0> <FIFO>
ST_4 : Operation 55 [1/1] (0.00ns)   --->   "%x_cast = call i15 @_ssdm_op_PartSelect.i15.i32.i32.i32(i32 %data_read, i32 17, i32 31)" [../../mz_libcaer_OF_HLS/ABMOF/abmof_hw_accel.cpp:46]
ST_4 : Operation 56 [1/1] (0.00ns)   --->   "%tmp_10 = call i1 @_ssdm_op_BitSelect.i1.i32.i32(i32 %data_read, i32 1)" [../../mz_libcaer_OF_HLS/ABMOF/abmof_hw_accel.cpp:48]
ST_4 : Operation 57 [1/1] (0.00ns)   --->   "br i1 %tmp_10, label %3, label %accumulateHW.exit" [../../mz_libcaer_OF_HLS/ABMOF/abmof_hw_accel.cpp:8->../../mz_libcaer_OF_HLS/ABMOF/abmof_hw_accel.cpp:52]
ST_4 : Operation 58 [1/1] (0.00ns)   --->   "%tmp_11 = call i10 @_ssdm_op_PartSelect.i10.i32.i32.i32(i32 %data_read, i32 2, i32 11)" [../../mz_libcaer_OF_HLS/ABMOF/abmof_hw_accel.cpp:46]
ST_4 : Operation 59 [1/1] (0.00ns)   --->   "%tmp_12 = call i14 @_ssdm_op_PartSelect.i14.i32.i32.i32(i32 %data_read, i32 2, i32 15)" [../../mz_libcaer_OF_HLS/ABMOF/abmof_hw_accel.cpp:46]
ST_4 : Operation 60 [1/1] (2.55ns)   --->   "%i_2 = add nsw i32 %i, 2" [../../mz_libcaer_OF_HLS/ABMOF/abmof_hw_accel.cpp:43]   --->   Core 14 'AddSub' <Latency = 0> <II = 1> <Delay = 1.91> <FuncUnit> <Opcode : 'add' 'sub'> <InPorts = 2> <OutPorts = 1>

 <State 5> : 6.38ns
ST_5 : Operation 61 [1/1] (0.00ns)   --->   "%zext_cast = zext i15 %x_cast to i32" [../../mz_libcaer_OF_HLS/ABMOF/abmof_hw_accel.cpp:46]
ST_5 : Operation 62 [1/1] (6.38ns)   --->   "%mul = mul i32 %zext_cast, 34953" [../../mz_libcaer_OF_HLS/ABMOF/abmof_hw_accel.cpp:46]   --->   Core 61 'DSP48' <Latency = 0> <II = 1> <Delay = 6.38> <IPBlock> <Opcode : 'mul' 'add' 'sub' 'select'> <InPorts = 0> <OutPorts = 1> <Sync> <CReg>
ST_5 : Operation 63 [19/19] (3.74ns)   --->   "%newIndex_i = urem i15 %x_cast, 60" [../../mz_libcaer_OF_HLS/ABMOF/abmof_hw_accel.cpp:46]   --->   Core 23 'DivnS' <Latency = 18> <II = 1> <Delay = 3.74> <FuncUnit> <Opcode : 'sdiv' 'srem' 'udiv' 'urem'> <InPorts = 2> <OutPorts = 1>

 <State 6> : 3.74ns
ST_6 : Operation 64 [1/1] (0.00ns)   --->   "%tmp_13 = call i11 @_ssdm_op_PartSelect.i11.i32.i32.i32(i32 %mul, i32 21, i32 31)" [../../mz_libcaer_OF_HLS/ABMOF/abmof_hw_accel.cpp:46]
ST_6 : Operation 65 [18/19] (3.74ns)   --->   "%newIndex_i = urem i15 %x_cast, 60" [../../mz_libcaer_OF_HLS/ABMOF/abmof_hw_accel.cpp:46]   --->   Core 23 'DivnS' <Latency = 18> <II = 1> <Delay = 3.74> <FuncUnit> <Opcode : 'sdiv' 'srem' 'udiv' 'urem'> <InPorts = 2> <OutPorts = 1>

 <State 7> : 3.74ns
ST_7 : Operation 66 [17/19] (3.74ns)   --->   "%newIndex_i = urem i15 %x_cast, 60" [../../mz_libcaer_OF_HLS/ABMOF/abmof_hw_accel.cpp:46]   --->   Core 23 'DivnS' <Latency = 18> <II = 1> <Delay = 3.74> <FuncUnit> <Opcode : 'sdiv' 'srem' 'udiv' 'urem'> <InPorts = 2> <OutPorts = 1>

 <State 8> : 3.74ns
ST_8 : Operation 67 [16/19] (3.74ns)   --->   "%newIndex_i = urem i15 %x_cast, 60" [../../mz_libcaer_OF_HLS/ABMOF/abmof_hw_accel.cpp:46]   --->   Core 23 'DivnS' <Latency = 18> <II = 1> <Delay = 3.74> <FuncUnit> <Opcode : 'sdiv' 'srem' 'udiv' 'urem'> <InPorts = 2> <OutPorts = 1>

 <State 9> : 3.74ns
ST_9 : Operation 68 [15/19] (3.74ns)   --->   "%newIndex_i = urem i15 %x_cast, 60" [../../mz_libcaer_OF_HLS/ABMOF/abmof_hw_accel.cpp:46]   --->   Core 23 'DivnS' <Latency = 18> <II = 1> <Delay = 3.74> <FuncUnit> <Opcode : 'sdiv' 'srem' 'udiv' 'urem'> <InPorts = 2> <OutPorts = 1>

 <State 10> : 3.74ns
ST_10 : Operation 69 [14/19] (3.74ns)   --->   "%newIndex_i = urem i15 %x_cast, 60" [../../mz_libcaer_OF_HLS/ABMOF/abmof_hw_accel.cpp:46]   --->   Core 23 'DivnS' <Latency = 18> <II = 1> <Delay = 3.74> <FuncUnit> <Opcode : 'sdiv' 'srem' 'udiv' 'urem'> <InPorts = 2> <OutPorts = 1>

 <State 11> : 3.74ns
ST_11 : Operation 70 [13/19] (3.74ns)   --->   "%newIndex_i = urem i15 %x_cast, 60" [../../mz_libcaer_OF_HLS/ABMOF/abmof_hw_accel.cpp:46]   --->   Core 23 'DivnS' <Latency = 18> <II = 1> <Delay = 3.74> <FuncUnit> <Opcode : 'sdiv' 'srem' 'udiv' 'urem'> <InPorts = 2> <OutPorts = 1>

 <State 12> : 3.74ns
ST_12 : Operation 71 [12/19] (3.74ns)   --->   "%newIndex_i = urem i15 %x_cast, 60" [../../mz_libcaer_OF_HLS/ABMOF/abmof_hw_accel.cpp:46]   --->   Core 23 'DivnS' <Latency = 18> <II = 1> <Delay = 3.74> <FuncUnit> <Opcode : 'sdiv' 'srem' 'udiv' 'urem'> <InPorts = 2> <OutPorts = 1>

 <State 13> : 3.74ns
ST_13 : Operation 72 [11/19] (3.74ns)   --->   "%newIndex_i = urem i15 %x_cast, 60" [../../mz_libcaer_OF_HLS/ABMOF/abmof_hw_accel.cpp:46]   --->   Core 23 'DivnS' <Latency = 18> <II = 1> <Delay = 3.74> <FuncUnit> <Opcode : 'sdiv' 'srem' 'udiv' 'urem'> <InPorts = 2> <OutPorts = 1>

 <State 14> : 3.74ns
ST_14 : Operation 73 [10/19] (3.74ns)   --->   "%newIndex_i = urem i15 %x_cast, 60" [../../mz_libcaer_OF_HLS/ABMOF/abmof_hw_accel.cpp:46]   --->   Core 23 'DivnS' <Latency = 18> <II = 1> <Delay = 3.74> <FuncUnit> <Opcode : 'sdiv' 'srem' 'udiv' 'urem'> <InPorts = 2> <OutPorts = 1>

 <State 15> : 3.74ns
ST_15 : Operation 74 [9/19] (3.74ns)   --->   "%newIndex_i = urem i15 %x_cast, 60" [../../mz_libcaer_OF_HLS/ABMOF/abmof_hw_accel.cpp:46]   --->   Core 23 'DivnS' <Latency = 18> <II = 1> <Delay = 3.74> <FuncUnit> <Opcode : 'sdiv' 'srem' 'udiv' 'urem'> <InPorts = 2> <OutPorts = 1>

 <State 16> : 3.74ns
ST_16 : Operation 75 [8/19] (3.74ns)   --->   "%newIndex_i = urem i15 %x_cast, 60" [../../mz_libcaer_OF_HLS/ABMOF/abmof_hw_accel.cpp:46]   --->   Core 23 'DivnS' <Latency = 18> <II = 1> <Delay = 3.74> <FuncUnit> <Opcode : 'sdiv' 'srem' 'udiv' 'urem'> <InPorts = 2> <OutPorts = 1>

 <State 17> : 3.74ns
ST_17 : Operation 76 [7/19] (3.74ns)   --->   "%newIndex_i = urem i15 %x_cast, 60" [../../mz_libcaer_OF_HLS/ABMOF/abmof_hw_accel.cpp:46]   --->   Core 23 'DivnS' <Latency = 18> <II = 1> <Delay = 3.74> <FuncUnit> <Opcode : 'sdiv' 'srem' 'udiv' 'urem'> <InPorts = 2> <OutPorts = 1>

 <State 18> : 3.74ns
ST_18 : Operation 77 [6/19] (3.74ns)   --->   "%newIndex_i = urem i15 %x_cast, 60" [../../mz_libcaer_OF_HLS/ABMOF/abmof_hw_accel.cpp:46]   --->   Core 23 'DivnS' <Latency = 18> <II = 1> <Delay = 3.74> <FuncUnit> <Opcode : 'sdiv' 'srem' 'udiv' 'urem'> <InPorts = 2> <OutPorts = 1>

 <State 19> : 3.74ns
ST_19 : Operation 78 [5/19] (3.74ns)   --->   "%newIndex_i = urem i15 %x_cast, 60" [../../mz_libcaer_OF_HLS/ABMOF/abmof_hw_accel.cpp:46]   --->   Core 23 'DivnS' <Latency = 18> <II = 1> <Delay = 3.74> <FuncUnit> <Opcode : 'sdiv' 'srem' 'udiv' 'urem'> <InPorts = 2> <OutPorts = 1>

 <State 20> : 3.74ns
ST_20 : Operation 79 [4/19] (3.74ns)   --->   "%newIndex_i = urem i15 %x_cast, 60" [../../mz_libcaer_OF_HLS/ABMOF/abmof_hw_accel.cpp:46]   --->   Core 23 'DivnS' <Latency = 18> <II = 1> <Delay = 3.74> <FuncUnit> <Opcode : 'sdiv' 'srem' 'udiv' 'urem'> <InPorts = 2> <OutPorts = 1>

 <State 21> : 3.74ns
ST_21 : Operation 80 [3/19] (3.74ns)   --->   "%newIndex_i = urem i15 %x_cast, 60" [../../mz_libcaer_OF_HLS/ABMOF/abmof_hw_accel.cpp:46]   --->   Core 23 'DivnS' <Latency = 18> <II = 1> <Delay = 3.74> <FuncUnit> <Opcode : 'sdiv' 'srem' 'udiv' 'urem'> <InPorts = 2> <OutPorts = 1>

 <State 22> : 3.74ns
ST_22 : Operation 81 [2/19] (3.74ns)   --->   "%newIndex_i = urem i15 %x_cast, 60" [../../mz_libcaer_OF_HLS/ABMOF/abmof_hw_accel.cpp:46]   --->   Core 23 'DivnS' <Latency = 18> <II = 1> <Delay = 3.74> <FuncUnit> <Opcode : 'sdiv' 'srem' 'udiv' 'urem'> <InPorts = 2> <OutPorts = 1>

 <State 23> : 3.74ns
ST_23 : Operation 82 [1/19] (3.74ns)   --->   "%newIndex_i = urem i15 %x_cast, 60" [../../mz_libcaer_OF_HLS/ABMOF/abmof_hw_accel.cpp:46]   --->   Core 23 'DivnS' <Latency = 18> <II = 1> <Delay = 3.74> <FuncUnit> <Opcode : 'sdiv' 'srem' 'udiv' 'urem'> <InPorts = 2> <OutPorts = 1>

 <State 24> : 7.16ns
ST_24 : Operation 83 [1/1] (0.00ns)   --->   "%p_shl_cast = call i16 @_ssdm_op_BitConcatenate.i16.i10.i6(i10 %tmp_11, i6 0)" [../../mz_libcaer_OF_HLS/ABMOF/abmof_hw_accel.cpp:46]
ST_24 : Operation 84 [1/1] (0.00ns)   --->   "%p_shl3_cast = call i16 @_ssdm_op_BitConcatenate.i16.i14.i2(i14 %tmp_12, i2 0)" [../../mz_libcaer_OF_HLS/ABMOF/abmof_hw_accel.cpp:10->../../mz_libcaer_OF_HLS/ABMOF/abmof_hw_accel.cpp:52]
ST_24 : Operation 85 [1/1] (0.00ns) (grouped into TernaryAdder)   --->   "%tmp_s = sub i16 %p_shl_cast, %p_shl3_cast" [../../mz_libcaer_OF_HLS/ABMOF/abmof_hw_accel.cpp:10->../../mz_libcaer_OF_HLS/ABMOF/abmof_hw_accel.cpp:52]   --->   Core 80 'TAddSub' <Latency = 0> <II = 1> <Delay = 1.95> <IPBlock> <Opcode : 'add' 'sub'> <InPorts = 3> <OutPorts = 1> <Sync> <CReg>
ST_24 : Operation 86 [1/1] (0.00ns)   --->   "%newIndex1_i_cast = zext i15 %newIndex_i to i16" [../../mz_libcaer_OF_HLS/ABMOF/abmof_hw_accel.cpp:10->../../mz_libcaer_OF_HLS/ABMOF/abmof_hw_accel.cpp:52]
ST_24 : Operation 87 [1/1] (3.90ns) (root node of TernaryAdder)   --->   "%tmp_62 = add i16 %newIndex1_i_cast, %tmp_s" [../../mz_libcaer_OF_HLS/ABMOF/abmof_hw_accel.cpp:10->../../mz_libcaer_OF_HLS/ABMOF/abmof_hw_accel.cpp:52]   --->   Core 80 'TAddSub' <Latency = 0> <II = 1> <Delay = 1.95> <IPBlock> <Opcode : 'add' 'sub'> <InPorts = 3> <OutPorts = 1> <Sync> <CReg>
ST_24 : Operation 88 [1/1] (0.00ns)   --->   "%tmp_69_cast = sext i16 %tmp_62 to i32" [../../mz_libcaer_OF_HLS/ABMOF/abmof_hw_accel.cpp:10->../../mz_libcaer_OF_HLS/ABMOF/abmof_hw_accel.cpp:52]
ST_24 : Operation 89 [1/1] (0.00ns)   --->   "%glPLSlices_0_addr = getelementptr [32400 x i8]* @glPLSlices_0, i32 0, i32 %tmp_69_cast" [../../mz_libcaer_OF_HLS/ABMOF/abmof_hw_accel.cpp:10->../../mz_libcaer_OF_HLS/ABMOF/abmof_hw_accel.cpp:52]
ST_24 : Operation 90 [1/1] (0.00ns)   --->   "%glPLSlices_1_addr = getelementptr [32400 x i8]* @glPLSlices_1, i32 0, i32 %tmp_69_cast" [../../mz_libcaer_OF_HLS/ABMOF/abmof_hw_accel.cpp:10->../../mz_libcaer_OF_HLS/ABMOF/abmof_hw_accel.cpp:52]
ST_24 : Operation 91 [1/1] (0.00ns)   --->   "%glPLSlices_2_addr = getelementptr [32400 x i8]* @glPLSlices_2, i32 0, i32 %tmp_69_cast" [../../mz_libcaer_OF_HLS/ABMOF/abmof_hw_accel.cpp:10->../../mz_libcaer_OF_HLS/ABMOF/abmof_hw_accel.cpp:52]
ST_24 : Operation 92 [1/1] (0.00ns)   --->   "%glPLSlices_3_addr = getelementptr [32400 x i8]* @glPLSlices_3, i32 0, i32 %tmp_69_cast" [../../mz_libcaer_OF_HLS/ABMOF/abmof_hw_accel.cpp:10->../../mz_libcaer_OF_HLS/ABMOF/abmof_hw_accel.cpp:52]
ST_24 : Operation 93 [2/2] (3.25ns)   --->   "%glPLSlices_0_load = load i8* %glPLSlices_0_addr, align 1" [../../mz_libcaer_OF_HLS/ABMOF/abmof_hw_accel.cpp:10->../../mz_libcaer_OF_HLS/ABMOF/abmof_hw_accel.cpp:52]   --->   Core 37 'RAM' <Latency = 1> <II = 1> <Delay = 3.25> <Storage> <Opcode : 'load' 'store'> <Ports = 2> <Width = 8> <Depth = 32400> <RAM>
ST_24 : Operation 94 [2/2] (3.25ns)   --->   "%glPLSlices_1_load = load i8* %glPLSlices_1_addr, align 1" [../../mz_libcaer_OF_HLS/ABMOF/abmof_hw_accel.cpp:10->../../mz_libcaer_OF_HLS/ABMOF/abmof_hw_accel.cpp:52]   --->   Core 37 'RAM' <Latency = 1> <II = 1> <Delay = 3.25> <Storage> <Opcode : 'load' 'store'> <Ports = 2> <Width = 8> <Depth = 32400> <RAM>
ST_24 : Operation 95 [2/2] (3.25ns)   --->   "%glPLSlices_2_load = load i8* %glPLSlices_2_addr, align 1" [../../mz_libcaer_OF_HLS/ABMOF/abmof_hw_accel.cpp:10->../../mz_libcaer_OF_HLS/ABMOF/abmof_hw_accel.cpp:52]   --->   Core 37 'RAM' <Latency = 1> <II = 1> <Delay = 3.25> <Storage> <Opcode : 'load' 'store'> <Ports = 2> <Width = 8> <Depth = 32400> <RAM>
ST_24 : Operation 96 [2/2] (3.25ns)   --->   "%glPLSlices_3_load = load i8* %glPLSlices_3_addr, align 1" [../../mz_libcaer_OF_HLS/ABMOF/abmof_hw_accel.cpp:10->../../mz_libcaer_OF_HLS/ABMOF/abmof_hw_accel.cpp:52]   --->   Core 37 'RAM' <Latency = 1> <II = 1> <Delay = 3.25> <Storage> <Opcode : 'load' 'store'> <Ports = 2> <Width = 8> <Depth = 32400> <RAM>

 <State 25> : 10.38ns
ST_25 : Operation 97 [1/1] (0.00ns)   --->   "call void (...)* @_ssdm_op_SpecLoopName([7 x i8]* @p_str10) nounwind" [../../mz_libcaer_OF_HLS/ABMOF/abmof_hw_accel.cpp:44]
ST_25 : Operation 98 [1/1] (0.00ns)   --->   "%tmp_2 = call i32 (...)* @_ssdm_op_SpecRegionBegin([7 x i8]* @p_str10) nounwind" [../../mz_libcaer_OF_HLS/ABMOF/abmof_hw_accel.cpp:44]
ST_25 : Operation 99 [1/1] (0.00ns)   --->   "call void (...)* @_ssdm_op_SpecLoopTripCount(i32 0, i32 10000, i32 5000, [1 x i8]* @p_str2) nounwind" [../../mz_libcaer_OF_HLS/ABMOF/abmof_hw_accel.cpp:45]
ST_25 : Operation 100 [1/1] (0.00ns)   --->   "call void (...)* @_ssdm_op_SpecPipeline(i32 -1, i32 1, i32 1, i32 0, [1 x i8]* @p_str2) nounwind" [../../mz_libcaer_OF_HLS/ABMOF/abmof_hw_accel.cpp:45]
ST_25 : Operation 101 [1/1] (0.00ns)   --->   "%arrayNo_i = sext i11 %tmp_13 to i15" [../../mz_libcaer_OF_HLS/ABMOF/abmof_hw_accel.cpp:46]
ST_25 : Operation 102 [1/1] (0.00ns)   --->   "%arrayNo_i_cast = zext i15 %arrayNo_i to i16" [../../mz_libcaer_OF_HLS/ABMOF/abmof_hw_accel.cpp:46]
ST_25 : Operation 103 [1/2] (3.25ns)   --->   "%glPLSlices_0_load = load i8* %glPLSlices_0_addr, align 1" [../../mz_libcaer_OF_HLS/ABMOF/abmof_hw_accel.cpp:10->../../mz_libcaer_OF_HLS/ABMOF/abmof_hw_accel.cpp:52]   --->   Core 37 'RAM' <Latency = 1> <II = 1> <Delay = 3.25> <Storage> <Opcode : 'load' 'store'> <Ports = 2> <Width = 8> <Depth = 32400> <RAM>
ST_25 : Operation 104 [1/2] (3.25ns)   --->   "%glPLSlices_1_load = load i8* %glPLSlices_1_addr, align 1" [../../mz_libcaer_OF_HLS/ABMOF/abmof_hw_accel.cpp:10->../../mz_libcaer_OF_HLS/ABMOF/abmof_hw_accel.cpp:52]   --->   Core 37 'RAM' <Latency = 1> <II = 1> <Delay = 3.25> <Storage> <Opcode : 'load' 'store'> <Ports = 2> <Width = 8> <Depth = 32400> <RAM>
ST_25 : Operation 105 [1/2] (3.25ns)   --->   "%glPLSlices_2_load = load i8* %glPLSlices_2_addr, align 1" [../../mz_libcaer_OF_HLS/ABMOF/abmof_hw_accel.cpp:10->../../mz_libcaer_OF_HLS/ABMOF/abmof_hw_accel.cpp:52]   --->   Core 37 'RAM' <Latency = 1> <II = 1> <Delay = 3.25> <Storage> <Opcode : 'load' 'store'> <Ports = 2> <Width = 8> <Depth = 32400> <RAM>
ST_25 : Operation 106 [1/2] (3.25ns)   --->   "%glPLSlices_3_load = load i8* %glPLSlices_3_addr, align 1" [../../mz_libcaer_OF_HLS/ABMOF/abmof_hw_accel.cpp:10->../../mz_libcaer_OF_HLS/ABMOF/abmof_hw_accel.cpp:52]   --->   Core 37 'RAM' <Latency = 1> <II = 1> <Delay = 3.25> <Storage> <Opcode : 'load' 'store'> <Ports = 2> <Width = 8> <Depth = 32400> <RAM>
ST_25 : Operation 107 [1/1] (1.95ns)   --->   "%tmp_1 = call i8 @_ssdm_op_Mux.ap_auto.4i8.i16(i8 %glPLSlices_0_load, i8 %glPLSlices_1_load, i8 %glPLSlices_2_load, i8 %glPLSlices_3_load, i16 %arrayNo_i_cast) nounwind" [../../mz_libcaer_OF_HLS/ABMOF/abmof_hw_accel.cpp:10->../../mz_libcaer_OF_HLS/ABMOF/abmof_hw_accel.cpp:52]   --->   Core 31 'MuxnS' <Latency = 0> <II = 1> <Delay = 1.95> <FuncUnit> <Opcode : 'mux'> <InPorts = 2> <OutPorts = 1>
ST_25 : Operation 108 [1/1] (1.91ns)   --->   "%tmp_3_i = add i8 %tmp_1, 1" [../../mz_libcaer_OF_HLS/ABMOF/abmof_hw_accel.cpp:10->../../mz_libcaer_OF_HLS/ABMOF/abmof_hw_accel.cpp:52]   --->   Core 14 'AddSub' <Latency = 0> <II = 1> <Delay = 1.91> <FuncUnit> <Opcode : 'add' 'sub'> <InPorts = 2> <OutPorts = 1>
ST_25 : Operation 109 [1/1] (1.30ns)   --->   "switch i15 %arrayNo_i, label %branch3.i [
    i15 0, label %branch0.i
    i15 1, label %branch1.i
    i15 2, label %branch2.i
  ]" [../../mz_libcaer_OF_HLS/ABMOF/abmof_hw_accel.cpp:10->../../mz_libcaer_OF_HLS/ABMOF/abmof_hw_accel.cpp:52]
ST_25 : Operation 110 [1/1] (3.25ns)   --->   "store i8 %tmp_3_i, i8* %glPLSlices_2_addr, align 1" [../../mz_libcaer_OF_HLS/ABMOF/abmof_hw_accel.cpp:10->../../mz_libcaer_OF_HLS/ABMOF/abmof_hw_accel.cpp:52]   --->   Core 37 'RAM' <Latency = 1> <II = 1> <Delay = 3.25> <Storage> <Opcode : 'load' 'store'> <Ports = 2> <Width = 8> <Depth = 32400> <RAM>
ST_25 : Operation 111 [1/1] (0.00ns)   --->   "br label %4" [../../mz_libcaer_OF_HLS/ABMOF/abmof_hw_accel.cpp:10->../../mz_libcaer_OF_HLS/ABMOF/abmof_hw_accel.cpp:52]
ST_25 : Operation 112 [1/1] (3.25ns)   --->   "store i8 %tmp_3_i, i8* %glPLSlices_1_addr, align 1" [../../mz_libcaer_OF_HLS/ABMOF/abmof_hw_accel.cpp:10->../../mz_libcaer_OF_HLS/ABMOF/abmof_hw_accel.cpp:52]   --->   Core 37 'RAM' <Latency = 1> <II = 1> <Delay = 3.25> <Storage> <Opcode : 'load' 'store'> <Ports = 2> <Width = 8> <Depth = 32400> <RAM>
ST_25 : Operation 113 [1/1] (0.00ns)   --->   "br label %4" [../../mz_libcaer_OF_HLS/ABMOF/abmof_hw_accel.cpp:10->../../mz_libcaer_OF_HLS/ABMOF/abmof_hw_accel.cpp:52]
ST_25 : Operation 114 [1/1] (3.25ns)   --->   "store i8 %tmp_3_i, i8* %glPLSlices_0_addr, align 1" [../../mz_libcaer_OF_HLS/ABMOF/abmof_hw_accel.cpp:10->../../mz_libcaer_OF_HLS/ABMOF/abmof_hw_accel.cpp:52]   --->   Core 37 'RAM' <Latency = 1> <II = 1> <Delay = 3.25> <Storage> <Opcode : 'load' 'store'> <Ports = 2> <Width = 8> <Depth = 32400> <RAM>
ST_25 : Operation 115 [1/1] (0.00ns)   --->   "br label %4" [../../mz_libcaer_OF_HLS/ABMOF/abmof_hw_accel.cpp:10->../../mz_libcaer_OF_HLS/ABMOF/abmof_hw_accel.cpp:52]
ST_25 : Operation 116 [1/1] (3.25ns)   --->   "store i8 %tmp_3_i, i8* %glPLSlices_3_addr, align 1" [../../mz_libcaer_OF_HLS/ABMOF/abmof_hw_accel.cpp:10->../../mz_libcaer_OF_HLS/ABMOF/abmof_hw_accel.cpp:52]   --->   Core 37 'RAM' <Latency = 1> <II = 1> <Delay = 3.25> <Storage> <Opcode : 'load' 'store'> <Ports = 2> <Width = 8> <Depth = 32400> <RAM>
ST_25 : Operation 117 [1/1] (0.00ns)   --->   "br label %4" [../../mz_libcaer_OF_HLS/ABMOF/abmof_hw_accel.cpp:10->../../mz_libcaer_OF_HLS/ABMOF/abmof_hw_accel.cpp:52]
ST_25 : Operation 118 [1/1] (0.00ns)   --->   "br label %accumulateHW.exit" [../../mz_libcaer_OF_HLS/ABMOF/abmof_hw_accel.cpp:11->../../mz_libcaer_OF_HLS/ABMOF/abmof_hw_accel.cpp:52]
ST_25 : Operation 119 [1/1] (0.00ns)   --->   "%empty = call i32 (...)* @_ssdm_op_SpecRegionEnd([7 x i8]* @p_str10, i32 %tmp_2) nounwind" [../../mz_libcaer_OF_HLS/ABMOF/abmof_hw_accel.cpp:53]
ST_25 : Operation 120 [1/1] (0.00ns)   --->   "br label %1" [../../mz_libcaer_OF_HLS/ABMOF/abmof_hw_accel.cpp:43]

 <State 26> : 0.00ns
ST_26 : Operation 121 [2/2] (0.00ns)   --->   "call fastcc void @copyToPS(i8* %eventSlice, i32 %eventSlice_offset_re)" [../../mz_libcaer_OF_HLS/ABMOF/abmof_hw_accel.cpp:55]   --->   Core 0 '' <Latency = 0> <II = 1> <Delay = 1.00> <Generic> <Opcode : >

 <State 27> : 0.00ns
ST_27 : Operation 122 [1/2] (0.00ns)   --->   "call fastcc void @copyToPS(i8* %eventSlice, i32 %eventSlice_offset_re)" [../../mz_libcaer_OF_HLS/ABMOF/abmof_hw_accel.cpp:55]   --->   Core 0 '' <Latency = 0> <II = 1> <Delay = 1.00> <Generic> <Opcode : >
ST_27 : Operation 123 [1/1] (0.00ns)   --->   "ret void" [../../mz_libcaer_OF_HLS/ABMOF/abmof_hw_accel.cpp:56]


============================================================
+ Verbose Summary: Binding
============================================================
STG Binding: 
---------------- STG Properties BEGIN ----------------
- Is combinational: 0
- Is one-state seq: 0
- Is datapath-only: 0
- Is pipelined: 0
- Is top level: 1
Port [ Return ] is wired: 1; IO mode=ap_ctrl_hs:ce=0
Port [ eventSlice]:  wired=1; compound=1; hidden=0; nouse=0; global=0; static=0; extern=0; dir=1; type=4; pingpong=0; private_global=0; IO mode=m_axi:ce=0
Port [ data]:  wired=1; compound=1; hidden=0; nouse=0; global=0; static=0; extern=0; dir=0; type=3; pingpong=0; private_global=0; IO mode=ap_fifo:ce=0
Port [ eventsArraySize]:  wired=1; compound=0; hidden=0; nouse=0; global=0; static=0; extern=0; dir=0; type=0; pingpong=0; private_global=0; IO mode=ap_none:ce=0
Port [ eventSlice_offset]:  wired=1; compound=0; hidden=0; nouse=0; global=0; static=0; extern=0; dir=0; type=0; pingpong=0; private_global=0; IO mode=ap_none:ce=0
Port [ glPLSlices_0]:  wired=0; compound=1; hidden=1; nouse=0; global=1; static=1; extern=0; dir=2; type=1; pingpong=0; private_global=1; linkage=7; visibility=0; MemPort=[20]; IO mode=ap_memory:ce=0
Port [ glPLSlices_1]:  wired=0; compound=1; hidden=1; nouse=0; global=1; static=1; extern=0; dir=2; type=1; pingpong=0; private_global=1; linkage=7; visibility=0; MemPort=[20]; IO mode=ap_memory:ce=0
Port [ glPLSlices_2]:  wired=0; compound=1; hidden=1; nouse=0; global=1; static=1; extern=0; dir=2; type=1; pingpong=0; private_global=1; linkage=7; visibility=0; MemPort=[20]; IO mode=ap_memory:ce=0
Port [ glPLSlices_3]:  wired=0; compound=1; hidden=1; nouse=0; global=1; static=1; extern=0; dir=2; type=1; pingpong=0; private_global=1; linkage=7; visibility=0; MemPort=[20]; IO mode=ap_memory:ce=0
---------------- STG Properties END ------------------

---------------- Datapath Model BEGIN ----------------

<LifeTime>
<method=bitvector/>
StgValue_29          (specbitsmap      ) [ 0000000000000000000000000000]
StgValue_30          (specbitsmap      ) [ 0000000000000000000000000000]
StgValue_31          (specbitsmap      ) [ 0000000000000000000000000000]
StgValue_32          (spectopmodule    ) [ 0000000000000000000000000000]
eventSlice_offset_re (read             ) [ 0001111111111111111111111111]
eventsArraySize_read (read             ) [ 0000000000000000000000000000]
StgValue_35          (specinterface    ) [ 0000000000000000000000000000]
StgValue_36          (speclatency      ) [ 0000000000000000000000000000]
StgValue_37          (specinterface    ) [ 0000000000000000000000000000]
StgValue_38          (call             ) [ 0000000000000000000000000000]
tmp                  (shl              ) [ 0000000000000000000000000000]
tmp_3                (bitselect        ) [ 0000000000000000000000000000]
tmp_op_op9           (or               ) [ 0000000000000000000000000000]
tmp_4                (bitselect        ) [ 0000000000000000000000000000]
p_neg                (xor              ) [ 0000000000000000000000000000]
p_lshr               (partselect       ) [ 0000000000000000000000000000]
p_neg_t              (sub              ) [ 0000000000000000000000000000]
tmp_5                (partselect       ) [ 0000000000000000000000000000]
tmp_6                (select           ) [ 0000000000000000000000000000]
tmp_7                (select           ) [ 0000000000000000000000000000]
tmp_8                (bitconcatenate   ) [ 0001111111111111111111111100]
StgValue_50          (br               ) [ 0011111111111111111111111100]
i                    (phi              ) [ 0001100000000000000000000000]
tmp_9                (icmp             ) [ 0001111111111111111111111100]
StgValue_53          (br               ) [ 0000000000000000000000000000]
data_read            (read             ) [ 0000000000000000000000000000]
x_cast               (partselect       ) [ 0001111111111111111111110000]
tmp_10               (bitselect        ) [ 0001111111111111111111111100]
StgValue_57          (br               ) [ 0000000000000000000000000000]
tmp_11               (partselect       ) [ 0001111111111111111111111000]
tmp_12               (partselect       ) [ 0001111111111111111111111000]
i_2                  (add              ) [ 0011111111111111111111111100]
zext_cast            (zext             ) [ 0000000000000000000000000000]
mul                  (mul              ) [ 0000101000000000000000000000]
tmp_13               (partselect       ) [ 0001100111111111111111111100]
newIndex_i           (urem             ) [ 0000100000000000000000001000]
p_shl_cast           (bitconcatenate   ) [ 0000000000000000000000000000]
p_shl3_cast          (bitconcatenate   ) [ 0000000000000000000000000000]
tmp_s                (sub              ) [ 0000000000000000000000000000]
newIndex1_i_cast     (zext             ) [ 0000000000000000000000000000]
tmp_62               (add              ) [ 0000000000000000000000000000]
tmp_69_cast          (sext             ) [ 0000000000000000000000000000]
glPLSlices_0_addr    (getelementptr    ) [ 0001000000000000000000000100]
glPLSlices_1_addr    (getelementptr    ) [ 0001000000000000000000000100]
glPLSlices_2_addr    (getelementptr    ) [ 0001000000000000000000000100]
glPLSlices_3_addr    (getelementptr    ) [ 0001000000000000000000000100]
StgValue_97          (specloopname     ) [ 0000000000000000000000000000]
tmp_2                (specregionbegin  ) [ 0000000000000000000000000000]
StgValue_99          (speclooptripcount) [ 0000000000000000000000000000]
StgValue_100         (specpipeline     ) [ 0000000000000000000000000000]
arrayNo_i            (sext             ) [ 0001111111111111111111111100]
arrayNo_i_cast       (zext             ) [ 0000000000000000000000000000]
glPLSlices_0_load    (load             ) [ 0000000000000000000000000000]
glPLSlices_1_load    (load             ) [ 0000000000000000000000000000]
glPLSlices_2_load    (load             ) [ 0000000000000000000000000000]
glPLSlices_3_load    (load             ) [ 0000000000000000000000000000]
tmp_1                (mux              ) [ 0000000000000000000000000000]
tmp_3_i              (add              ) [ 0000000000000000000000000000]
StgValue_109         (switch           ) [ 0000000000000000000000000000]
StgValue_110         (store            ) [ 0000000000000000000000000000]
StgValue_111         (br               ) [ 0000000000000000000000000000]
StgValue_112         (store            ) [ 0000000000000000000000000000]
StgValue_113         (br               ) [ 0000000000000000000000000000]
StgValue_114         (store            ) [ 0000000000000000000000000000]
StgValue_115         (br               ) [ 0000000000000000000000000000]
StgValue_116         (store            ) [ 0000000000000000000000000000]
StgValue_117         (br               ) [ 0000000000000000000000000000]
StgValue_118         (br               ) [ 0000000000000000000000000000]
empty                (specregionend    ) [ 0000000000000000000000000000]
StgValue_120         (br               ) [ 0011111111111111111111111100]
StgValue_122         (call             ) [ 0000000000000000000000000000]
StgValue_123         (ret              ) [ 0000000000000000000000000000]
</LifeTime>

<model>

<comp_list>
<comp id="0" class="1000" name="eventSlice">
<pin_list>
<pin id="1" dir="1" index="0" bw="1" slack="0"/>
</pin_list>
<bind>
<StgValue><ssdm name="eventSlice"/></StgValue>
</bind>
</comp>

<comp id="2" class="1000" name="data">
<pin_list>
<pin id="3" dir="1" index="0" bw="1" slack="0"/>
</pin_list>
<bind>
<StgValue><ssdm name="data"/></StgValue>
</bind>
</comp>

<comp id="4" class="1000" name="eventsArraySize">
<pin_list>
<pin id="5" dir="1" index="0" bw="1" slack="0"/>
</pin_list>
<bind>
<StgValue><ssdm name="eventsArraySize"/></StgValue>
</bind>
</comp>

<comp id="6" class="1000" name="eventSlice_offset">
<pin_list>
<pin id="7" dir="1" index="0" bw="1" slack="0"/>
</pin_list>
<bind>
<StgValue><ssdm name="eventSlice_offset"/></StgValue>
</bind>
</comp>

<comp id="8" class="1000" name="glPLSlices_0">
<pin_list>
<pin id="9" dir="1" index="0" bw="1" slack="0"/>
</pin_list>
<bind>
<StgValue><ssdm name="glPLSlices_0"/><MemPortTyVec>2 0 </MemPortTyVec>
</StgValue>
</bind>
</comp>

<comp id="10" class="1000" name="glPLSlices_1">
<pin_list>
<pin id="11" dir="1" index="0" bw="1" slack="0"/>
</pin_list>
<bind>
<StgValue><ssdm name="glPLSlices_1"/><MemPortTyVec>2 0 </MemPortTyVec>
</StgValue>
</bind>
</comp>

<comp id="12" class="1000" name="glPLSlices_2">
<pin_list>
<pin id="13" dir="1" index="0" bw="1" slack="0"/>
</pin_list>
<bind>
<StgValue><ssdm name="glPLSlices_2"/><MemPortTyVec>2 0 </MemPortTyVec>
</StgValue>
</bind>
</comp>

<comp id="14" class="1000" name="glPLSlices_3">
<pin_list>
<pin id="15" dir="1" index="0" bw="1" slack="0"/>
</pin_list>
<bind>
<StgValue><ssdm name="glPLSlices_3"/><MemPortTyVec>2 0 </MemPortTyVec>
</StgValue>
</bind>
</comp>

<comp id="16" class="1001" name="const_16">
<pin_list>
<pin id="17" dir="1" index="0" bw="1" slack="0"/>
</pin_list>
<bind>
<StgValue><ssdm name="resetCurrentSliceHW"/></StgValue>
</bind>
</comp>

<comp id="18" class="1001" name="const_18">
<pin_list>
<pin id="19" dir="1" index="0" bw="1" slack="2147483647"/>
</pin_list>
<bind>
<StgValue><ssdm name="_ssdm_op_SpecBitsMap"/></StgValue>
</bind>
</comp>

<comp id="20" class="1001" name="const_20">
<pin_list>
<pin id="21" dir="1" index="0" bw="1" slack="2147483647"/>
</pin_list>
<bind>
<StgValue><ssdm name="_ssdm_op_SpecTopModule"/></StgValue>
</bind>
</comp>

<comp id="22" class="1001" name="const_22">
<pin_list>
<pin id="23" dir="1" index="0" bw="1" slack="2147483647"/>
</pin_list>
<bind>
<StgValue><ssdm name="parseEvents_str"/></StgValue>
</bind>
</comp>

<comp id="24" class="1001" name="const_24">
<pin_list>
<pin id="25" dir="1" index="0" bw="1" slack="0"/>
</pin_list>
<bind>
<StgValue><ssdm name="_ssdm_op_Read.ap_auto.i32"/></StgValue>
</bind>
</comp>

<comp id="26" class="1001" name="const_26">
<pin_list>
<pin id="27" dir="1" index="0" bw="1" slack="2147483647"/>
</pin_list>
<bind>
<StgValue><ssdm name="_ssdm_op_SpecInterface"/></StgValue>
</bind>
</comp>

<comp id="28" class="1001" name="const_28">
<pin_list>
<pin id="29" dir="1" index="0" bw="1" slack="2147483647"/>
</pin_list>
<bind>
<StgValue><ssdm name="p_str6"/></StgValue>
</bind>
</comp>

<comp id="30" class="1001" name="const_30">
<pin_list>
<pin id="31" dir="1" index="0" bw="1" slack="0"/>
</pin_list>
<bind>
<StgValue><ssdm name=""/></StgValue>
</bind>
</comp>

<comp id="32" class="1001" name="const_32">
<pin_list>
<pin id="33" dir="1" index="0" bw="1" slack="2147483647"/>
</pin_list>
<bind>
<StgValue><ssdm name="p_str2"/></StgValue>
</bind>
</comp>

<comp id="34" class="1001" name="const_34">
<pin_list>
<pin id="35" dir="1" index="0" bw="1" slack="2147483647"/>
</pin_list>
<bind>
<StgValue><ssdm name="_ssdm_op_SpecLatency"/></StgValue>
</bind>
</comp>

<comp id="36" class="1001" name="const_36">
<pin_list>
<pin id="37" dir="1" index="0" bw="1" slack="0"/>
</pin_list>
<bind>
<StgValue><ssdm name=""/></StgValue>
</bind>
</comp>

<comp id="38" class="1001" name="const_38">
<pin_list>
<pin id="39" dir="1" index="0" bw="1" slack="2147483647"/>
</pin_list>
<bind>
<StgValue><ssdm name=""/></StgValue>
</bind>
</comp>

<comp id="40" class="1001" name="const_40">
<pin_list>
<pin id="41" dir="1" index="0" bw="1" slack="2147483647"/>
</pin_list>
<bind>
<StgValue><ssdm name="p_str7"/></StgValue>
</bind>
</comp>

<comp id="42" class="1001" name="const_42">
<pin_list>
<pin id="43" dir="1" index="0" bw="1" slack="2147483647"/>
</pin_list>
<bind>
<StgValue><ssdm name="p_str8"/></StgValue>
</bind>
</comp>

<comp id="44" class="1001" name="const_44">
<pin_list>
<pin id="45" dir="1" index="0" bw="1" slack="2147483647"/>
</pin_list>
<bind>
<StgValue><ssdm name="p_str9"/></StgValue>
</bind>
</comp>

<comp id="46" class="1001" name="const_46">
<pin_list>
<pin id="47" dir="1" index="0" bw="1" slack="2147483647"/>
</pin_list>
<bind>
<StgValue><ssdm name=""/></StgValue>
</bind>
</comp>

<comp id="48" class="1001" name="const_48">
<pin_list>
<pin id="49" dir="1" index="0" bw="1" slack="0"/>
</pin_list>
<bind>
<StgValue><ssdm name="_ssdm_op_BitSelect.i1.i32.i32"/></StgValue>
</bind>
</comp>

<comp id="50" class="1001" name="const_50">
<pin_list>
<pin id="51" dir="1" index="0" bw="1" slack="0"/>
</pin_list>
<bind>
<StgValue><ssdm name=""/></StgValue>
</bind>
</comp>

<comp id="52" class="1001" name="const_52">
<pin_list>
<pin id="53" dir="1" index="0" bw="1" slack="0"/>
</pin_list>
<bind>
<StgValue><ssdm name=""/></StgValue>
</bind>
</comp>

<comp id="54" class="1001" name="const_54">
<pin_list>
<pin id="55" dir="1" index="0" bw="1" slack="0"/>
</pin_list>
<bind>
<StgValue><ssdm name=""/></StgValue>
</bind>
</comp>

<comp id="56" class="1001" name="const_56">
<pin_list>
<pin id="57" dir="1" index="0" bw="1" slack="0"/>
</pin_list>
<bind>
<StgValue><ssdm name="_ssdm_op_PartSelect.i31.i32.i32.i32"/></StgValue>
</bind>
</comp>

<comp id="58" class="1001" name="const_58">
<pin_list>
<pin id="59" dir="1" index="0" bw="1" slack="0"/>
</pin_list>
<bind>
<StgValue><ssdm name=""/></StgValue>
</bind>
</comp>

<comp id="60" class="1001" name="const_60">
<pin_list>
<pin id="61" dir="1" index="0" bw="1" slack="0"/>
</pin_list>
<bind>
<StgValue><ssdm name="_ssdm_op_BitConcatenate.i32.i31.i1"/></StgValue>
</bind>
</comp>

<comp id="62" class="1001" name="const_62">
<pin_list>
<pin id="63" dir="1" index="0" bw="1" slack="0"/>
</pin_list>
<bind>
<StgValue><ssdm name=""/></StgValue>
</bind>
</comp>

<comp id="64" class="1001" name="const_64">
<pin_list>
<pin id="65" dir="1" index="0" bw="1" slack="0"/>
</pin_list>
<bind>
<StgValue><ssdm name="_ssdm_op_Read.ap_fifo.volatile.i32P"/></StgValue>
</bind>
</comp>

<comp id="66" class="1001" name="const_66">
<pin_list>
<pin id="67" dir="1" index="0" bw="1" slack="0"/>
</pin_list>
<bind>
<StgValue><ssdm name="_ssdm_op_PartSelect.i15.i32.i32.i32"/></StgValue>
</bind>
</comp>

<comp id="68" class="1001" name="const_68">
<pin_list>
<pin id="69" dir="1" index="0" bw="1" slack="0"/>
</pin_list>
<bind>
<StgValue><ssdm name=""/></StgValue>
</bind>
</comp>

<comp id="70" class="1001" name="const_70">
<pin_list>
<pin id="71" dir="1" index="0" bw="1" slack="0"/>
</pin_list>
<bind>
<StgValue><ssdm name="_ssdm_op_PartSelect.i10.i32.i32.i32"/></StgValue>
</bind>
</comp>

<comp id="72" class="1001" name="const_72">
<pin_list>
<pin id="73" dir="1" index="0" bw="1" slack="0"/>
</pin_list>
<bind>
<StgValue><ssdm name=""/></StgValue>
</bind>
</comp>

<comp id="74" class="1001" name="const_74">
<pin_list>
<pin id="75" dir="1" index="0" bw="1" slack="0"/>
</pin_list>
<bind>
<StgValue><ssdm name=""/></StgValue>
</bind>
</comp>

<comp id="76" class="1001" name="const_76">
<pin_list>
<pin id="77" dir="1" index="0" bw="1" slack="0"/>
</pin_list>
<bind>
<StgValue><ssdm name="_ssdm_op_PartSelect.i14.i32.i32.i32"/></StgValue>
</bind>
</comp>

<comp id="78" class="1001" name="const_78">
<pin_list>
<pin id="79" dir="1" index="0" bw="1" slack="0"/>
</pin_list>
<bind>
<StgValue><ssdm name=""/></StgValue>
</bind>
</comp>

<comp id="80" class="1001" name="const_80">
<pin_list>
<pin id="81" dir="1" index="0" bw="1" slack="0"/>
</pin_list>
<bind>
<StgValue><ssdm name=""/></StgValue>
</bind>
</comp>

<comp id="82" class="1001" name="const_82">
<pin_list>
<pin id="83" dir="1" index="0" bw="1" slack="0"/>
</pin_list>
<bind>
<StgValue><ssdm name=""/></StgValue>
</bind>
</comp>

<comp id="84" class="1001" name="const_84">
<pin_list>
<pin id="85" dir="1" index="0" bw="1" slack="0"/>
</pin_list>
<bind>
<StgValue><ssdm name="_ssdm_op_PartSelect.i11.i32.i32.i32"/></StgValue>
</bind>
</comp>

<comp id="86" class="1001" name="const_86">
<pin_list>
<pin id="87" dir="1" index="0" bw="1" slack="0"/>
</pin_list>
<bind>
<StgValue><ssdm name=""/></StgValue>
</bind>
</comp>

<comp id="88" class="1001" name="const_88">
<pin_list>
<pin id="89" dir="1" index="0" bw="1" slack="0"/>
</pin_list>
<bind>
<StgValue><ssdm name="_ssdm_op_BitConcatenate.i16.i10.i6"/></StgValue>
</bind>
</comp>

<comp id="90" class="1001" name="const_90">
<pin_list>
<pin id="91" dir="1" index="0" bw="1" slack="0"/>
</pin_list>
<bind>
<StgValue><ssdm name=""/></StgValue>
</bind>
</comp>

<comp id="92" class="1001" name="const_92">
<pin_list>
<pin id="93" dir="1" index="0" bw="1" slack="0"/>
</pin_list>
<bind>
<StgValue><ssdm name="_ssdm_op_BitConcatenate.i16.i14.i2"/></StgValue>
</bind>
</comp>

<comp id="94" class="1001" name="const_94">
<pin_list>
<pin id="95" dir="1" index="0" bw="1" slack="0"/>
</pin_list>
<bind>
<StgValue><ssdm name=""/></StgValue>
</bind>
</comp>

<comp id="96" class="1001" name="const_96">
<pin_list>
<pin id="97" dir="1" index="0" bw="1" slack="2147483647"/>
</pin_list>
<bind>
<StgValue><ssdm name="_ssdm_op_SpecLoopName"/></StgValue>
</bind>
</comp>

<comp id="98" class="1001" name="const_98">
<pin_list>
<pin id="99" dir="1" index="0" bw="1" slack="2147483647"/>
</pin_list>
<bind>
<StgValue><ssdm name="p_str10"/></StgValue>
</bind>
</comp>

<comp id="100" class="1001" name="const_100">
<pin_list>
<pin id="101" dir="1" index="0" bw="1" slack="2147483647"/>
</pin_list>
<bind>
<StgValue><ssdm name="_ssdm_op_SpecRegionBegin"/></StgValue>
</bind>
</comp>

<comp id="102" class="1001" name="const_102">
<pin_list>
<pin id="103" dir="1" index="0" bw="1" slack="2147483647"/>
</pin_list>
<bind>
<StgValue><ssdm name="_ssdm_op_SpecLoopTripCount"/></StgValue>
</bind>
</comp>

<comp id="104" class="1001" name="const_104">
<pin_list>
<pin id="105" dir="1" index="0" bw="1" slack="2147483647"/>
</pin_list>
<bind>
<StgValue><ssdm name=""/></StgValue>
</bind>
</comp>

<comp id="106" class="1001" name="const_106">
<pin_list>
<pin id="107" dir="1" index="0" bw="1" slack="2147483647"/>
</pin_list>
<bind>
<StgValue><ssdm name=""/></StgValue>
</bind>
</comp>

<comp id="108" class="1001" name="const_108">
<pin_list>
<pin id="109" dir="1" index="0" bw="1" slack="2147483647"/>
</pin_list>
<bind>
<StgValue><ssdm name="_ssdm_op_SpecPipeline"/></StgValue>
</bind>
</comp>

<comp id="110" class="1001" name="const_110">
<pin_list>
<pin id="111" dir="1" index="0" bw="1" slack="0"/>
</pin_list>
<bind>
<StgValue><ssdm name="_ssdm_op_Mux.ap_auto.4i8.i16"/></StgValue>
</bind>
</comp>

<comp id="112" class="1001" name="const_112">
<pin_list>
<pin id="113" dir="1" index="0" bw="1" slack="0"/>
</pin_list>
<bind>
<StgValue><ssdm name=""/></StgValue>
</bind>
</comp>

<comp id="114" class="1001" name="const_114">
<pin_list>
<pin id="115" dir="1" index="0" bw="1" slack="2147483647"/>
</pin_list>
<bind>
<StgValue><ssdm name=""/></StgValue>
</bind>
</comp>

<comp id="116" class="1001" name="const_116">
<pin_list>
<pin id="117" dir="1" index="0" bw="1" slack="2147483647"/>
</pin_list>
<bind>
<StgValue><ssdm name=""/></StgValue>
</bind>
</comp>

<comp id="118" class="1001" name="const_118">
<pin_list>
<pin id="119" dir="1" index="0" bw="1" slack="2147483647"/>
</pin_list>
<bind>
<StgValue><ssdm name=""/></StgValue>
</bind>
</comp>

<comp id="120" class="1001" name="const_120">
<pin_list>
<pin id="121" dir="1" index="0" bw="1" slack="2147483647"/>
</pin_list>
<bind>
<StgValue><ssdm name="_ssdm_op_SpecRegionEnd"/></StgValue>
</bind>
</comp>

<comp id="122" class="1001" name="const_122">
<pin_list>
<pin id="123" dir="1" index="0" bw="1" slack="0"/>
</pin_list>
<bind>
<StgValue><ssdm name="copyToPS"/></StgValue>
</bind>
</comp>

<comp id="124" class="1004" name="eventSlice_offset_re_read_fu_124">
<pin_list>
<pin id="125" dir="0" index="0" bw="32" slack="0"/>
<pin id="126" dir="0" index="1" bw="32" slack="0"/>
<pin id="127" dir="1" index="2" bw="32" slack="2"/>
</pin_list>
<bind>
<opcode="read(1150) " fcode="read"/>
<opset="eventSlice_offset_re/2 "/>
</bind>
</comp>

<comp id="130" class="1004" name="eventsArraySize_read_read_fu_130">
<pin_list>
<pin id="131" dir="0" index="0" bw="32" slack="0"/>
<pin id="132" dir="0" index="1" bw="32" slack="0"/>
<pin id="133" dir="1" index="2" bw="32" slack="0"/>
</pin_list>
<bind>
<opcode="read(1150) " fcode="read"/>
<opset="eventsArraySize_read/2 "/>
</bind>
</comp>

<comp id="136" class="1004" name="data_read_read_fu_136">
<pin_list>
<pin id="137" dir="0" index="0" bw="32" slack="0"/>
<pin id="138" dir="0" index="1" bw="32" slack="0"/>
<pin id="139" dir="1" index="2" bw="32" slack="0"/>
</pin_list>
<bind>
<opcode="read(1150) " fcode="read"/>
<opset="data_read/4 "/>
</bind>
</comp>

<comp id="142" class="1004" name="glPLSlices_0_addr_gep_fu_142">
<pin_list>
<pin id="143" dir="0" index="0" bw="8" slack="0"/>
<pin id="144" dir="0" index="1" bw="1" slack="0"/>
<pin id="145" dir="0" index="2" bw="16" slack="0"/>
<pin id="146" dir="1" index="3" bw="15" slack="0"/>
</pin_list>
<bind>
<opcode="getelementptr(29) " fcode="getelementptr"/>
<opset="glPLSlices_0_addr/24 "/>
</bind>
</comp>

<comp id="149" class="1004" name="glPLSlices_1_addr_gep_fu_149">
<pin_list>
<pin id="150" dir="0" index="0" bw="8" slack="0"/>
<pin id="151" dir="0" index="1" bw="1" slack="0"/>
<pin id="152" dir="0" index="2" bw="16" slack="0"/>
<pin id="153" dir="1" index="3" bw="15" slack="0"/>
</pin_list>
<bind>
<opcode="getelementptr(29) " fcode="getelementptr"/>
<opset="glPLSlices_1_addr/24 "/>
</bind>
</comp>

<comp id="156" class="1004" name="glPLSlices_2_addr_gep_fu_156">
<pin_list>
<pin id="157" dir="0" index="0" bw="8" slack="0"/>
<pin id="158" dir="0" index="1" bw="1" slack="0"/>
<pin id="159" dir="0" index="2" bw="16" slack="0"/>
<pin id="160" dir="1" index="3" bw="15" slack="0"/>
</pin_list>
<bind>
<opcode="getelementptr(29) " fcode="getelementptr"/>
<opset="glPLSlices_2_addr/24 "/>
</bind>
</comp>

<comp id="163" class="1004" name="glPLSlices_3_addr_gep_fu_163">
<pin_list>
<pin id="164" dir="0" index="0" bw="8" slack="0"/>
<pin id="165" dir="0" index="1" bw="1" slack="0"/>
<pin id="166" dir="0" index="2" bw="16" slack="0"/>
<pin id="167" dir="1" index="3" bw="15" slack="0"/>
</pin_list>
<bind>
<opcode="getelementptr(29) " fcode="getelementptr"/>
<opset="glPLSlices_3_addr/24 "/>
</bind>
</comp>

<comp id="170" class="1004" name="grp_access_fu_170">
<pin_list>
<pin id="171" dir="0" index="0" bw="15" slack="0"/>
<pin id="172" dir="0" index="1" bw="8" slack="0"/>
<pin id="173" dir="1" index="2" bw="8" slack="0"/>
</pin_list>
<bind>
<opcode="load(27) store(28) " fcode="store"/>
<opset="glPLSlices_0_load/24 StgValue_114/25 "/>
</bind>
</comp>

<comp id="175" class="1004" name="grp_access_fu_175">
<pin_list>
<pin id="176" dir="0" index="0" bw="15" slack="0"/>
<pin id="177" dir="0" index="1" bw="8" slack="0"/>
<pin id="178" dir="1" index="2" bw="8" slack="0"/>
</pin_list>
<bind>
<opcode="load(27) store(28) " fcode="store"/>
<opset="glPLSlices_1_load/24 StgValue_112/25 "/>
</bind>
</comp>

<comp id="180" class="1004" name="grp_access_fu_180">
<pin_list>
<pin id="181" dir="0" index="0" bw="15" slack="0"/>
<pin id="182" dir="0" index="1" bw="8" slack="0"/>
<pin id="183" dir="1" index="2" bw="8" slack="0"/>
</pin_list>
<bind>
<opcode="load(27) store(28) " fcode="store"/>
<opset="glPLSlices_2_load/24 StgValue_110/25 "/>
</bind>
</comp>

<comp id="185" class="1004" name="grp_access_fu_185">
<pin_list>
<pin id="186" dir="0" index="0" bw="15" slack="0"/>
<pin id="187" dir="0" index="1" bw="8" slack="0"/>
<pin id="188" dir="1" index="2" bw="8" slack="0"/>
</pin_list>
<bind>
<opcode="load(27) store(28) " fcode="store"/>
<opset="glPLSlices_3_load/24 StgValue_116/25 "/>
</bind>
</comp>

<comp id="190" class="1005" name="i_reg_190">
<pin_list>
<pin id="191" dir="0" index="0" bw="32" slack="1"/>
<pin id="192" dir="1" index="1" bw="32" slack="1"/>
</pin_list>
<bind>
<opset="i (phireg) "/>
</bind>
</comp>

<comp id="194" class="1004" name="i_phi_fu_194">
<pin_list>
<pin id="195" dir="0" index="0" bw="1" slack="1"/>
<pin id="196" dir="0" index="1" bw="0" slack="2147483647"/>
<pin id="197" dir="0" index="2" bw="32" slack="1"/>
<pin id="198" dir="0" index="3" bw="0" slack="2147483647"/>
<pin id="199" dir="1" index="4" bw="32" slack="0"/>
</pin_list>
<bind>
<opcode="phi(47) " fcode="phi"/>
<opset="i/3 "/>
</bind>
</comp>

<comp id="202" class="1004" name="grp_copyToPS_fu_202">
<pin_list>
<pin id="203" dir="0" index="0" bw="0" slack="0"/>
<pin id="204" dir="0" index="1" bw="8" slack="0"/>
<pin id="205" dir="0" index="2" bw="32" slack="2"/>
<pin id="206" dir="0" index="3" bw="8" slack="0"/>
<pin id="207" dir="0" index="4" bw="8" slack="0"/>
<pin id="208" dir="0" index="5" bw="8" slack="0"/>
<pin id="209" dir="0" index="6" bw="8" slack="0"/>
<pin id="210" dir="1" index="7" bw="0" slack="2147483647"/>
</pin_list>
<bind>
<opcode="call(48) " fcode="call"/>
<opset="StgValue_121/26 "/>
</bind>
</comp>

<comp id="217" class="1004" name="grp_resetCurrentSliceHW_fu_217">
<pin_list>
<pin id="218" dir="0" index="0" bw="0" slack="0"/>
<pin id="219" dir="0" index="1" bw="8" slack="0"/>
<pin id="220" dir="0" index="2" bw="8" slack="0"/>
<pin id="221" dir="0" index="3" bw="8" slack="0"/>
<pin id="222" dir="0" index="4" bw="8" slack="0"/>
<pin id="223" dir="1" index="5" bw="0" slack="2147483647"/>
</pin_list>
<bind>
<opcode="call(48) " fcode="call"/>
<opset="StgValue_28/1 "/>
</bind>
</comp>

<comp id="229" class="1004" name="tmp_fu_229">
<pin_list>
<pin id="230" dir="0" index="0" bw="32" slack="0"/>
<pin id="231" dir="0" index="1" bw="1" slack="0"/>
<pin id="232" dir="1" index="2" bw="32" slack="0"/>
</pin_list>
<bind>
<opcode="shl(20) " fcode="shl"/>
<opset="tmp/2 "/>
</bind>
</comp>

<comp id="235" class="1004" name="tmp_3_fu_235">
<pin_list>
<pin id="236" dir="0" index="0" bw="1" slack="0"/>
<pin id="237" dir="0" index="1" bw="32" slack="0"/>
<pin id="238" dir="0" index="2" bw="6" slack="0"/>
<pin id="239" dir="1" index="3" bw="1" slack="0"/>
</pin_list>
<bind>
<opcode="bitselect(1000) " fcode="bitselect"/>
<opset="tmp_3/2 "/>
</bind>
</comp>

<comp id="243" class="1004" name="tmp_op_op9_fu_243">
<pin_list>
<pin id="244" dir="0" index="0" bw="32" slack="0"/>
<pin id="245" dir="0" index="1" bw="1" slack="0"/>
<pin id="246" dir="1" index="2" bw="32" slack="0"/>
</pin_list>
<bind>
<opcode="or(24) " fcode="or"/>
<opset="tmp_op_op9/2 "/>
</bind>
</comp>

<comp id="249" class="1004" name="tmp_4_fu_249">
<pin_list>
<pin id="250" dir="0" index="0" bw="1" slack="0"/>
<pin id="251" dir="0" index="1" bw="32" slack="0"/>
<pin id="252" dir="0" index="2" bw="6" slack="0"/>
<pin id="253" dir="1" index="3" bw="1" slack="0"/>
</pin_list>
<bind>
<opcode="bitselect(1000) " fcode="bitselect"/>
<opset="tmp_4/2 "/>
</bind>
</comp>

<comp id="257" class="1004" name="p_neg_fu_257">
<pin_list>
<pin id="258" dir="0" index="0" bw="32" slack="0"/>
<pin id="259" dir="0" index="1" bw="1" slack="0"/>
<pin id="260" dir="1" index="2" bw="32" slack="0"/>
</pin_list>
<bind>
<opcode="xor(25) " fcode="xor"/>
<opset="p_neg/2 "/>
</bind>
</comp>

<comp id="263" class="1004" name="p_lshr_fu_263">
<pin_list>
<pin id="264" dir="0" index="0" bw="31" slack="0"/>
<pin id="265" dir="0" index="1" bw="32" slack="0"/>
<pin id="266" dir="0" index="2" bw="1" slack="0"/>
<pin id="267" dir="0" index="3" bw="6" slack="0"/>
<pin id="268" dir="1" index="4" bw="31" slack="0"/>
</pin_list>
<bind>
<opcode="partselect(1002) " fcode="partselect"/>
<opset="p_lshr/2 "/>
</bind>
</comp>

<comp id="273" class="1004" name="p_neg_t_fu_273">
<pin_list>
<pin id="274" dir="0" index="0" bw="1" slack="0"/>
<pin id="275" dir="0" index="1" bw="31" slack="0"/>
<pin id="276" dir="1" index="2" bw="31" slack="0"/>
</pin_list>
<bind>
<opcode="sub(10) " fcode="sub"/>
<opset="p_neg_t/2 "/>
</bind>
</comp>

<comp id="279" class="1004" name="tmp_5_fu_279">
<pin_list>
<pin id="280" dir="0" index="0" bw="31" slack="0"/>
<pin id="281" dir="0" index="1" bw="32" slack="0"/>
<pin id="282" dir="0" index="2" bw="1" slack="0"/>
<pin id="283" dir="0" index="3" bw="6" slack="0"/>
<pin id="284" dir="1" index="4" bw="31" slack="0"/>
</pin_list>
<bind>
<opcode="partselect(1002) " fcode="partselect"/>
<opset="tmp_5/2 "/>
</bind>
</comp>

<comp id="289" class="1004" name="tmp_6_fu_289">
<pin_list>
<pin id="290" dir="0" index="0" bw="1" slack="0"/>
<pin id="291" dir="0" index="1" bw="31" slack="0"/>
<pin id="292" dir="0" index="2" bw="31" slack="0"/>
<pin id="293" dir="1" index="3" bw="31" slack="0"/>
</pin_list>
<bind>
<opcode="select(49) " fcode="select"/>
<opset="tmp_6/2 "/>
</bind>
</comp>

<comp id="297" class="1004" name="tmp_7_fu_297">
<pin_list>
<pin id="298" dir="0" index="0" bw="1" slack="0"/>
<pin id="299" dir="0" index="1" bw="1" slack="0"/>
<pin id="300" dir="0" index="2" bw="31" slack="0"/>
<pin id="301" dir="1" index="3" bw="31" slack="0"/>
</pin_list>
<bind>
<opcode="select(49) " fcode="select"/>
<opset="tmp_7/2 "/>
</bind>
</comp>

<comp id="305" class="1004" name="tmp_8_fu_305">
<pin_list>
<pin id="306" dir="0" index="0" bw="32" slack="0"/>
<pin id="307" dir="0" index="1" bw="31" slack="0"/>
<pin id="308" dir="0" index="2" bw="1" slack="0"/>
<pin id="309" dir="1" index="3" bw="32" slack="1"/>
</pin_list>
<bind>
<opcode="bitconcatenate(1004) " fcode="bitconcatenate"/>
<opset="tmp_8/2 "/>
</bind>
</comp>

<comp id="313" class="1004" name="tmp_9_fu_313">
<pin_list>
<pin id="314" dir="0" index="0" bw="32" slack="0"/>
<pin id="315" dir="0" index="1" bw="32" slack="1"/>
<pin id="316" dir="1" index="2" bw="1" slack="1"/>
</pin_list>
<bind>
<opcode="icmp(45) " fcode="icmp"/>
<opset="tmp_9/3 "/>
</bind>
</comp>

<comp id="318" class="1004" name="x_cast_fu_318">
<pin_list>
<pin id="319" dir="0" index="0" bw="15" slack="0"/>
<pin id="320" dir="0" index="1" bw="32" slack="0"/>
<pin id="321" dir="0" index="2" bw="6" slack="0"/>
<pin id="322" dir="0" index="3" bw="6" slack="0"/>
<pin id="323" dir="1" index="4" bw="15" slack="1"/>
</pin_list>
<bind>
<opcode="partselect(1002) " fcode="partselect"/>
<opset="x_cast/4 "/>
</bind>
</comp>

<comp id="328" class="1004" name="tmp_10_fu_328">
<pin_list>
<pin id="329" dir="0" index="0" bw="1" slack="0"/>
<pin id="330" dir="0" index="1" bw="32" slack="0"/>
<pin id="331" dir="0" index="2" bw="1" slack="0"/>
<pin id="332" dir="1" index="3" bw="1" slack="1"/>
</pin_list>
<bind>
<opcode="bitselect(1000) " fcode="bitselect"/>
<opset="tmp_10/4 "/>
</bind>
</comp>

<comp id="336" class="1004" name="tmp_11_fu_336">
<pin_list>
<pin id="337" dir="0" index="0" bw="10" slack="0"/>
<pin id="338" dir="0" index="1" bw="32" slack="0"/>
<pin id="339" dir="0" index="2" bw="3" slack="0"/>
<pin id="340" dir="0" index="3" bw="5" slack="0"/>
<pin id="341" dir="1" index="4" bw="10" slack="20"/>
</pin_list>
<bind>
<opcode="partselect(1002) " fcode="partselect"/>
<opset="tmp_11/4 "/>
</bind>
</comp>

<comp id="346" class="1004" name="tmp_12_fu_346">
<pin_list>
<pin id="347" dir="0" index="0" bw="14" slack="0"/>
<pin id="348" dir="0" index="1" bw="32" slack="0"/>
<pin id="349" dir="0" index="2" bw="3" slack="0"/>
<pin id="350" dir="0" index="3" bw="5" slack="0"/>
<pin id="351" dir="1" index="4" bw="14" slack="20"/>
</pin_list>
<bind>
<opcode="partselect(1002) " fcode="partselect"/>
<opset="tmp_12/4 "/>
</bind>
</comp>

<comp id="356" class="1004" name="i_2_fu_356">
<pin_list>
<pin id="357" dir="0" index="0" bw="32" slack="1"/>
<pin id="358" dir="0" index="1" bw="3" slack="0"/>
<pin id="359" dir="1" index="2" bw="32" slack="1"/>
</pin_list>
<bind>
<opcode="add(8) " fcode="add"/>
<opset="i_2/4 "/>
</bind>
</comp>

<comp id="362" class="1004" name="zext_cast_fu_362">
<pin_list>
<pin id="363" dir="0" index="0" bw="15" slack="1"/>
<pin id="364" dir="1" index="1" bw="32" slack="0"/>
</pin_list>
<bind>
<opcode="zext(34) " fcode="zext"/>
<opset="zext_cast/5 "/>
</bind>
</comp>

<comp id="365" class="1004" name="grp_fu_365">
<pin_list>
<pin id="366" dir="0" index="0" bw="15" slack="1"/>
<pin id="367" dir="0" index="1" bw="7" slack="0"/>
<pin id="368" dir="1" index="2" bw="15" slack="1"/>
</pin_list>
<bind>
<opcode="urem(17) " fcode="urem"/>
<opset="newIndex_i/5 "/>
</bind>
</comp>

<comp id="370" class="1004" name="tmp_13_fu_370">
<pin_list>
<pin id="371" dir="0" index="0" bw="11" slack="0"/>
<pin id="372" dir="0" index="1" bw="32" slack="1"/>
<pin id="373" dir="0" index="2" bw="6" slack="0"/>
<pin id="374" dir="0" index="3" bw="6" slack="0"/>
<pin id="375" dir="1" index="4" bw="11" slack="19"/>
</pin_list>
<bind>
<opcode="partselect(1002) " fcode="partselect"/>
<opset="tmp_13/6 "/>
</bind>
</comp>

<comp id="379" class="1004" name="p_shl_cast_fu_379">
<pin_list>
<pin id="380" dir="0" index="0" bw="16" slack="0"/>
<pin id="381" dir="0" index="1" bw="10" slack="20"/>
<pin id="382" dir="0" index="2" bw="1" slack="0"/>
<pin id="383" dir="1" index="3" bw="16" slack="0"/>
</pin_list>
<bind>
<opcode="bitconcatenate(1004) " fcode="bitconcatenate"/>
<opset="p_shl_cast/24 "/>
</bind>
</comp>

<comp id="386" class="1004" name="p_shl3_cast_fu_386">
<pin_list>
<pin id="387" dir="0" index="0" bw="16" slack="0"/>
<pin id="388" dir="0" index="1" bw="14" slack="20"/>
<pin id="389" dir="0" index="2" bw="1" slack="0"/>
<pin id="390" dir="1" index="3" bw="16" slack="0"/>
</pin_list>
<bind>
<opcode="bitconcatenate(1004) " fcode="bitconcatenate"/>
<opset="p_shl3_cast/24 "/>
</bind>
</comp>

<comp id="393" class="1004" name="tmp_s_fu_393">
<pin_list>
<pin id="394" dir="0" index="0" bw="16" slack="0"/>
<pin id="395" dir="0" index="1" bw="16" slack="0"/>
<pin id="396" dir="1" index="2" bw="16" slack="0"/>
</pin_list>
<bind>
<opcode="sub(10) " fcode="sub"/>
<opset="tmp_s/24 "/>
</bind>
</comp>

<comp id="399" class="1004" name="newIndex1_i_cast_fu_399">
<pin_list>
<pin id="400" dir="0" index="0" bw="7" slack="1"/>
<pin id="401" dir="1" index="1" bw="16" slack="0"/>
</pin_list>
<bind>
<opcode="zext(34) " fcode="zext"/>
<opset="newIndex1_i_cast/24 "/>
</bind>
</comp>

<comp id="402" class="1004" name="tmp_62_fu_402">
<pin_list>
<pin id="403" dir="0" index="0" bw="7" slack="0"/>
<pin id="404" dir="0" index="1" bw="16" slack="0"/>
<pin id="405" dir="1" index="2" bw="16" slack="0"/>
</pin_list>
<bind>
<opcode="add(8) " fcode="add"/>
<opset="tmp_62/24 "/>
</bind>
</comp>

<comp id="408" class="1004" name="tmp_69_cast_fu_408">
<pin_list>
<pin id="409" dir="0" index="0" bw="16" slack="0"/>
<pin id="410" dir="1" index="1" bw="32" slack="0"/>
</pin_list>
<bind>
<opcode="sext(35) " fcode="sext"/>
<opset="tmp_69_cast/24 "/>
</bind>
</comp>

<comp id="416" class="1004" name="arrayNo_i_fu_416">
<pin_list>
<pin id="417" dir="0" index="0" bw="11" slack="19"/>
<pin id="418" dir="1" index="1" bw="15" slack="0"/>
</pin_list>
<bind>
<opcode="sext(35) " fcode="sext"/>
<opset="arrayNo_i/25 "/>
</bind>
</comp>

<comp id="419" class="1004" name="arrayNo_i_cast_fu_419">
<pin_list>
<pin id="420" dir="0" index="0" bw="11" slack="0"/>
<pin id="421" dir="1" index="1" bw="16" slack="0"/>
</pin_list>
<bind>
<opcode="zext(34) " fcode="zext"/>
<opset="arrayNo_i_cast/25 "/>
</bind>
</comp>

<comp id="423" class="1004" name="tmp_1_fu_423">
<pin_list>
<pin id="424" dir="0" index="0" bw="8" slack="0"/>
<pin id="425" dir="0" index="1" bw="8" slack="0"/>
<pin id="426" dir="0" index="2" bw="8" slack="0"/>
<pin id="427" dir="0" index="3" bw="8" slack="0"/>
<pin id="428" dir="0" index="4" bw="8" slack="0"/>
<pin id="429" dir="0" index="5" bw="15" slack="0"/>
<pin id="430" dir="1" index="6" bw="8" slack="0"/>
</pin_list>
<bind>
<opcode="mux(1196) " fcode="mux"/>
<opset="tmp_1/25 "/>
</bind>
</comp>

<comp id="437" class="1004" name="tmp_3_i_fu_437">
<pin_list>
<pin id="438" dir="0" index="0" bw="8" slack="0"/>
<pin id="439" dir="0" index="1" bw="1" slack="0"/>
<pin id="440" dir="1" index="2" bw="8" slack="0"/>
</pin_list>
<bind>
<opcode="add(8) " fcode="add"/>
<opset="tmp_3_i/25 "/>
</bind>
</comp>

<comp id="447" class="1007" name="mul_fu_447">
<pin_list>
<pin id="448" dir="0" index="0" bw="15" slack="0"/>
<pin id="449" dir="0" index="1" bw="32" slack="0"/>
<pin id="450" dir="1" index="2" bw="32" slack="1"/>
</pin_list>
<bind>
<opcode="mul(12) " fcode="mul"/>
<opset="mul/5 "/>
</bind>
</comp>

<comp id="453" class="1005" name="eventSlice_offset_re_reg_453">
<pin_list>
<pin id="454" dir="0" index="0" bw="32" slack="2"/>
<pin id="455" dir="1" index="1" bw="32" slack="2"/>
</pin_list>
<bind>
<opset="eventSlice_offset_re "/>
</bind>
</comp>

<comp id="458" class="1005" name="tmp_8_reg_458">
<pin_list>
<pin id="459" dir="0" index="0" bw="32" slack="1"/>
<pin id="460" dir="1" index="1" bw="32" slack="1"/>
</pin_list>
<bind>
<opset="tmp_8 "/>
</bind>
</comp>

<comp id="463" class="1005" name="tmp_9_reg_463">
<pin_list>
<pin id="464" dir="0" index="0" bw="1" slack="1"/>
<pin id="465" dir="1" index="1" bw="1" slack="2147483647"/>
</pin_list>
<bind>
<opset="tmp_9 "/>
</bind>
</comp>

<comp id="467" class="1005" name="x_cast_reg_467">
<pin_list>
<pin id="468" dir="0" index="0" bw="15" slack="1"/>
<pin id="469" dir="1" index="1" bw="15" slack="1"/>
</pin_list>
<bind>
<opset="x_cast "/>
</bind>
</comp>

<comp id="473" class="1005" name="tmp_10_reg_473">
<pin_list>
<pin id="474" dir="0" index="0" bw="1" slack="1"/>
<pin id="475" dir="1" index="1" bw="1" slack="2147483647"/>
</pin_list>
<bind>
<opset="tmp_10 "/>
</bind>
</comp>

<comp id="477" class="1005" name="tmp_11_reg_477">
<pin_list>
<pin id="478" dir="0" index="0" bw="10" slack="20"/>
<pin id="479" dir="1" index="1" bw="10" slack="20"/>
</pin_list>
<bind>
<opset="tmp_11 "/>
</bind>
</comp>

<comp id="482" class="1005" name="tmp_12_reg_482">
<pin_list>
<pin id="483" dir="0" index="0" bw="14" slack="20"/>
<pin id="484" dir="1" index="1" bw="14" slack="20"/>
</pin_list>
<bind>
<opset="tmp_12 "/>
</bind>
</comp>

<comp id="487" class="1005" name="i_2_reg_487">
<pin_list>
<pin id="488" dir="0" index="0" bw="32" slack="1"/>
<pin id="489" dir="1" index="1" bw="32" slack="1"/>
</pin_list>
<bind>
<opset="i_2 "/>
</bind>
</comp>

<comp id="492" class="1005" name="mul_reg_492">
<pin_list>
<pin id="493" dir="0" index="0" bw="32" slack="1"/>
<pin id="494" dir="1" index="1" bw="32" slack="1"/>
</pin_list>
<bind>
<opset="mul "/>
</bind>
</comp>

<comp id="497" class="1005" name="tmp_13_reg_497">
<pin_list>
<pin id="498" dir="0" index="0" bw="11" slack="19"/>
<pin id="499" dir="1" index="1" bw="11" slack="19"/>
</pin_list>
<bind>
<opset="tmp_13 "/>
</bind>
</comp>

<comp id="502" class="1005" name="newIndex_i_reg_502">
<pin_list>
<pin id="503" dir="0" index="0" bw="15" slack="1"/>
<pin id="504" dir="1" index="1" bw="15" slack="1"/>
</pin_list>
<bind>
<opset="newIndex_i "/>
</bind>
</comp>

<comp id="507" class="1005" name="glPLSlices_0_addr_reg_507">
<pin_list>
<pin id="508" dir="0" index="0" bw="15" slack="1"/>
<pin id="509" dir="1" index="1" bw="15" slack="1"/>
</pin_list>
<bind>
<opset="glPLSlices_0_addr "/>
</bind>
</comp>

<comp id="512" class="1005" name="glPLSlices_1_addr_reg_512">
<pin_list>
<pin id="513" dir="0" index="0" bw="15" slack="1"/>
<pin id="514" dir="1" index="1" bw="15" slack="1"/>
</pin_list>
<bind>
<opset="glPLSlices_1_addr "/>
</bind>
</comp>

<comp id="517" class="1005" name="glPLSlices_2_addr_reg_517">
<pin_list>
<pin id="518" dir="0" index="0" bw="15" slack="1"/>
<pin id="519" dir="1" index="1" bw="15" slack="1"/>
</pin_list>
<bind>
<opset="glPLSlices_2_addr "/>
</bind>
</comp>

<comp id="522" class="1005" name="glPLSlices_3_addr_reg_522">
<pin_list>
<pin id="523" dir="0" index="0" bw="15" slack="1"/>
<pin id="524" dir="1" index="1" bw="15" slack="1"/>
</pin_list>
<bind>
<opset="glPLSlices_3_addr "/>
</bind>
</comp>

</comp_list>

<net_list>
<net id="128"><net_src comp="24" pin="0"/><net_sink comp="124" pin=0"/></net>

<net id="129"><net_src comp="6" pin="0"/><net_sink comp="124" pin=1"/></net>

<net id="134"><net_src comp="24" pin="0"/><net_sink comp="130" pin=0"/></net>

<net id="135"><net_src comp="4" pin="0"/><net_sink comp="130" pin=1"/></net>

<net id="140"><net_src comp="64" pin="0"/><net_sink comp="136" pin=0"/></net>

<net id="141"><net_src comp="2" pin="0"/><net_sink comp="136" pin=1"/></net>

<net id="147"><net_src comp="8" pin="0"/><net_sink comp="142" pin=0"/></net>

<net id="148"><net_src comp="30" pin="0"/><net_sink comp="142" pin=1"/></net>

<net id="154"><net_src comp="10" pin="0"/><net_sink comp="149" pin=0"/></net>

<net id="155"><net_src comp="30" pin="0"/><net_sink comp="149" pin=1"/></net>

<net id="161"><net_src comp="12" pin="0"/><net_sink comp="156" pin=0"/></net>

<net id="162"><net_src comp="30" pin="0"/><net_sink comp="156" pin=1"/></net>

<net id="168"><net_src comp="14" pin="0"/><net_sink comp="163" pin=0"/></net>

<net id="169"><net_src comp="30" pin="0"/><net_sink comp="163" pin=1"/></net>

<net id="174"><net_src comp="142" pin="3"/><net_sink comp="170" pin=0"/></net>

<net id="179"><net_src comp="149" pin="3"/><net_sink comp="175" pin=0"/></net>

<net id="184"><net_src comp="156" pin="3"/><net_sink comp="180" pin=0"/></net>

<net id="189"><net_src comp="163" pin="3"/><net_sink comp="185" pin=0"/></net>

<net id="193"><net_src comp="30" pin="0"/><net_sink comp="190" pin=0"/></net>

<net id="200"><net_src comp="190" pin="1"/><net_sink comp="194" pin=0"/></net>

<net id="201"><net_src comp="194" pin="4"/><net_sink comp="190" pin=0"/></net>

<net id="211"><net_src comp="122" pin="0"/><net_sink comp="202" pin=0"/></net>

<net id="212"><net_src comp="0" pin="0"/><net_sink comp="202" pin=1"/></net>

<net id="213"><net_src comp="8" pin="0"/><net_sink comp="202" pin=3"/></net>

<net id="214"><net_src comp="10" pin="0"/><net_sink comp="202" pin=4"/></net>

<net id="215"><net_src comp="12" pin="0"/><net_sink comp="202" pin=5"/></net>

<net id="216"><net_src comp="14" pin="0"/><net_sink comp="202" pin=6"/></net>

<net id="224"><net_src comp="16" pin="0"/><net_sink comp="217" pin=0"/></net>

<net id="225"><net_src comp="8" pin="0"/><net_sink comp="217" pin=1"/></net>

<net id="226"><net_src comp="10" pin="0"/><net_sink comp="217" pin=2"/></net>

<net id="227"><net_src comp="12" pin="0"/><net_sink comp="217" pin=3"/></net>

<net id="228"><net_src comp="14" pin="0"/><net_sink comp="217" pin=4"/></net>

<net id="233"><net_src comp="130" pin="2"/><net_sink comp="229" pin=0"/></net>

<net id="234"><net_src comp="36" pin="0"/><net_sink comp="229" pin=1"/></net>

<net id="240"><net_src comp="48" pin="0"/><net_sink comp="235" pin=0"/></net>

<net id="241"><net_src comp="130" pin="2"/><net_sink comp="235" pin=1"/></net>

<net id="242"><net_src comp="50" pin="0"/><net_sink comp="235" pin=2"/></net>

<net id="247"><net_src comp="229" pin="2"/><net_sink comp="243" pin=0"/></net>

<net id="248"><net_src comp="36" pin="0"/><net_sink comp="243" pin=1"/></net>

<net id="254"><net_src comp="48" pin="0"/><net_sink comp="249" pin=0"/></net>

<net id="255"><net_src comp="243" pin="2"/><net_sink comp="249" pin=1"/></net>

<net id="256"><net_src comp="52" pin="0"/><net_sink comp="249" pin=2"/></net>

<net id="261"><net_src comp="229" pin="2"/><net_sink comp="257" pin=0"/></net>

<net id="262"><net_src comp="54" pin="0"/><net_sink comp="257" pin=1"/></net>

<net id="269"><net_src comp="56" pin="0"/><net_sink comp="263" pin=0"/></net>

<net id="270"><net_src comp="257" pin="2"/><net_sink comp="263" pin=1"/></net>

<net id="271"><net_src comp="36" pin="0"/><net_sink comp="263" pin=2"/></net>

<net id="272"><net_src comp="52" pin="0"/><net_sink comp="263" pin=3"/></net>

<net id="277"><net_src comp="58" pin="0"/><net_sink comp="273" pin=0"/></net>

<net id="278"><net_src comp="263" pin="4"/><net_sink comp="273" pin=1"/></net>

<net id="285"><net_src comp="56" pin="0"/><net_sink comp="279" pin=0"/></net>

<net id="286"><net_src comp="243" pin="2"/><net_sink comp="279" pin=1"/></net>

<net id="287"><net_src comp="36" pin="0"/><net_sink comp="279" pin=2"/></net>

<net id="288"><net_src comp="52" pin="0"/><net_sink comp="279" pin=3"/></net>

<net id="294"><net_src comp="249" pin="3"/><net_sink comp="289" pin=0"/></net>

<net id="295"><net_src comp="273" pin="2"/><net_sink comp="289" pin=1"/></net>

<net id="296"><net_src comp="279" pin="4"/><net_sink comp="289" pin=2"/></net>

<net id="302"><net_src comp="235" pin="3"/><net_sink comp="297" pin=0"/></net>

<net id="303"><net_src comp="58" pin="0"/><net_sink comp="297" pin=1"/></net>

<net id="304"><net_src comp="289" pin="3"/><net_sink comp="297" pin=2"/></net>

<net id="310"><net_src comp="60" pin="0"/><net_sink comp="305" pin=0"/></net>

<net id="311"><net_src comp="297" pin="3"/><net_sink comp="305" pin=1"/></net>

<net id="312"><net_src comp="62" pin="0"/><net_sink comp="305" pin=2"/></net>

<net id="317"><net_src comp="194" pin="4"/><net_sink comp="313" pin=0"/></net>

<net id="324"><net_src comp="66" pin="0"/><net_sink comp="318" pin=0"/></net>

<net id="325"><net_src comp="136" pin="2"/><net_sink comp="318" pin=1"/></net>

<net id="326"><net_src comp="68" pin="0"/><net_sink comp="318" pin=2"/></net>

<net id="327"><net_src comp="52" pin="0"/><net_sink comp="318" pin=3"/></net>

<net id="333"><net_src comp="48" pin="0"/><net_sink comp="328" pin=0"/></net>

<net id="334"><net_src comp="136" pin="2"/><net_sink comp="328" pin=1"/></net>

<net id="335"><net_src comp="36" pin="0"/><net_sink comp="328" pin=2"/></net>

<net id="342"><net_src comp="70" pin="0"/><net_sink comp="336" pin=0"/></net>

<net id="343"><net_src comp="136" pin="2"/><net_sink comp="336" pin=1"/></net>

<net id="344"><net_src comp="72" pin="0"/><net_sink comp="336" pin=2"/></net>

<net id="345"><net_src comp="74" pin="0"/><net_sink comp="336" pin=3"/></net>

<net id="352"><net_src comp="76" pin="0"/><net_sink comp="346" pin=0"/></net>

<net id="353"><net_src comp="136" pin="2"/><net_sink comp="346" pin=1"/></net>

<net id="354"><net_src comp="72" pin="0"/><net_sink comp="346" pin=2"/></net>

<net id="355"><net_src comp="78" pin="0"/><net_sink comp="346" pin=3"/></net>

<net id="360"><net_src comp="190" pin="1"/><net_sink comp="356" pin=0"/></net>

<net id="361"><net_src comp="72" pin="0"/><net_sink comp="356" pin=1"/></net>

<net id="369"><net_src comp="82" pin="0"/><net_sink comp="365" pin=1"/></net>

<net id="376"><net_src comp="84" pin="0"/><net_sink comp="370" pin=0"/></net>

<net id="377"><net_src comp="86" pin="0"/><net_sink comp="370" pin=2"/></net>

<net id="378"><net_src comp="52" pin="0"/><net_sink comp="370" pin=3"/></net>

<net id="384"><net_src comp="88" pin="0"/><net_sink comp="379" pin=0"/></net>

<net id="385"><net_src comp="90" pin="0"/><net_sink comp="379" pin=2"/></net>

<net id="391"><net_src comp="92" pin="0"/><net_sink comp="386" pin=0"/></net>

<net id="392"><net_src comp="94" pin="0"/><net_sink comp="386" pin=2"/></net>

<net id="397"><net_src comp="379" pin="3"/><net_sink comp="393" pin=0"/></net>

<net id="398"><net_src comp="386" pin="3"/><net_sink comp="393" pin=1"/></net>

<net id="406"><net_src comp="399" pin="1"/><net_sink comp="402" pin=0"/></net>

<net id="407"><net_src comp="393" pin="2"/><net_sink comp="402" pin=1"/></net>

<net id="411"><net_src comp="402" pin="2"/><net_sink comp="408" pin=0"/></net>

<net id="412"><net_src comp="408" pin="1"/><net_sink comp="142" pin=2"/></net>

<net id="413"><net_src comp="408" pin="1"/><net_sink comp="149" pin=2"/></net>

<net id="414"><net_src comp="408" pin="1"/><net_sink comp="156" pin=2"/></net>

<net id="415"><net_src comp="408" pin="1"/><net_sink comp="163" pin=2"/></net>

<net id="422"><net_src comp="416" pin="1"/><net_sink comp="419" pin=0"/></net>

<net id="431"><net_src comp="110" pin="0"/><net_sink comp="423" pin=0"/></net>

<net id="432"><net_src comp="170" pin="2"/><net_sink comp="423" pin=1"/></net>

<net id="433"><net_src comp="175" pin="2"/><net_sink comp="423" pin=2"/></net>

<net id="434"><net_src comp="180" pin="2"/><net_sink comp="423" pin=3"/></net>

<net id="435"><net_src comp="185" pin="2"/><net_sink comp="423" pin=4"/></net>

<net id="436"><net_src comp="419" pin="1"/><net_sink comp="423" pin=5"/></net>

<net id="441"><net_src comp="423" pin="6"/><net_sink comp="437" pin=0"/></net>

<net id="442"><net_src comp="112" pin="0"/><net_sink comp="437" pin=1"/></net>

<net id="443"><net_src comp="437" pin="2"/><net_sink comp="180" pin=1"/></net>

<net id="444"><net_src comp="437" pin="2"/><net_sink comp="175" pin=1"/></net>

<net id="445"><net_src comp="437" pin="2"/><net_sink comp="170" pin=1"/></net>

<net id="446"><net_src comp="437" pin="2"/><net_sink comp="185" pin=1"/></net>

<net id="451"><net_src comp="362" pin="1"/><net_sink comp="447" pin=0"/></net>

<net id="452"><net_src comp="80" pin="0"/><net_sink comp="447" pin=1"/></net>

<net id="456"><net_src comp="124" pin="2"/><net_sink comp="453" pin=0"/></net>

<net id="457"><net_src comp="453" pin="1"/><net_sink comp="202" pin=2"/></net>

<net id="461"><net_src comp="305" pin="3"/><net_sink comp="458" pin=0"/></net>

<net id="462"><net_src comp="458" pin="1"/><net_sink comp="313" pin=1"/></net>

<net id="466"><net_src comp="313" pin="2"/><net_sink comp="463" pin=0"/></net>

<net id="470"><net_src comp="318" pin="4"/><net_sink comp="467" pin=0"/></net>

<net id="471"><net_src comp="467" pin="1"/><net_sink comp="362" pin=0"/></net>

<net id="472"><net_src comp="467" pin="1"/><net_sink comp="365" pin=0"/></net>

<net id="476"><net_src comp="328" pin="3"/><net_sink comp="473" pin=0"/></net>

<net id="480"><net_src comp="336" pin="4"/><net_sink comp="477" pin=0"/></net>

<net id="481"><net_src comp="477" pin="1"/><net_sink comp="379" pin=1"/></net>

<net id="485"><net_src comp="346" pin="4"/><net_sink comp="482" pin=0"/></net>

<net id="486"><net_src comp="482" pin="1"/><net_sink comp="386" pin=1"/></net>

<net id="490"><net_src comp="356" pin="2"/><net_sink comp="487" pin=0"/></net>

<net id="491"><net_src comp="487" pin="1"/><net_sink comp="194" pin=2"/></net>

<net id="495"><net_src comp="447" pin="2"/><net_sink comp="492" pin=0"/></net>

<net id="496"><net_src comp="492" pin="1"/><net_sink comp="370" pin=1"/></net>

<net id="500"><net_src comp="370" pin="4"/><net_sink comp="497" pin=0"/></net>

<net id="501"><net_src comp="497" pin="1"/><net_sink comp="416" pin=0"/></net>

<net id="505"><net_src comp="365" pin="2"/><net_sink comp="502" pin=0"/></net>

<net id="506"><net_src comp="502" pin="1"/><net_sink comp="399" pin=0"/></net>

<net id="510"><net_src comp="142" pin="3"/><net_sink comp="507" pin=0"/></net>

<net id="511"><net_src comp="507" pin="1"/><net_sink comp="170" pin=0"/></net>

<net id="515"><net_src comp="149" pin="3"/><net_sink comp="512" pin=0"/></net>

<net id="516"><net_src comp="512" pin="1"/><net_sink comp="175" pin=0"/></net>

<net id="520"><net_src comp="156" pin="3"/><net_sink comp="517" pin=0"/></net>

<net id="521"><net_src comp="517" pin="1"/><net_sink comp="180" pin=0"/></net>

<net id="525"><net_src comp="163" pin="3"/><net_sink comp="522" pin=0"/></net>

<net id="526"><net_src comp="522" pin="1"/><net_sink comp="185" pin=0"/></net>

</net_list>

</model> 
---------------- Datapath Model END ------------------

* FSMD analyzer results:
  - Output states:
	Port: eventSlice | {26 27 }
	Port: glPLSlices_0 | {1 2 25 }
	Port: glPLSlices_1 | {1 2 25 }
	Port: glPLSlices_2 | {1 2 25 }
	Port: glPLSlices_3 | {1 2 25 }
 - Input state : 
	Port: parseEvents : data | {4 }
	Port: parseEvents : eventsArraySize | {2 }
	Port: parseEvents : eventSlice_offset | {2 }
	Port: parseEvents : glPLSlices_0 | {24 25 26 27 }
	Port: parseEvents : glPLSlices_1 | {24 25 26 27 }
	Port: parseEvents : glPLSlices_2 | {24 25 26 27 }
	Port: parseEvents : glPLSlices_3 | {24 25 26 27 }
  - Chain level:
	State 1
	State 2
		p_neg_t : 1
		tmp_6 : 2
		tmp_7 : 3
		tmp_8 : 4
	State 3
		tmp_9 : 1
		StgValue_53 : 2
	State 4
		StgValue_57 : 1
	State 5
		mul : 1
	State 6
	State 7
	State 8
	State 9
	State 10
	State 11
	State 12
	State 13
	State 14
	State 15
	State 16
	State 17
	State 18
	State 19
	State 20
	State 21
	State 22
	State 23
	State 24
		tmp_s : 1
		tmp_62 : 2
		tmp_69_cast : 3
		glPLSlices_0_addr : 4
		glPLSlices_1_addr : 4
		glPLSlices_2_addr : 4
		glPLSlices_3_addr : 4
		glPLSlices_0_load : 5
		glPLSlices_1_load : 5
		glPLSlices_2_load : 5
		glPLSlices_3_load : 5
	State 25
		arrayNo_i_cast : 1
		tmp_1 : 2
		tmp_3_i : 3
		StgValue_109 : 1
		StgValue_110 : 4
		StgValue_112 : 4
		StgValue_114 : 4
		StgValue_116 : 4
		empty : 1
	State 26
	State 27


============================================================
+ Verbose Summary: Datapath Resource usage 
============================================================

* Functional unit list:
|----------|----------------------------------|---------|---------|---------|---------|
| Operation|          Functional Unit         |  DSP48E |  Delay  |    FF   |   LUT   |
|----------|----------------------------------|---------|---------|---------|---------|
|   call   |        grp_copyToPS_fu_202       |    0    |  12.383 |   1660  |   1499  |
|          |  grp_resetCurrentSliceHW_fu_217  |    0    |  21.344 |    47   |   2317  |
|----------|----------------------------------|---------|---------|---------|---------|
|   urem   |            grp_fu_365            |    0    |    0    |   577   |   439   |
|----------|----------------------------------|---------|---------|---------|---------|
|          |            i_2_fu_356            |    0    |    0    |    0    |    39   |
|    add   |           tmp_62_fu_402          |    0    |    0    |    0    |    16   |
|          |          tmp_3_i_fu_437          |    0    |    0    |    0    |    15   |
|----------|----------------------------------|---------|---------|---------|---------|
|  select  |           tmp_6_fu_289           |    0    |    0    |    0    |    31   |
|          |           tmp_7_fu_297           |    0    |    0    |    0    |    31   |
|----------|----------------------------------|---------|---------|---------|---------|
|    sub   |          p_neg_t_fu_273          |    0    |    0    |    0    |    38   |
|          |           tmp_s_fu_393           |    0    |    0    |    0    |    16   |
|----------|----------------------------------|---------|---------|---------|---------|
|    xor   |           p_neg_fu_257           |    0    |    0    |    0    |    32   |
|----------|----------------------------------|---------|---------|---------|---------|
|    mux   |           tmp_1_fu_423           |    0    |    0    |    0    |    21   |
|----------|----------------------------------|---------|---------|---------|---------|
|   icmp   |           tmp_9_fu_313           |    0    |    0    |    0    |    18   |
|----------|----------------------------------|---------|---------|---------|---------|
|    mul   |            mul_fu_447            |    1    |    0    |    0    |    0    |
|----------|----------------------------------|---------|---------|---------|---------|
|          | eventSlice_offset_re_read_fu_124 |    0    |    0    |    0    |    0    |
|   read   | eventsArraySize_read_read_fu_130 |    0    |    0    |    0    |    0    |
|          |       data_read_read_fu_136      |    0    |    0    |    0    |    0    |
|----------|----------------------------------|---------|---------|---------|---------|
|    shl   |            tmp_fu_229            |    0    |    0    |    0    |    0    |
|----------|----------------------------------|---------|---------|---------|---------|
|          |           tmp_3_fu_235           |    0    |    0    |    0    |    0    |
| bitselect|           tmp_4_fu_249           |    0    |    0    |    0    |    0    |
|          |           tmp_10_fu_328          |    0    |    0    |    0    |    0    |
|----------|----------------------------------|---------|---------|---------|---------|
|    or    |         tmp_op_op9_fu_243        |    0    |    0    |    0    |    0    |
|----------|----------------------------------|---------|---------|---------|---------|
|          |           p_lshr_fu_263          |    0    |    0    |    0    |    0    |
|          |           tmp_5_fu_279           |    0    |    0    |    0    |    0    |
|partselect|           x_cast_fu_318          |    0    |    0    |    0    |    0    |
|          |           tmp_11_fu_336          |    0    |    0    |    0    |    0    |
|          |           tmp_12_fu_346          |    0    |    0    |    0    |    0    |
|          |           tmp_13_fu_370          |    0    |    0    |    0    |    0    |
|----------|----------------------------------|---------|---------|---------|---------|
|          |           tmp_8_fu_305           |    0    |    0    |    0    |    0    |
|bitconcatenate|         p_shl_cast_fu_379        |    0    |    0    |    0    |    0    |
|          |        p_shl3_cast_fu_386        |    0    |    0    |    0    |    0    |
|----------|----------------------------------|---------|---------|---------|---------|
|          |         zext_cast_fu_362         |    0    |    0    |    0    |    0    |
|   zext   |      newIndex1_i_cast_fu_399     |    0    |    0    |    0    |    0    |
|          |       arrayNo_i_cast_fu_419      |    0    |    0    |    0    |    0    |
|----------|----------------------------------|---------|---------|---------|---------|
|   sext   |        tmp_69_cast_fu_408        |    0    |    0    |    0    |    0    |
|          |         arrayNo_i_fu_416         |    0    |    0    |    0    |    0    |
|----------|----------------------------------|---------|---------|---------|---------|
|   Total  |                                  |    1    |  33.727 |   2284  |   4512  |
|----------|----------------------------------|---------|---------|---------|---------|

Memories:
+------------+--------+--------+--------+
|            |  BRAM  |   FF   |   LUT  |
+------------+--------+--------+--------+
|glPLSlices_0|   16   |    0   |    0   |
|glPLSlices_1|   16   |    0   |    0   |
|glPLSlices_2|   16   |    0   |    0   |
|glPLSlices_3|   16   |    0   |    0   |
+------------+--------+--------+--------+
|    Total   |   64   |    0   |    0   |
+------------+--------+--------+--------+

* Register list:
+----------------------------+--------+
|                            |   FF   |
+----------------------------+--------+
|eventSlice_offset_re_reg_453|   32   |
|  glPLSlices_0_addr_reg_507 |   15   |
|  glPLSlices_1_addr_reg_512 |   15   |
|  glPLSlices_2_addr_reg_517 |   15   |
|  glPLSlices_3_addr_reg_522 |   15   |
|         i_2_reg_487        |   32   |
|          i_reg_190         |   32   |
|         mul_reg_492        |   32   |
|     newIndex_i_reg_502     |   15   |
|       tmp_10_reg_473       |    1   |
|       tmp_11_reg_477       |   10   |
|       tmp_12_reg_482       |   14   |
|       tmp_13_reg_497       |   11   |
|        tmp_8_reg_458       |   32   |
|        tmp_9_reg_463       |    1   |
|       x_cast_reg_467       |   15   |
+----------------------------+--------+
|            Total           |   287  |
+----------------------------+--------+

* Multiplexer (MUX) list: 
|-------------------|------|------|------|--------||---------||---------|
|        Comp       |  Pin | Size |  BW  | S x BW ||  Delay  ||   LUT   |
|-------------------|------|------|------|--------||---------||---------|
| grp_access_fu_170 |  p0  |   2  |  15  |   30   ||    9    |
| grp_access_fu_175 |  p0  |   2  |  15  |   30   ||    9    |
| grp_access_fu_180 |  p0  |   2  |  15  |   30   ||    9    |
| grp_access_fu_185 |  p0  |   2  |  15  |   30   ||    9    |
|     i_reg_190     |  p0  |   2  |  32  |   64   ||    9    |
|-------------------|------|------|------|--------||---------||---------|
|       Total       |      |      |      |   184  ||  8.845  ||    45   |
|-------------------|------|------|------|--------||---------||---------|



* Summary:
+-----------+--------+--------+--------+--------+--------+
|           |  BRAM  | DSP48E |  Delay |   FF   |   LUT  |
+-----------+--------+--------+--------+--------+--------+
|  Function |    -   |    1   |   33   |  2284  |  4512  |
|   Memory  |   64   |    -   |    -   |    0   |    0   |
|Multiplexer|    -   |    -   |    8   |    -   |   45   |
|  Register |    -   |    -   |    -   |   287  |    -   |
+-----------+--------+--------+--------+--------+--------+
|   Total   |   64   |    1   |   42   |  2571  |  4557  |
+-----------+--------+--------+--------+--------+--------+
